29
68
4 0 23 (-192.000000 -192.000000 704.000000) (-192.000000 -192.000000 696.000000) (576.000000 -192.000000 696.000000) (576.000000 -192.000000 704.000000) 
4 0 18 (-192.000000 -192.000000 696.000000) (-192.000000 -192.000000 704.000000) (-192.000000 320.000000 704.000000) (-192.000000 320.000000 696.000000) 
4 0 2 (-192.000000 298.636000 696.000000) (-192.000000 320.000000 696.000000) (559.278000 320.000000 696.000000) (559.278000 298.636000 696.000000) 
4 0 1 (576.000000 -192.000000 696.000000) (559.278000 -192.000000 696.000000) (559.278000 320.000000 696.000000) (576.000000 320.000000 696.000000) 
4 1 24 (559.278000 -192.000000 192.000000) (576.000000 -192.000000 192.000000) (576.000000 -192.000000 696.000000) (559.278000 -192.000000 696.000000) 
4 1 12 (576.000000 -192.000000 192.000000) (559.278000 -192.000000 192.000000) (559.278000 320.000000 192.000000) (576.000000 320.000000 192.000000) 
4 1 2 (559.278000 320.000000 696.000000) (559.278000 320.000000 192.000000) (559.278000 298.636000 192.000000) (559.278000 298.636000 696.000000) 
4 2 19 (-192.000000 320.000000 192.000000) (-192.000000 298.636000 192.000000) (-192.000000 298.636000 696.000000) (-192.000000 320.000000 696.000000) 
4 2 13 (-192.000000 298.636000 192.000000) (-192.000000 320.000000 192.000000) (559.278000 320.000000 192.000000) (559.278000 298.636000 192.000000) 
4 3 20 (-192.000000 298.636000 192.000000) (-192.000000 192.000000 192.000000) (-192.000000 192.000000 696.000000) (-192.000000 298.636000 696.000000) 
4 3 15 (-192.000000 192.000000 192.000000) (-192.000000 298.636000 192.000000) (192.000000 298.636000 192.000000) (192.000000 192.000000 192.000000) 
4 3 14 (192.000000 298.636000 192.000000) (559.278000 298.636000 192.000000) (559.278000 192.000000 192.000000) (192.000000 192.000000 192.000000) 
4 3 5 (192.000000 192.000000 384.000000) (192.000000 192.000000 696.000000) (-64.000000 192.000000 696.000000) (-64.000000 192.000000 384.000000) 
4 3 7 (-192.000000 192.000000 192.000000) (-64.000000 192.000000 192.000000) (-64.000000 192.000000 696.000000) (-192.000000 192.000000 696.000000) 
4 3 4 (192.000000 192.000000 192.000000) (559.278000 192.000000 192.000000) (559.278000 192.000000 696.000000) (192.000000 192.000000 696.000000) 
4 4 25 (192.000000 -192.000000 192.000000) (559.278000 -192.000000 192.000000) (559.278000 -192.000000 696.000000) (192.000000 -192.000000 696.000000) 
4 4 14 (559.278000 -192.000000 192.000000) (192.000000 -192.000000 192.000000) (192.000000 192.000000 192.000000) (559.278000 192.000000 192.000000) 
4 4 10 (192.000000 -96.000000 352.000000) (192.000000 -96.000000 696.000000) (192.000000 -64.000000 696.000000) (192.000000 -64.000000 384.000000) 
4 4 11 (192.000000 -96.000000 192.000000) (192.000000 -192.000000 192.000000) (192.000000 -192.000000 696.000000) (192.000000 -96.000000 696.000000) 
4 4 6 (192.000000 -0.000000 192.000000) (192.000000 -64.000000 192.000000) (192.000000 -64.000000 320.000000) (192.000000 -0.000000 320.000000) 
4 4 5 (192.000000 192.000000 696.000000) (192.000000 192.000000 384.000000) (192.000000 -64.000000 384.000000) (192.000000 -64.000000 696.000000) 
4 5 10 (192.000000 -64.000000 384.000000) (192.000000 -64.000000 696.000000) (-64.000000 -64.000000 696.000000) (-64.000000 -64.000000 384.000000) 
4 5 7 (-64.000000 192.000000 696.000000) (-64.000000 192.000000 384.000000) (-64.000000 -64.000000 384.000000) (-64.000000 -64.000000 696.000000) 
4 6 8 (-32.000000 -64.000000 192.000000) (160.000000 -64.000000 192.000000) (160.000000 -64.000000 320.000000) (-32.000000 -64.000000 320.000000) 
4 6 7 (-64.000000 -0.000000 192.000000) (-64.000000 -64.000000 192.000000) (-64.000000 -64.000000 320.000000) (-64.000000 -0.000000 320.000000) 
4 7 20 (-192.000000 192.000000 192.000000) (-192.000000 -64.000000 192.000000) (-192.000000 -64.000000 696.000000) (-192.000000 192.000000 696.000000) 
4 7 9 (-192.000000 -64.000000 192.000000) (-64.000000 -64.000000 192.000000) (-64.000000 -64.000000 384.000000) (-192.000000 -64.000000 384.000000) 
4 7 10 (-64.000000 -64.000000 384.000000) (-64.000000 -64.000000 696.000000) (-192.000000 -64.000000 696.000000) (-192.000000 -64.000000 384.000000) 
4 8 10 (160.000000 -64.000000 384.000000) (-32.000000 -64.000000 384.000000) (-32.000000 -96.000000 352.000000) (160.000000 -96.000000 352.000000) 
4 8 11 (-32.000000 -96.000000 192.000000) (160.000000 -96.000000 192.000000) (160.000000 -96.000000 352.000000) (-32.000000 -96.000000 352.000000) 
4 9 20 (-192.000000 -64.000000 192.000000) (-192.000000 -96.000000 192.000000) (-192.000000 -96.000000 352.000000) (-192.000000 -64.000000 384.000000) 
4 9 10 (-64.000000 -64.000000 384.000000) (-192.000000 -64.000000 384.000000) (-192.000000 -96.000000 352.000000) (-64.000000 -96.000000 352.000000) 
4 9 11 (-192.000000 -96.000000 352.000000) (-192.000000 -96.000000 192.000000) (-64.000000 -96.000000 192.000000) (-64.000000 -96.000000 352.000000) 
4 10 20 (-192.000000 -96.000000 352.000000) (-192.000000 -96.000000 696.000000) (-192.000000 -64.000000 696.000000) (-192.000000 -64.000000 384.000000) 
4 10 11 (-192.000000 -96.000000 696.000000) (-192.000000 -96.000000 352.000000) (192.000000 -96.000000 352.000000) (192.000000 -96.000000 696.000000) 
4 11 25 (-192.000000 -192.000000 696.000000) (-192.000000 -192.000000 192.000000) (192.000000 -192.000000 192.000000) (192.000000 -192.000000 696.000000) 
4 11 20 (-192.000000 -96.000000 192.000000) (-192.000000 -192.000000 192.000000) (-192.000000 -192.000000 696.000000) (-192.000000 -96.000000 696.000000) 
4 12 24 (576.000000 -192.000000 -312.000000) (576.000000 -192.000000 192.000000) (559.278000 -192.000000 192.000000) (559.278000 -192.000000 -312.000000) 
4 12 13 (559.278000 320.000000 192.000000) (559.278000 320.000000 -312.000000) (559.278000 298.636000 -312.000000) (559.278000 298.636000 192.000000) 
4 12 17 (576.000000 -192.000000 -312.000000) (559.278000 -192.000000 -312.000000) (559.278000 320.000000 -312.000000) (576.000000 320.000000 -312.000000) 
4 13 19 (-192.000000 298.636000 192.000000) (-192.000000 320.000000 192.000000) (-192.000000 320.000000 -312.000000) (-192.000000 298.636000 -312.000000) 
4 13 17 (-192.000000 298.636000 -312.000000) (-192.000000 320.000000 -312.000000) (559.278000 320.000000 -312.000000) (559.278000 298.636000 -312.000000) 
4 14 25 (559.278000 -192.000000 192.000000) (192.000000 -192.000000 192.000000) (192.000000 -192.000000 -312.000000) (559.278000 -192.000000 -312.000000) 
4 14 15 (192.000000 192.000000 192.000000) (192.000000 298.636000 192.000000) (192.000000 298.636000 -0.000000) (192.000000 192.000000 0.000000) 
4 14 16 (192.000000 298.636000 -312.000000) (192.000000 -192.000000 -312.000000) (192.000000 -192.000000 -0.000000) (192.000000 298.636000 -0.000000) 
4 15 20 (-192.000000 192.000000 192.000000) (-192.000000 298.636000 192.000000) (-192.000000 298.636000 -0.000000) (-192.000000 192.000000 0.000000) 
4 15 16 (-192.000000 192.000000 0.000000) (-192.000000 298.636000 0.000000) (192.000000 298.636000 0.000000) (192.000000 192.000000 0.000000) 
4 16 25 (-192.000000 -192.000000 -0.000000) (-192.000000 -192.000000 -312.000000) (192.000000 -192.000000 -312.000000) (192.000000 -192.000000 -0.000000) 
4 16 20 (-192.000000 -192.000000 -312.000000) (-192.000000 -192.000000 -0.000000) (-192.000000 298.636000 -0.000000) (-192.000000 298.636000 -312.000000) 
4 17 28 (576.000000 -192.000000 -320.000000) (576.000000 -192.000000 -312.000000) (-192.000000 -192.000000 -312.000000) (-192.000000 -192.000000 -320.000000) 
4 17 22 (-192.000000 320.000000 -320.000000) (-192.000000 -192.000000 -320.000000) (-192.000000 -192.000000 -312.000000) (-192.000000 320.000000 -312.000000) 
4 18 23 (-192.000000 -192.000000 696.000000) (-192.000000 -192.000000 704.000000) (-1832.000000 -192.000000 704.000000) (-1832.000000 -192.000000 696.000000) 
4 18 19 (-1815.280000 320.000000 696.000000) (-192.000000 320.000000 696.000000) (-192.000000 298.636000 696.000000) (-1815.280000 298.636000 696.000000) 
4 18 21 (-1832.000000 -192.000000 696.000000) (-1832.000000 320.000000 696.000000) (-1815.280000 320.000000 696.000000) (-1815.280000 -192.000000 696.000000) 
4 19 21 (-1815.280000 298.636000 696.000000) (-1815.280000 320.000000 696.000000) (-1815.280000 320.000000 -312.000000) (-1815.280000 298.636000 -312.000000) 
4 19 22 (-1815.280000 320.000000 -312.000000) (-192.000000 320.000000 -312.000000) (-192.000000 298.636000 -312.000000) (-1815.280000 298.636000 -312.000000) 
4 20 25 (-192.000000 -192.000000 -312.000000) (-192.000000 -192.000000 696.000000) (-1815.280000 -192.000000 696.000000) (-1815.280000 -192.000000 -312.000000) 
4 21 26 (-1815.280000 -192.000000 696.000000) (-1832.000000 -192.000000 696.000000) (-1832.000000 -192.000000 -312.000000) (-1815.280000 -192.000000 -312.000000) 
4 21 22 (-1832.000000 -192.000000 -312.000000) (-1832.000000 320.000000 -312.000000) (-1815.280000 320.000000 -312.000000) (-1815.280000 -192.000000 -312.000000) 
4 22 28 (-192.000000 -192.000000 -320.000000) (-192.000000 -192.000000 -312.000000) (-1832.000000 -192.000000 -312.000000) (-1832.000000 -192.000000 -320.000000) 
4 23 26 (-1832.000000 -1538.640000 696.000000) (-1832.000000 -192.000000 696.000000) (-1815.280000 -192.000000 696.000000) (-1815.280000 -1538.640000 696.000000) 
4 23 27 (-1832.000000 -1560.000000 696.000000) (-1832.000000 -1538.640000 696.000000) (559.278000 -1538.640000 696.000000) (559.278000 -1560.000000 696.000000) 
4 23 24 (559.278000 -192.000000 696.000000) (576.000000 -192.000000 696.000000) (576.000000 -1560.000000 696.000000) (559.278000 -1560.000000 696.000000) 
4 24 27 (559.278000 -1560.000000 -312.000000) (559.278000 -1560.000000 696.000000) (559.278000 -1538.640000 696.000000) (559.278000 -1538.640000 -312.000000) 
4 24 28 (559.278000 -192.000000 -312.000000) (576.000000 -192.000000 -312.000000) (576.000000 -1560.000000 -312.000000) (559.278000 -1560.000000 -312.000000) 
4 26 27 (-1832.000000 -1538.640000 696.000000) (-1832.000000 -1538.640000 -312.000000) (-1815.280000 -1538.640000 -312.000000) (-1815.280000 -1538.640000 696.000000) 
4 26 28 (-1832.000000 -1538.640000 -312.000000) (-1832.000000 -192.000000 -312.000000) (-1815.280000 -192.000000 -312.000000) (-1815.280000 -1538.640000 -312.000000) 
4 27 28 (-1832.000000 -1560.000000 -312.000000) (-1832.000000 -1538.640000 -312.000000) (559.278000 -1538.640000 -312.000000) (559.278000 -1560.000000 -312.000000) 
