94
205
4 0 6 (1032.000000 -4.000000 64.000000) (1024.000000 -4.000000 64.000000) (1024.000000 -4.000000 -200.000000) (1032.000000 -4.000000 -200.000000) 
4 1 11 (512.000000 1032.000000 -200.000000) (512.000000 1024.000000 -200.000000) (512.000000 1024.000000 64.000000) (512.000000 1032.000000 64.000000) 
4 2 16 (512.000000 -4.000000 64.000000) (512.000000 -4.000000 72.000000) (512.000000 512.000000 72.000000) (512.000000 512.000000 64.000000) 
4 2 12 (512.000000 512.000000 72.000000) (512.000000 1024.000000 72.000000) (512.000000 1024.000000 64.000000) (512.000000 512.000000 64.000000) 
4 2 7 (1024.000000 -4.000000 64.000000) (1024.000000 -4.000000 72.000000) (512.000000 -4.000000 72.000000) (512.000000 -4.000000 64.000000) 
4 3 13 (512.000000 516.000000 64.000000) (512.000000 1024.000000 64.000000) (512.000000 1024.000000 -200.000000) (512.000000 516.000000 -200.000000) 
4 3 4 (512.000000 516.000000 -200.000000) (1024.000000 4.000000 -200.000000) (1024.000000 4.000000 64.000000) (512.000000 516.000000 64.000000) 
4 4 28 (512.000000 4.000000 64.000000) (512.000000 420.571429 64.000000) (512.000000 420.571429 -192.000000) (512.000000 4.000000 -192.000000) 
4 4 17 (512.000000 420.571429 64.000000) (512.000000 512.000000 64.000000) (512.000000 512.000000 -192.000000) (512.000000 420.571429 -192.000000) 
4 4 14 (512.000000 512.000000 64.000000) (512.000000 516.000000 64.000000) (512.000000 516.000000 -200.000000) (512.000000 512.000000 -200.000000) 
4 4 5 (512.000000 4.000000 64.000000) (512.000000 4.000000 -200.000000) (1024.000000 4.000000 -200.000000) (1024.000000 4.000000 64.000000) 
4 5 35 (512.000000 -4.000000 -200.000000) (512.000000 -4.000000 -192.000000) (512.000000 4.000000 -192.000000) (512.000000 4.000000 -200.000000) 
4 5 30 (512.000000 -4.000000 -192.000000) (512.000000 -4.000000 64.000000) (512.000000 4.000000 64.000000) (512.000000 4.000000 -192.000000) 
4 5 9 (1024.000000 -4.000000 -200.000000) (1024.000000 -4.000000 64.000000) (512.000000 -4.000000 64.000000) (512.000000 -4.000000 -200.000000) 
4 7 36 (512.000000 -1024.000000 64.000000) (512.000000 -1024.000000 72.000000) (512.000000 -402.000000 72.000000) (512.000000 -402.000000 64.000000) 
4 7 16 (512.000000 -402.000000 72.000000) (512.000000 -4.000000 72.000000) (512.000000 -4.000000 64.000000) (512.000000 -402.000000 64.000000) 
4 8 49 (512.000000 -1024.000000 -200.000000) (512.000000 -1024.000000 64.000000) (512.000000 -516.000000 64.000000) (512.000000 -516.000000 -200.000000) 
4 8 9 (1024.000000 -4.000000 64.000000) (1024.000000 -4.000000 -200.000000) (512.000000 -516.000000 -200.000000) (512.000000 -516.000000 64.000000) 
4 9 50 (512.000000 -516.000000 64.000000) (512.000000 -512.000000 64.000000) (512.000000 -512.000000 -200.000000) (512.000000 -516.000000 -200.000000) 
4 9 40 (512.000000 -402.000000 -184.000000) (512.000000 -402.000000 -192.000000) (512.000000 -494.000000 -192.000000) (512.000000 -494.000000 -184.000000) 
4 9 39 (512.000000 -494.000000 64.000000) (512.000000 -402.000000 64.000000) (512.000000 -402.000000 -184.000000) (512.000000 -494.000000 -184.000000) 
4 9 46 (512.000000 -512.000000 64.000000) (512.000000 -494.000000 64.000000) (512.000000 -494.000000 -192.000000) (512.000000 -512.000000 -192.000000) 
4 9 31 (512.000000 -402.000000 64.000000) (512.000000 -4.000000 64.000000) (512.000000 -4.000000 -192.000000) (512.000000 -402.000000 -192.000000) 
4 10 52 (512.000000 -1024.000000 64.000000) (512.000000 -1024.000000 -200.000000) (512.000000 -1032.000000 -200.000000) (512.000000 -1032.000000 64.000000) 
4 11 53 (-4.000000 1024.000000 -200.000000) (-4.000000 1024.000000 64.000000) (-4.000000 1032.000000 64.000000) (-4.000000 1032.000000 -200.000000) 
4 12 54 (-4.000000 512.000000 64.000000) (-4.000000 512.000000 72.000000) (-4.000000 1024.000000 72.000000) (-4.000000 1024.000000 64.000000) 
4 12 16 (512.000000 512.000000 64.000000) (512.000000 512.000000 72.000000) (-4.000000 512.000000 72.000000) (-4.000000 512.000000 64.000000) 
4 13 14 (512.000000 516.000000 -200.000000) (512.000000 516.000000 64.000000) (4.000000 1024.000000 64.000000) (4.000000 1024.000000 -200.000000) 
4 14 26 (342.750000 512.000000 64.000000) (4.000000 512.000000 64.000000) (4.000000 512.000000 -192.000000) (342.750000 512.000000 -192.000000) 
4 14 20 (402.000000 512.000000 -184.000000) (402.000000 512.000000 -192.000000) (494.000000 512.000000 -192.000000) (494.000000 512.000000 -184.000000) 
4 14 19 (494.000000 512.000000 64.000000) (402.000000 512.000000 64.000000) (402.000000 512.000000 -184.000000) (494.000000 512.000000 -184.000000) 
4 14 17 (512.000000 512.000000 -192.000000) (512.000000 512.000000 64.000000) (494.000000 512.000000 64.000000) (494.000000 512.000000 -192.000000) 
4 14 24 (402.000000 512.000000 64.000000) (342.750000 512.000000 64.000000) (342.750000 512.000000 -192.000000) (402.000000 512.000000 -192.000000) 
4 14 15 (4.000000 1024.000000 64.000000) (4.000000 1024.000000 -200.000000) (4.000000 512.000000 -200.000000) (4.000000 512.000000 64.000000) 
4 15 55 (-4.000000 512.000000 -200.000000) (-4.000000 512.000000 64.000000) (-4.000000 1024.000000 64.000000) (-4.000000 1024.000000 -200.000000) 
4 15 34 (-4.000000 512.000000 -192.000000) (-4.000000 512.000000 -200.000000) (4.000000 512.000000 -200.000000) (4.000000 512.000000 -192.000000) 
4 15 27 (4.000000 512.000000 64.000000) (-4.000000 512.000000 64.000000) (-4.000000 512.000000 -192.000000) (4.000000 512.000000 -192.000000) 
4 16 58 (-4.000000 -402.000000 64.000000) (-4.000000 -402.000000 72.000000) (-4.000000 512.000000 72.000000) (-4.000000 512.000000 64.000000) 
4 16 36 (-4.000000 -402.000000 72.000000) (-4.000000 -402.000000 64.000000) (512.000000 -402.000000 64.000000) (512.000000 -402.000000 72.000000) 
4 17 28 (494.000000 414.785714 -192.000000) (512.000000 420.571429 -192.000000) (512.000000 420.571429 64.000000) (494.000000 414.785714 64.000000) 
4 17 22 (494.000000 481.214286 -192.000000) (494.000000 463.000000 -192.000000) (494.000000 463.000000 -184.000000) (494.000000 481.214286 -184.000000) 
4 17 20 (494.000000 512.000000 -192.000000) (494.000000 481.214286 -192.000000) (494.000000 481.214286 -184.000000) (494.000000 512.000000 -184.000000) 
4 17 19 (494.000000 433.000000 -184.000000) (494.000000 433.000000 64.000000) (494.000000 512.000000 64.000000) (494.000000 512.000000 -184.000000) 
4 17 18 (494.000000 433.000000 -192.000000) (494.000000 414.785714 -192.000000) (494.000000 414.785714 64.000000) (494.000000 433.000000 64.000000) 
4 18 28 (476.000000 409.000000 -192.000000) (494.000000 414.785714 -192.000000) (494.000000 414.785714 64.000000) (476.000000 409.000000 64.000000) 
4 18 19 (476.000000 409.000000 -184.000000) (476.000000 409.000000 64.000000) (494.000000 433.000000 64.000000) (494.000000 433.000000 -184.000000) 
4 19 28 (476.000000 409.000000 -184.000000) (476.000000 409.000000 64.000000) (448.000000 400.000000 64.000000) (448.000000 400.000000 -184.000000) 
4 19 26 (420.000000 409.000000 -184.000000) (420.000000 409.000000 64.000000) (402.000000 433.000000 64.000000) (402.000000 433.000000 -184.000000) 
3 19 23 (402.000000 463.000000 -184.000000) (402.000000 481.214286 -184.000000) (420.000000 487.000000 -184.000000) 
3 19 22 (494.000000 481.214286 -184.000000) (494.000000 463.000000 -184.000000) (476.000000 487.000000 -184.000000) 
3 19 21 (402.000000 481.214286 -184.000000) (402.000000 510.785714 -184.000000) (448.000000 496.000000 -184.000000) 
4 19 20 (494.000000 512.000000 -184.000000) (494.000000 481.214286 -184.000000) (402.000000 510.785714 -184.000000) (402.000000 512.000000 -184.000000) 
4 19 24 (402.000000 512.000000 64.000000) (402.000000 512.000000 -184.000000) (402.000000 433.000000 -184.000000) (402.000000 433.000000 64.000000) 
4 19 25 (448.000000 400.000000 -184.000000) (448.000000 400.000000 64.000000) (420.000000 409.000000 64.000000) (420.000000 409.000000 -184.000000) 
4 20 22 (476.000000 487.000000 -192.000000) (494.000000 481.214286 -192.000000) (494.000000 481.214286 -184.000000) (476.000000 487.000000 -184.000000) 
4 20 21 (402.000000 510.785714 -184.000000) (402.000000 510.785714 -192.000000) (448.000000 496.000000 -192.000000) (448.000000 496.000000 -184.000000) 
4 20 24 (402.000000 512.000000 -184.000000) (402.000000 512.000000 -192.000000) (402.000000 510.785714 -192.000000) (402.000000 510.785714 -184.000000) 
4 21 23 (420.000000 487.000000 -184.000000) (402.000000 481.214286 -184.000000) (402.000000 481.214286 -192.000000) (420.000000 487.000000 -192.000000) 
4 21 24 (402.000000 510.785714 -192.000000) (402.000000 481.214286 -192.000000) (402.000000 481.214286 -184.000000) (402.000000 510.785714 -184.000000) 
4 23 24 (402.000000 481.214286 -192.000000) (402.000000 463.000000 -192.000000) (402.000000 463.000000 -184.000000) (402.000000 481.214286 -184.000000) 
4 24 26 (342.750000 512.000000 64.000000) (342.750000 512.000000 -192.000000) (402.000000 433.000000 -192.000000) (402.000000 433.000000 64.000000) 
4 25 28 (430.877698 394.496403 -192.000000) (448.000000 400.000000 -192.000000) (448.000000 400.000000 64.000000) (430.877698 394.496403 64.000000) 
4 25 26 (420.000000 409.000000 -192.000000) (430.877698 394.496403 -192.000000) (430.877698 394.496403 64.000000) (420.000000 409.000000 64.000000) 
4 26 28 (4.000000 257.285714 -192.000000) (430.877698 394.496403 -192.000000) (430.877698 394.496403 64.000000) (4.000000 257.285714 64.000000) 
4 26 27 (4.000000 512.000000 -192.000000) (4.000000 257.285714 -192.000000) (4.000000 257.285714 64.000000) (4.000000 512.000000 64.000000) 
4 27 59 (-4.000000 254.714286 64.000000) (-4.000000 512.000000 64.000000) (-4.000000 512.000000 -192.000000) (-4.000000 254.714286 -192.000000) 
4 27 34 (-4.000000 504.000000 -192.000000) (-4.000000 512.000000 -192.000000) (4.000000 512.000000 -192.000000) (4.000000 504.000000 -192.000000) 
4 27 29 (-4.000000 254.714286 -192.000000) (4.000000 257.285714 -192.000000) (4.000000 257.285714 64.000000) (-4.000000 254.714286 64.000000) 
4 28 30 (4.000000 4.000000 -192.000000) (512.000000 4.000000 -192.000000) (512.000000 4.000000 64.000000) (4.000000 4.000000 64.000000) 
4 28 29 (4.000000 257.285714 -192.000000) (4.000000 4.000000 -192.000000) (4.000000 4.000000 64.000000) (4.000000 257.285714 64.000000) 
4 29 60 (-4.000000 4.000000 64.000000) (-4.000000 172.250000 64.000000) (-4.000000 172.250000 -192.000000) (-4.000000 4.000000 -192.000000) 
4 29 59 (-4.000000 172.250000 64.000000) (-4.000000 254.714286 64.000000) (-4.000000 254.714286 -192.000000) (-4.000000 172.250000 -192.000000) 
4 29 32 (-4.000000 4.000000 64.000000) (-4.000000 4.000000 -192.000000) (4.000000 4.000000 -192.000000) (4.000000 4.000000 64.000000) 
4 30 35 (504.000000 4.000000 -192.000000) (512.000000 4.000000 -192.000000) (512.000000 -4.000000 -192.000000) (504.000000 -4.000000 -192.000000) 
4 30 32 (4.000000 4.000000 64.000000) (4.000000 4.000000 -192.000000) (4.000000 -4.000000 -192.000000) (4.000000 -4.000000 64.000000) 
4 30 31 (4.000000 -4.000000 -192.000000) (512.000000 -4.000000 -192.000000) (512.000000 -4.000000 64.000000) (4.000000 -4.000000 64.000000) 
4 31 42 (463.000000 -402.000000 -192.000000) (481.214286 -402.000000 -192.000000) (481.214286 -402.000000 -184.000000) (463.000000 -402.000000 -184.000000) 
4 31 40 (481.214286 -402.000000 -192.000000) (512.000000 -402.000000 -192.000000) (512.000000 -402.000000 -184.000000) (481.214286 -402.000000 -184.000000) 
4 31 39 (512.000000 -402.000000 -184.000000) (512.000000 -402.000000 64.000000) (433.000000 -402.000000 64.000000) (433.000000 -402.000000 -184.000000) 
4 31 37 (4.000000 -402.000000 -192.000000) (433.000000 -402.000000 -192.000000) (433.000000 -402.000000 64.000000) (4.000000 -402.000000 64.000000) 
4 31 33 (4.000000 -4.000000 -192.000000) (4.000000 -402.000000 -192.000000) (4.000000 -402.000000 64.000000) (4.000000 -4.000000 64.000000) 
4 32 70 (-4.000000 -4.000000 64.000000) (-4.000000 4.000000 64.000000) (-4.000000 4.000000 -192.000000) (-4.000000 -4.000000 -192.000000) 
4 32 33 (-4.000000 -4.000000 64.000000) (-4.000000 -4.000000 -192.000000) (4.000000 -4.000000 -192.000000) (4.000000 -4.000000 64.000000) 
4 33 72 (-4.000000 -402.000000 -192.000000) (-4.000000 -402.000000 64.000000) (-4.000000 -257.285714 64.000000) (-4.000000 -257.285714 -192.000000) 
4 33 71 (-4.000000 -257.285714 64.000000) (-4.000000 -4.000000 64.000000) (-4.000000 -4.000000 -192.000000) (-4.000000 -257.285714 -192.000000) 
4 33 38 (-4.000000 -402.000000 64.000000) (-4.000000 -402.000000 -192.000000) (4.000000 -402.000000 -192.000000) (4.000000 -402.000000 64.000000) 
4 36 89 (-4.000000 -1024.000000 64.000000) (-4.000000 -1024.000000 72.000000) (-4.000000 -512.000000 72.000000) (-4.000000 -512.000000 64.000000) 
4 36 58 (-4.000000 -512.000000 72.000000) (-4.000000 -402.000000 72.000000) (-4.000000 -402.000000 64.000000) (-4.000000 -512.000000 64.000000) 
4 37 50 (4.000000 -512.000000 -192.000000) (286.333333 -512.000000 -192.000000) (286.333333 -512.000000 64.000000) (4.000000 -512.000000 64.000000) 
4 37 39 (433.000000 -402.000000 -184.000000) (433.000000 -402.000000 64.000000) (409.000000 -420.000000 64.000000) (409.000000 -420.000000 -184.000000) 
4 37 47 (286.333333 -512.000000 64.000000) (286.333333 -512.000000 -192.000000) (409.000000 -420.000000 -192.000000) (409.000000 -420.000000 64.000000) 
4 37 38 (4.000000 -402.000000 -192.000000) (4.000000 -512.000000 -192.000000) (4.000000 -512.000000 64.000000) (4.000000 -402.000000 64.000000) 
4 38 72 (-4.000000 -512.000000 64.000000) (-4.000000 -402.000000 64.000000) (-4.000000 -402.000000 -192.000000) (-4.000000 -512.000000 -192.000000) 
4 38 51 (-4.000000 -512.000000 64.000000) (-4.000000 -512.000000 -192.000000) (4.000000 -512.000000 -192.000000) (4.000000 -512.000000 64.000000) 
4 38 48 (-4.000000 -512.000000 -192.000000) (-4.000000 -504.000000 -192.000000) (4.000000 -504.000000 -192.000000) (4.000000 -512.000000 -192.000000) 
3 39 43 (487.000000 -476.000000 -184.000000) (481.214286 -494.000000 -184.000000) (463.000000 -494.000000 -184.000000) 
3 39 42 (463.000000 -402.000000 -184.000000) (481.214286 -402.000000 -184.000000) (487.000000 -420.000000 -184.000000) 
3 39 41 (496.000000 -448.000000 -184.000000) (510.785714 -494.000000 -184.000000) (481.214286 -494.000000 -184.000000) 
4 39 40 (481.214286 -402.000000 -184.000000) (512.000000 -402.000000 -184.000000) (512.000000 -494.000000 -184.000000) (510.785714 -494.000000 -184.000000) 
4 39 44 (409.000000 -476.000000 -184.000000) (409.000000 -476.000000 64.000000) (400.000000 -448.000000 64.000000) (400.000000 -448.000000 -184.000000) 
4 39 46 (512.000000 -494.000000 -184.000000) (512.000000 -494.000000 64.000000) (433.000000 -494.000000 64.000000) (433.000000 -494.000000 -184.000000) 
4 39 47 (409.000000 -420.000000 64.000000) (409.000000 -420.000000 -184.000000) (400.000000 -448.000000 -184.000000) (400.000000 -448.000000 64.000000) 
4 39 45 (433.000000 -494.000000 -184.000000) (433.000000 -494.000000 64.000000) (409.000000 -476.000000 64.000000) (409.000000 -476.000000 -184.000000) 
4 40 42 (481.214286 -402.000000 -184.000000) (481.214286 -402.000000 -192.000000) (487.000000 -420.000000 -192.000000) (487.000000 -420.000000 -184.000000) 
4 40 41 (496.000000 -448.000000 -192.000000) (510.785714 -494.000000 -192.000000) (510.785714 -494.000000 -184.000000) (496.000000 -448.000000 -184.000000) 
4 40 46 (510.785714 -494.000000 -192.000000) (512.000000 -494.000000 -192.000000) (512.000000 -494.000000 -184.000000) (510.785714 -494.000000 -184.000000) 
4 41 43 (481.214286 -494.000000 -184.000000) (487.000000 -476.000000 -184.000000) (487.000000 -476.000000 -192.000000) (481.214286 -494.000000 -192.000000) 
4 41 46 (481.214286 -494.000000 -192.000000) (510.785714 -494.000000 -192.000000) (510.785714 -494.000000 -184.000000) (481.214286 -494.000000 -184.000000) 
4 43 46 (463.000000 -494.000000 -192.000000) (481.214286 -494.000000 -192.000000) (481.214286 -494.000000 -184.000000) (463.000000 -494.000000 -184.000000) 
4 44 45 (394.496403 -465.122302 64.000000) (394.496403 -465.122302 -192.000000) (409.000000 -476.000000 -192.000000) (409.000000 -476.000000 64.000000) 
4 44 47 (400.000000 -448.000000 -192.000000) (394.496403 -465.122302 -192.000000) (394.496403 -465.122302 64.000000) (400.000000 -448.000000 64.000000) 
4 45 46 (385.214286 -494.000000 -192.000000) (433.000000 -494.000000 -192.000000) (433.000000 -494.000000 64.000000) (385.214286 -494.000000 64.000000) 
4 45 47 (394.496403 -465.122302 -192.000000) (385.214286 -494.000000 -192.000000) (385.214286 -494.000000 64.000000) (394.496403 -465.122302 64.000000) 
4 46 50 (379.428571 -512.000000 -192.000000) (512.000000 -512.000000 -192.000000) (512.000000 -512.000000 64.000000) (379.428571 -512.000000 64.000000) 
4 46 47 (385.214286 -494.000000 -192.000000) (379.428571 -512.000000 -192.000000) (379.428571 -512.000000 64.000000) (385.214286 -494.000000 64.000000) 
4 47 50 (286.333333 -512.000000 -192.000000) (379.428571 -512.000000 -192.000000) (379.428571 -512.000000 64.000000) (286.333333 -512.000000 64.000000) 
4 48 51 (-4.000000 -512.000000 -192.000000) (-4.000000 -512.000000 -200.000000) (4.000000 -512.000000 -200.000000) (4.000000 -512.000000 -192.000000) 
4 49 50 (512.000000 -516.000000 -200.000000) (4.000000 -1024.000000 -200.000000) (4.000000 -1024.000000 64.000000) (512.000000 -516.000000 64.000000) 
4 50 51 (4.000000 -512.000000 -200.000000) (4.000000 -1024.000000 -200.000000) (4.000000 -1024.000000 64.000000) (4.000000 -512.000000 64.000000) 
4 51 90 (-4.000000 -1024.000000 -200.000000) (-4.000000 -1024.000000 64.000000) (-4.000000 -512.000000 64.000000) (-4.000000 -512.000000 -200.000000) 
4 52 93 (-4.000000 -1032.000000 -200.000000) (-4.000000 -1032.000000 64.000000) (-4.000000 -1024.000000 64.000000) (-4.000000 -1024.000000 -200.000000) 
4 54 58 (-4.000000 512.000000 64.000000) (-4.000000 512.000000 72.000000) (-1024.000000 512.000000 72.000000) (-1024.000000 512.000000 64.000000) 
4 55 83 (-512.000000 512.000000 64.000000) (-516.000000 512.000000 64.000000) (-516.000000 512.000000 -200.000000) (-512.000000 512.000000 -200.000000) 
4 55 62 (-457.000000 512.000000 64.000000) (-512.000000 512.000000 64.000000) (-512.000000 512.000000 -192.000000) (-457.000000 512.000000 -192.000000) 
4 55 59 (-4.000000 512.000000 -192.000000) (-4.000000 512.000000 64.000000) (-457.000000 512.000000 64.000000) (-457.000000 512.000000 -192.000000) 
4 55 56 (-4.000000 1024.000000 64.000000) (-4.000000 1024.000000 -200.000000) (-516.000000 512.000000 -200.000000) (-516.000000 512.000000 64.000000) 
4 56 85 (-516.000000 512.000000 64.000000) (-1024.000000 512.000000 64.000000) (-1024.000000 512.000000 -200.000000) (-516.000000 512.000000 -200.000000) 
4 57 88 (-1024.000000 512.000000 -200.000000) (-1024.000000 512.000000 64.000000) (-1032.000000 512.000000 64.000000) (-1032.000000 512.000000 -200.000000) 
4 58 89 (-4.000000 -512.000000 64.000000) (-4.000000 -512.000000 72.000000) (-1024.000000 -512.000000 72.000000) (-1024.000000 -512.000000 64.000000) 
4 59 63 (-409.000000 476.000000 -184.000000) (-409.000000 476.000000 64.000000) (-433.000000 494.000000 64.000000) (-433.000000 494.000000 -184.000000) 
4 59 62 (-457.000000 512.000000 64.000000) (-457.000000 512.000000 -192.000000) (-433.000000 494.000000 -192.000000) (-433.000000 494.000000 64.000000) 
4 59 60 (-409.000000 476.000000 -192.000000) (-4.000000 172.250000 -192.000000) (-4.000000 172.250000 64.000000) (-409.000000 476.000000 64.000000) 
4 60 70 (-257.285714 4.000000 -192.000000) (-4.000000 4.000000 -192.000000) (-4.000000 4.000000 64.000000) (-257.285714 4.000000 64.000000) 
4 60 63 (-400.000000 448.000000 64.000000) (-409.000000 476.000000 64.000000) (-409.000000 476.000000 -184.000000) (-400.000000 448.000000 -184.000000) 
4 60 61 (-394.496403 430.877698 64.000000) (-400.000000 448.000000 64.000000) (-400.000000 448.000000 -192.000000) (-394.496403 430.877698 -192.000000) 
4 60 69 (-257.285714 4.000000 -192.000000) (-257.285714 4.000000 64.000000) (-394.496403 430.877698 64.000000) (-394.496403 430.877698 -192.000000) 
4 61 63 (-400.000000 448.000000 64.000000) (-400.000000 448.000000 -184.000000) (-409.000000 420.000000 -184.000000) (-409.000000 420.000000 64.000000) 
4 61 69 (-409.000000 420.000000 -192.000000) (-394.496403 430.877698 -192.000000) (-394.496403 430.877698 64.000000) (-409.000000 420.000000 64.000000) 
4 62 83 (-512.000000 494.000000 64.000000) (-512.000000 512.000000 64.000000) (-512.000000 512.000000 -192.000000) (-512.000000 494.000000 -192.000000) 
4 62 64 (-481.214286 494.000000 -192.000000) (-463.000000 494.000000 -192.000000) (-463.000000 494.000000 -184.000000) (-481.214286 494.000000 -184.000000) 
4 62 67 (-512.000000 494.000000 -184.000000) (-512.000000 494.000000 -192.000000) (-481.214286 494.000000 -192.000000) (-481.214286 494.000000 -184.000000) 
4 62 63 (-512.000000 494.000000 64.000000) (-512.000000 494.000000 -184.000000) (-433.000000 494.000000 -184.000000) (-433.000000 494.000000 64.000000) 
4 63 83 (-512.000000 402.000000 64.000000) (-512.000000 494.000000 64.000000) (-512.000000 494.000000 -184.000000) (-512.000000 402.000000 -184.000000) 
3 63 65 (-463.000000 402.000000 -184.000000) (-481.214286 402.000000 -184.000000) (-487.000000 420.000000 -184.000000) 
3 63 64 (-487.000000 476.000000 -184.000000) (-481.214286 494.000000 -184.000000) (-463.000000 494.000000 -184.000000) 
3 63 66 (-481.214286 402.000000 -184.000000) (-510.785714 402.000000 -184.000000) (-496.000000 448.000000 -184.000000) 
4 63 67 (-510.785714 402.000000 -184.000000) (-512.000000 402.000000 -184.000000) (-512.000000 494.000000 -184.000000) (-481.214286 494.000000 -184.000000) 
4 63 69 (-409.000000 420.000000 -184.000000) (-409.000000 420.000000 64.000000) (-433.000000 402.000000 64.000000) (-433.000000 402.000000 -184.000000) 
4 63 68 (-433.000000 402.000000 -184.000000) (-433.000000 402.000000 64.000000) (-512.000000 402.000000 64.000000) (-512.000000 402.000000 -184.000000) 
4 64 67 (-481.214286 494.000000 -184.000000) (-481.214286 494.000000 -192.000000) (-487.000000 476.000000 -192.000000) (-487.000000 476.000000 -184.000000) 
4 65 68 (-481.214286 402.000000 -192.000000) (-463.000000 402.000000 -192.000000) (-463.000000 402.000000 -184.000000) (-481.214286 402.000000 -184.000000) 
4 65 66 (-481.214286 402.000000 -192.000000) (-481.214286 402.000000 -184.000000) (-487.000000 420.000000 -184.000000) (-487.000000 420.000000 -192.000000) 
4 66 67 (-496.000000 448.000000 -192.000000) (-510.785714 402.000000 -192.000000) (-510.785714 402.000000 -184.000000) (-496.000000 448.000000 -184.000000) 
4 66 68 (-510.785714 402.000000 -192.000000) (-481.214286 402.000000 -192.000000) (-481.214286 402.000000 -184.000000) (-510.785714 402.000000 -184.000000) 
4 67 83 (-512.000000 494.000000 -184.000000) (-512.000000 494.000000 -192.000000) (-512.000000 402.000000 -192.000000) (-512.000000 402.000000 -184.000000) 
4 67 68 (-512.000000 402.000000 -192.000000) (-510.785714 402.000000 -192.000000) (-510.785714 402.000000 -184.000000) (-512.000000 402.000000 -184.000000) 
4 68 83 (-512.000000 342.750000 64.000000) (-512.000000 402.000000 64.000000) (-512.000000 402.000000 -192.000000) (-512.000000 342.750000 -192.000000) 
4 68 69 (-512.000000 342.750000 -192.000000) (-433.000000 402.000000 -192.000000) (-433.000000 402.000000 64.000000) (-512.000000 342.750000 64.000000) 
4 69 83 (-512.000000 4.000000 64.000000) (-512.000000 342.750000 64.000000) (-512.000000 342.750000 -192.000000) (-512.000000 4.000000 -192.000000) 
4 69 70 (-512.000000 4.000000 64.000000) (-512.000000 4.000000 -192.000000) (-257.285714 4.000000 -192.000000) (-257.285714 4.000000 64.000000) 
4 70 84 (-512.000000 -4.000000 64.000000) (-512.000000 4.000000 64.000000) (-512.000000 4.000000 -192.000000) (-512.000000 -4.000000 -192.000000) 
4 70 82 (-512.000000 -4.000000 -192.000000) (-512.000000 4.000000 -192.000000) (-504.000000 4.000000 -192.000000) (-504.000000 -4.000000 -192.000000) 
4 70 71 (-512.000000 -4.000000 64.000000) (-512.000000 -4.000000 -192.000000) (-4.000000 -4.000000 -192.000000) (-4.000000 -4.000000 64.000000) 
4 71 86 (-512.000000 -420.571429 64.000000) (-512.000000 -4.000000 64.000000) (-512.000000 -4.000000 -192.000000) (-512.000000 -420.571429 -192.000000) 
4 71 78 (-494.000000 -414.785714 -192.000000) (-476.000000 -409.000000 -192.000000) (-476.000000 -409.000000 -184.000000) (-494.000000 -414.785714 -184.000000) 
4 71 79 (-512.000000 -420.571429 -192.000000) (-494.000000 -414.785714 -192.000000) (-494.000000 -414.785714 -184.000000) (-512.000000 -420.571429 -184.000000) 
4 71 76 (-448.000000 -400.000000 -184.000000) (-448.000000 -400.000000 64.000000) (-512.000000 -420.571429 64.000000) (-512.000000 -420.571429 -184.000000) 
4 71 73 (-448.000000 -400.000000 -192.000000) (-430.877698 -394.496403 -192.000000) (-430.877698 -394.496403 64.000000) (-448.000000 -400.000000 64.000000) 
4 71 72 (-430.877698 -394.496403 -192.000000) (-4.000000 -257.285714 -192.000000) (-4.000000 -257.285714 64.000000) (-430.877698 -394.496403 64.000000) 
4 72 90 (-4.000000 -512.000000 -192.000000) (-4.000000 -512.000000 64.000000) (-342.750000 -512.000000 64.000000) (-342.750000 -512.000000 -192.000000) 
4 72 76 (-402.000000 -433.000000 -184.000000) (-402.000000 -433.000000 64.000000) (-420.000000 -409.000000 64.000000) (-420.000000 -409.000000 -184.000000) 
4 72 74 (-402.000000 -433.000000 -192.000000) (-372.863309 -471.848921 -192.000000) (-372.863309 -471.848921 64.000000) (-402.000000 -433.000000 64.000000) 
4 72 81 (-372.863309 -471.848921 -192.000000) (-342.750000 -512.000000 -192.000000) (-342.750000 -512.000000 64.000000) (-372.863309 -471.848921 64.000000) 
4 72 73 (-430.877698 -394.496403 64.000000) (-430.877698 -394.496403 -192.000000) (-420.000000 -409.000000 -192.000000) (-420.000000 -409.000000 64.000000) 
4 73 76 (-420.000000 -409.000000 -184.000000) (-420.000000 -409.000000 64.000000) (-448.000000 -400.000000 64.000000) (-448.000000 -400.000000 -184.000000) 
4 74 76 (-402.000000 -463.000000 -184.000000) (-402.000000 -463.000000 64.000000) (-402.000000 -433.000000 64.000000) (-402.000000 -433.000000 -184.000000) 
4 74 75 (-402.000000 -463.000000 -192.000000) (-402.000000 -481.214286 -192.000000) (-402.000000 -481.214286 64.000000) (-402.000000 -463.000000 64.000000) 
4 74 81 (-372.863309 -471.848921 -192.000000) (-372.863309 -471.848921 64.000000) (-402.000000 -481.214286 64.000000) (-402.000000 -481.214286 -192.000000) 
4 75 76 (-420.000000 -487.000000 -184.000000) (-420.000000 -487.000000 64.000000) (-402.000000 -463.000000 64.000000) (-402.000000 -463.000000 -184.000000) 
4 75 81 (-402.000000 -481.214286 64.000000) (-420.000000 -487.000000 64.000000) (-420.000000 -487.000000 -192.000000) (-402.000000 -481.214286 -192.000000) 
4 76 90 (-497.777778 -512.000000 64.000000) (-512.000000 -512.000000 64.000000) (-512.000000 -512.000000 -184.000000) (-497.777778 -512.000000 -184.000000) 
4 76 86 (-512.000000 -512.000000 -184.000000) (-512.000000 -512.000000 64.000000) (-512.000000 -420.571429 64.000000) (-512.000000 -420.571429 -184.000000) 
3 76 77 (-448.000000 -496.000000 -184.000000) (-465.122302 -501.503597 -184.000000) (-476.000000 -487.000000 -184.000000) 
3 76 78 (-494.000000 -433.000000 -184.000000) (-494.000000 -414.785714 -184.000000) (-476.000000 -409.000000 -184.000000) 
4 76 79 (-494.000000 -463.000000 -184.000000) (-512.000000 -439.000000 -184.000000) (-512.000000 -420.571429 -184.000000) (-494.000000 -414.785714 -184.000000) 
4 76 80 (-465.122302 -501.503597 -184.000000) (-497.777778 -512.000000 -184.000000) (-512.000000 -512.000000 -184.000000) (-512.000000 -439.000000 -184.000000) 
4 76 81 (-420.000000 -487.000000 64.000000) (-497.777778 -512.000000 64.000000) (-497.777778 -512.000000 -184.000000) (-420.000000 -487.000000 -184.000000) 
4 77 80 (-476.000000 -487.000000 -192.000000) (-465.122302 -501.503597 -192.000000) (-465.122302 -501.503597 -184.000000) (-476.000000 -487.000000 -184.000000) 
4 77 81 (-465.122302 -501.503597 -192.000000) (-448.000000 -496.000000 -192.000000) (-448.000000 -496.000000 -184.000000) (-465.122302 -501.503597 -184.000000) 
4 78 79 (-494.000000 -433.000000 -184.000000) (-494.000000 -414.785714 -184.000000) (-494.000000 -414.785714 -192.000000) (-494.000000 -433.000000 -192.000000) 
4 79 86 (-512.000000 -439.000000 -184.000000) (-512.000000 -420.571429 -184.000000) (-512.000000 -420.571429 -192.000000) (-512.000000 -439.000000 -192.000000) 
4 79 80 (-512.000000 -439.000000 -184.000000) (-512.000000 -439.000000 -192.000000) (-494.000000 -463.000000 -192.000000) (-494.000000 -463.000000 -184.000000) 
4 80 90 (-512.000000 -512.000000 -184.000000) (-512.000000 -512.000000 -192.000000) (-497.777778 -512.000000 -192.000000) (-497.777778 -512.000000 -184.000000) 
4 80 86 (-512.000000 -512.000000 -192.000000) (-512.000000 -512.000000 -184.000000) (-512.000000 -439.000000 -184.000000) (-512.000000 -439.000000 -192.000000) 
4 80 81 (-497.777778 -512.000000 -184.000000) (-497.777778 -512.000000 -192.000000) (-465.122302 -501.503597 -192.000000) (-465.122302 -501.503597 -184.000000) 
4 81 90 (-342.750000 -512.000000 64.000000) (-497.777778 -512.000000 64.000000) (-497.777778 -512.000000 -192.000000) (-342.750000 -512.000000 -192.000000) 
4 82 84 (-512.000000 4.000000 -200.000000) (-512.000000 -4.000000 -200.000000) (-512.000000 -4.000000 -192.000000) (-512.000000 4.000000 -192.000000) 
4 83 85 (-516.000000 512.000000 -200.000000) (-1024.000000 4.000000 -200.000000) (-1024.000000 4.000000 64.000000) (-516.000000 512.000000 64.000000) 
4 83 84 (-1024.000000 4.000000 64.000000) (-1024.000000 4.000000 -200.000000) (-512.000000 4.000000 -200.000000) (-512.000000 4.000000 64.000000) 
4 84 86 (-1024.000000 -4.000000 64.000000) (-1024.000000 -4.000000 -200.000000) (-512.000000 -4.000000 -200.000000) (-512.000000 -4.000000 64.000000) 
4 86 90 (-512.000000 -512.000000 64.000000) (-516.000000 -512.000000 64.000000) (-516.000000 -512.000000 -200.000000) (-512.000000 -512.000000 -200.000000) 
4 86 87 (-1024.000000 -4.000000 64.000000) (-1024.000000 -4.000000 -200.000000) (-516.000000 -512.000000 -200.000000) (-516.000000 -512.000000 64.000000) 
4 87 91 (-516.000000 -512.000000 64.000000) (-1024.000000 -512.000000 64.000000) (-1024.000000 -512.000000 -200.000000) (-516.000000 -512.000000 -200.000000) 
4 88 92 (-1024.000000 -512.000000 -200.000000) (-1024.000000 -512.000000 64.000000) (-1032.000000 -512.000000 64.000000) (-1032.000000 -512.000000 -200.000000) 
4 90 91 (-516.000000 -512.000000 64.000000) (-516.000000 -512.000000 -200.000000) (-4.000000 -1024.000000 -200.000000) (-4.000000 -1024.000000 64.000000) 
