sdHLCSG v1.2.0 64-bit (Jul 11 2024)
seedee's Half-Life Compilation Tools
Based on code modifications by Sean 'Zoner' Cavanaugh and Vluzacn
Based on Valve's version, modified with permission.
Submit detailed bug reports to (github.com/seedee/SDHLT/issues)
-----  BEGIN  sdHLCSG -----
Command line: "C:\Program Files\J.A.C.K\CompilationTools\sdHLCSG_x64.exe" C:\Users\theje\NZP\nzp\maps\loopV2 -wadinclude jtext -wadinclude jwoc -wadinclude jschl -wadinclude jdev 
Arguments: C:\Users\theje\NZP\nzp\maps\loopV2 -wadinclude jtext -wadinclude jwoc -wadinclude jschl -wadinclude jdev -low 
Entering C:\Users\theje\NZP\nzp\maps\loopV2.map

Current sdHLCSG Settings
Name                 |  Setting  |  Default
---------------------|-----------|-------------------------
threads               [      12 ] [  Varies ]
verbose               [     off ] [     off ]
log                   [      on ] [      on ]
reset logfile         [      on ] [      on ]
developer             [       0 ] [       0 ]
chart                 [      on ] [      on ]
estimate              [     off ] [     off ]
max texture memory    [ 33554432 ] [ 33554432 ]
max lighting memory   [ 50331648 ] [ 50331648 ]
priority              [     Low ] [  Normal ]

noclip                [     off ] [     off ]
null texture stripping[      on ] [      on ]
clipnode economy mode [     off ] [     off ]
clip hull type        [  simple ] [  simple ]
onlyents              [     off ] [     off ]
wadtextures           [      on ] [      on ]
skyclip               [      on ] [      on ]
hullfile              [    None ] [    None ]
wad.cfg file          [    None ] [    None ]
wad.cfg config name   [    None ] [    None ]
nullfile              [    None ] [    None ]
nullify trigger       [      on ] [      on ]
min surface area      [   0.000 ] [   0.000 ]
brush union threshold [   0.000 ] [   0.000 ]
map scaling           [    None ] [    None ]
light name optimize   [      on ] [      on ]
convert game_text     [      on ] [      on ]
world extent          [   65536 ] [   65536 ]

Loading mapfile wad configuration by default
Wadinclude list
---------------
sdhlt.wad
jtext
jwoc
jschl
jdev
---------------


CreateBrush:
 (0.05 seconds)
CSGBrush:
 (0.35 seconds)

No wad files used by the map
Additional wad files included
-----------------------------
[JDEV.wad] 7/45 textures (10.61%)
 - /Users/theje/Assets/Jeyphr-s-Wads/Jeyphr's WADS/JDEV.wad
[JSCHL.wad] 4/6 textures (6.06%)
 - /Users/theje/Assets/Jeyphr-s-Wads/Jeyphr's WADS/JSCHL.wad
[JTEXT.wad] 29/237 textures (43.94%)
 - /Users/theje/Assets/Jeyphr-s-Wads/Jeyphr's WADS/JTEXT.wad
[JWOC.wad] 21/238 textures (31.82%)
 - /Users/theje/Assets/Jeyphr-s-Wads/Jeyphr's WADS/JWOC.wad
[sdhlt.wad] 5/27 textures (7.58%)
 - /Users/theje/Assets/Jeyphr-s-Wads/SeeDee's Half Life Tools/sdhlt.wad
-----------------------------

Texture usage: 1.60/32.00 MB)

Object names  Objects/Maxobjs  Memory / Maxmem  Fullness
------------  ---------------  ---------------  --------
models              0/512            0/32768    ( 0.0%)
planes           8420/32768     168400/655360   (25.7%)
vertexes            0/65535          0/786420   ( 0.0%)
nodes               0/32767          0/786408   ( 0.0%)
texinfos         1116/32767      44640/1310680  ( 3.4%)
faces               0/65535          0/1310700  ( 0.0%)
* worldfaces        0/32768          0/0        ( 0.0%)
clipnodes           0/32767          0/262136   ( 0.0%)
leaves              0/32760          0/917280   ( 0.0%)
* worldleaves       0/8192           0/0        ( 0.0%)
marksurfaces        0/65535          0/131070   ( 0.0%)
surfedges           0/512000         0/2048000  ( 0.0%)
edges               0/256000         0/1024000  ( 0.0%)
texdata          [variable]    1679740/33554432 ( 5.0%)
lightdata        [variable]          0/50331648 ( 0.0%)
visdata          [variable]          0/8388608  ( 0.0%)
entdata          [variable]      33046/2097152  ( 1.6%)
* AllocBlock        0/64             0/0        ( 0.0%)
66 textures referenced
=== Total BSP file data space used: 1925826 bytes ===

No wad files required to run the map
0.52 seconds elapsed

-----   END   sdHLCSG -----



sdHLBSP v1.2.0 64-bit (Jul 11 2024)
seedee's Half-Life Compilation Tools
Based on code modifications by Sean 'Zoner' Cavanaugh and Vluzacn
Based on Valve's version, modified with permission.
Submit detailed bug reports to (github.com/seedee/SDHLT/issues)
-----  BEGIN  sdHLBSP -----
Command line: "C:\Program Files\J.A.C.K\CompilationTools\sdHLBSP_x64.exe" C:\Users\theje\NZP\nzp\maps\loopV2 
Arguments: C:\Users\theje\NZP\nzp\maps\loopV2 -low 

Current sdHLBSP Settings
Name               |  Setting  |  Default
-------------------|-----------|-------------------------
threads             [      12 ] [  Varies ]
verbose             [     off ] [     off ]
log                 [      on ] [      on ]
developer           [       0 ] [       0 ]
chart               [      on ] [      on ]
estimate            [     off ] [     off ]
max texture memory  [ 33554432 ] [ 33554432 ]
priority            [     Low ] [  Normal ]

noclip              [     off ] [     off ]
nofill              [     off ] [     off ]
noinsidefill        [     off ] [     off ]
noopt               [     off ] [     off ]
no clipnode merging [     off ] [     off ]
null tex. stripping [      on ] [      on ]
notjunc             [     off ] [     off ]
nobrink             [     off ] [     off ]
subdivide size      [     240 ] [     240 ] (Min 64) (Max 512)
max node size       [    1024 ] [    1024 ] (Min 64) (Max 65536)
remove hull 2       [     off ] [     off ]


SolidBSP [hull 0] 500...1000...1500...2000...2396 (0.12 seconds)
BSP generation successful, writing portal file 'C:\Users\theje\NZP\nzp\maps\loopV2.prt'
SolidBSP [hull 1] 500...1000...1234 (0.06 seconds)
SolidBSP [hull 2] 500...1000...1123 (0.06 seconds)
SolidBSP [hull 3] 500...1000...1251 (0.06 seconds)
Warning: No visible brushes in solid entity: model 35 (entity: classname "func_wall", origin "", targetname "revive_clip", range (192,0,32) - (248,56,160))
Warning: Ambiguous leafnode content ( EMPTY and SOLID ) at (325,-1194,30)-(325,-1159,78) in hull 3 of model 36 (entity: classname "func_wall", origin "", targetname "dora_debris")
Warning: Ambiguous leafnode content ( EMPTY and SOLID ) at (284,-1195,30)-(284,-1143,78) in hull 3 of model 36 (entity: classname "func_wall", origin "", targetname "dora_debris")
Warning: Ambiguous leafnode content ( EMPTY and SOLID ) at (229,-1195,30)-(229,-1143,78) in hull 3 of model 36 (entity: classname "func_wall", origin "", targetname "dora_debris")
Reduced 5068 clipnodes to 4715
Reduced 1116 texinfos to 973
Reduced 66 texdatas to 61 (1679740 bytes to 1648460)
Reduced 8420 planes to 2811
FixBrinks:
Increased 4715 clipnodes to 4759.

Object names  Objects/Maxobjs  Memory / Maxmem  Fullness
------------  ---------------  ---------------  --------
models             58/512         3712/32768    (11.3%)
planes           2811/32768      56220/655360   ( 8.6%)
vertexes         6537/65535      78444/786420   (10.0%)
nodes            2800/32767      67200/786408   ( 8.5%)
texinfos          973/32767      38920/1310680  ( 3.0%)
faces            4302/65535      86040/1310700  ( 6.6%)
* worldfaces     3977/32768          0/0        (12.1%)
clipnodes        4759/32767      38072/262136   (14.5%)
leaves           1800/32760      50400/917280   ( 5.5%)
* worldleaves    1310/8192           0/0        (16.0%)
marksurfaces     5528/65535      11056/131070   ( 8.4%)
surfedges       20349/512000     81396/2048000  ( 4.0%)
edges           11198/256000     44792/1024000  ( 4.4%)
texdata          [variable]    1648460/33554432 ( 4.9%)
lightdata        [variable]          0/50331648 ( 0.0%)
visdata          [variable]          0/8388608  ( 0.0%)
entdata          [variable]      33046/2097152  ( 1.6%)
* AllocBlock       10/64             0/0        (15.6%)
61 textures referenced
=== Total BSP file data space used: 2237758 bytes ===

No wad files required to run the map
0.99 seconds elapsed

-----   END   sdHLBSP -----



sdHLVIS v1.2.0 64-bit (Jul 11 2024)
seedee's Half-Life Compilation Tools
Based on code modifications by Sean 'Zoner' Cavanaugh and Vluzacn
Based on Valve's version, modified with permission.
Submit detailed bug reports to (github.com/seedee/SDHLT/issues)
-----  BEGIN  sdHLVIS -----
Command line: "C:\Program Files\J.A.C.K\CompilationTools\sdHLVIS_x64.exe" C:\Users\theje\NZP\nzp\maps\loopV2 
Arguments: C:\Users\theje\NZP\nzp\maps\loopV2 -low 
 361 portalleafs
 982 numportals

-= Current sdHLVIS Settings =-
Name               |  Setting  |  Default
-------------------|-----------|-------------------------
threads             [      12 ] [  Varies ]
verbose             [     off ] [     off ]
log                 [      on ] [      on ]
developer           [       0 ] [       0 ]
chart               [      on ] [      on ]
estimate            [     off ] [     off ]
max texture memory  [ 33554432 ] [ 33554432 ]
max vis distance    [       0 ] [       0 ]
priority            [     Low ] [  Normal ]

fast vis            [     off ] [     off ]
full vis            [     off ] [     off ]
nofixprt            [     off ] [     off ]


BasePortalVis:
 (0.01 seconds)
LeafThread:
 (0.40 seconds)
average leafs visible: 196
g_visdatasize:43564  compressed from 16606

Reading portal file 'C:\Users\theje\NZP\nzp\maps\loopV2.prt'
Reduced 1345 lines to 984
Optimization for J.A.C.K. map editor successful, writing portal file 'C:\Users\theje\NZP\nzp\maps\loopV2.prt'

Object names  Objects/Maxobjs  Memory / Maxmem  Fullness
------------  ---------------  ---------------  --------
models             58/512         3712/32768    (11.3%)
planes           2811/32768      56220/655360   ( 8.6%)
vertexes         6537/65535      78444/786420   (10.0%)
nodes            2800/32767      67200/786408   ( 8.5%)
texinfos          973/32767      38920/1310680  ( 3.0%)
faces            4302/65535      86040/1310700  ( 6.6%)
* worldfaces     3977/32768          0/0        (12.1%)
clipnodes        4759/32767      38072/262136   (14.5%)
leaves           1800/32760      50400/917280   ( 5.5%)
* worldleaves    1310/8192           0/0        (16.0%)
marksurfaces     5528/65535      11056/131070   ( 8.4%)
surfedges       20349/512000     81396/2048000  ( 4.0%)
edges           11198/256000     44792/1024000  ( 4.4%)
texdata          [variable]    1648460/33554432 ( 4.9%)
lightdata        [variable]          0/50331648 ( 0.0%)
visdata          [variable]      43564/8388608  ( 0.5%)
entdata          [variable]      33046/2097152  ( 1.6%)
* AllocBlock       10/64             0/0        (15.6%)
61 textures referenced
=== Total BSP file data space used: 2281322 bytes ===

No wad files required to run the map
0.44 seconds elapsed

-----   END   sdHLVIS -----



sdHLRAD v1.2.0 64-bit (Jul 11 2024)
seedee's Half-Life Compilation Tools
Based on code modifications by Sean 'Zoner' Cavanaugh and Vluzacn
Based on Valve's version, modified with permission.
Submit detailed bug reports to (github.com/seedee/SDHLT/issues)
-----  BEGIN  sdHLRAD -----
Command line: "C:\Program Files\J.A.C.K\CompilationTools\sdHLRAD_x64.exe" C:\Users\theje\NZP\nzp\maps\loopV2 
Arguments: C:\Users\theje\NZP\nzp\maps\loopV2 -low 

-= Current sdHLRAD Settings =-
Name                | Setting             | Default
--------------------|---------------------|-------------------------
threads              [                12 ] [            Varies ]
verbose              [               off ] [               off ]
log                  [                on ] [                on ]
developer            [                 0 ] [                 0 ]
chart                [                on ] [                on ]
estimate             [               off ] [               off ]
max texture memory   [          33554432 ] [          33554432 ]
max lighting memory  [          50331648 ] [          50331648 ]
priority             [               Low ] [            Normal ]

fast rad             [               off ] [               off ]
vismatrix algorithm  [            Sparse ] [            Sparse ]
pre-25th anniversary [               off ] [               off ]
oversampling (-extra)[               off ] [               off ]
bounces              [                 8 ] [                 8 ]
ambient light        [ 0.000 0.000 0.000 ] [ 0.000 0.000 0.000 ]
light limit threshold[           255.000 ] [           255.000 ]
circus mode          [               off ] [               off ]

smoothing threshold  [            50.000 ] [            50.000 ]
smoothing threshold 2[             0.000 ] [         no change ]
direct threshold     [            10.000 ] [            10.000 ]
direct light scale   [             1.000 ] [             1.000 ]
coring threshold     [             0.010 ] [             0.010 ]
patch interpolation  [                on ] [                on ]

texscale             [                on ] [                on ]
patch subdividing    [                on ] [                on ]
chop value           [            64.000 ] [            64.000 ]
texchop value        [            32.000 ] [            32.000 ]

global fade          [             1.000 ] [             1.000 ]
global texlight gap  [             0.000 ] [             0.000 ]
global light scale   [ 2.000 2.000 2.000 ] [ 2.000 2.000 2.000 ]
global gamma         [ 0.550 0.550 0.550 ] [ 0.550 0.550 0.550 ]
global light scale   [             2.000 ] [             2.000 ]
global sky diffusion [             1.000 ] [             1.000 ]

spread angles        [                on ] [                on ]
opaque brush models  [                on ] [                on ]
opaque studio models [                on ] [                on ]
sky lighting fix     [                on ] [                on ]
incremental          [               off ] [               off ]
dump                 [               off ] [               off ]

colour jitter        [       0.0 0.0 0.0 ] [       0.0 0.0 0.0 ]
monochromatic jitter [       0.0 0.0 0.0 ] [       0.0 0.0 0.0 ]

custom shadows with bounce light
                     [               off ] [               off ]
rgb transfers        [               off ] [               off ]
minimum final light  [                 0 ] [                 0 ]
size of transfer     [         1 (16bit) ] [         1 (16bit) ]
size of rgbtransfer  [         2 (32bit) ] [         2 (32bit) ]
soft sky             [                on ] [                on ]
translucent depth    [             2.000 ] [             2.000 ]
block opaque         [                on ] [                on ]
ignore textures      [               off ] [               off ]
reflectivity gamma   [             1.760 ] [             1.760 ]
reflectivity scale   [             0.700 ] [             0.700 ]
blur size            [             1.500 ] [             1.500 ]
no emitter range     [               off ] [               off ]
wall bleeding fix    [                on ] [                on ]


Load Textures:
61 textures referenced
Reading texlights from 'C:\Program Files\J.A.C.K\CompilationTools\lights.rad'
0 texlights parsed (C:\Program Files\J.A.C.K\CompilationTools\lights.rad)
0 opaque models
0 opaque faces
4302 faces
Create Patches : 11291 base patches
152277 square feet [21928000.00 square inches]
41 direct lights and 16386 fast direct lights
3 light styles
0 opaque studio models

FindFacePositions:
 (0.19 seconds)
BuildFacelights:
 (3.94 seconds)
BuildVisLeafs:
 (1.27 seconds)
visibility matrix   :   6.8 megs
MakeScales:
 (0.65 seconds)
Transfer Lists :    14046034 :    14.05M transfers
       Indices :    13445064 :    12.82M bytes
          Data :    28125725 :    26.82M bytes
Bounce 1 GatherLight:
 (0.05 seconds)
Bounce 2 GatherLight:
 (0.07 seconds)
Bounce 3 GatherLight:
 (0.07 seconds)
Bounce 4 GatherLight:
 (0.08 seconds)
Bounce 5 GatherLight:
 (0.07 seconds)
Bounce 6 GatherLight:
 (0.08 seconds)
Bounce 7 GatherLight:
 (0.07 seconds)
Bounce 8 GatherLight:
 (0.08 seconds)
CreateTriangulations:
 (0.02 seconds)
AddPatchLights:
 (0.51 seconds)
FinalLightFace:
 (0.01 seconds)

Object names  Objects/Maxobjs  Memory / Maxmem  Fullness
------------  ---------------  ---------------  --------
models             58/512         3712/32768    (11.3%)
planes           2811/32768      56220/655360   ( 8.6%)
vertexes         6537/65535      78444/786420   (10.0%)
nodes            2800/32767      67200/786408   ( 8.5%)
texinfos          973/32767      38920/1310680  ( 3.0%)
faces            4302/65535      86040/1310700  ( 6.6%)
* worldfaces     3977/32768          0/0        (12.1%)
clipnodes        4759/32767      38072/262136   (14.5%)
leaves           1800/32760      50400/917280   ( 5.5%)
* worldleaves    1310/8192           0/0        (16.0%)
marksurfaces     5528/65535      11056/131070   ( 8.4%)
surfedges       20349/512000     81396/2048000  ( 4.0%)
edges           11198/256000     44792/1024000  ( 4.4%)
texdata          [variable]    1648460/33554432 ( 4.9%)
lightdata        [variable]     802794/50331648 ( 1.6%)
visdata          [variable]      43564/8388608  ( 0.5%)
entdata          [variable]      33046/2097152  ( 1.6%)
* AllocBlock       10/64             0/0        (15.6%)
61 textures referenced
=== Total BSP file data space used: 3084116 bytes ===

No wad files required to run the map
7.60 seconds elapsed

-----   END   sdHLRAD -----



