122
365
4 0 37 (1552.000000 2208.000000 -592.000000) (1552.000000 2192.070000 -592.000000) (1552.000000 2192.070000 -584.000000) (1552.000000 2208.000000 -584.000000) 
4 0 35 (1552.000000 2192.070000 -584.000000) (1552.000000 2192.070000 -64.000000) (1552.000000 2208.000000 -64.000000) (1552.000000 2208.000000 -584.000000) 
4 0 7 (1552.000000 2192.070000 -64.000000) (1552.000000 2192.070000 512.000000) (1552.000000 2208.000000 512.000000) (1552.000000 2208.000000 -64.000000) 
4 0 6 (1552.000000 2192.070000 512.000000) (1552.000000 2192.070000 520.000000) (1552.000000 2208.000000 520.000000) (1552.000000 2208.000000 512.000000) 
4 0 5 (1552.000000 2192.070000 -592.000000) (2861.800000 2192.070000 -592.000000) (2861.800000 2192.070000 -584.000000) (1552.000000 2192.070000 -584.000000) 
4 0 2 (2861.800000 2192.070000 -592.000000) (2880.000000 2192.070000 -592.000000) (2880.000000 2192.070000 512.000000) (2861.800000 2192.070000 512.000000) 
4 0 1 (2880.000000 2192.070000 512.000000) (2880.000000 2192.070000 520.000000) (1552.000000 2192.070000 520.000000) (1552.000000 2192.070000 512.000000) 
4 1 32 (1552.000000 -1536.000000 512.000000) (1552.000000 -1536.000000 520.000000) (1552.000000 -0.000000 520.000000) (1552.000000 -0.000000 512.000000) 
4 1 9 (1552.000000 -0.000000 520.000000) (1552.000000 1040.000000 520.000000) (1552.000000 1040.000000 512.000000) (1552.000000 -0.000000 512.000000) 
4 1 6 (1552.000000 1040.000000 520.000000) (1552.000000 2192.070000 520.000000) (1552.000000 2192.070000 512.000000) (1552.000000 1040.000000 512.000000) 
4 1 4 (1552.000000 -1536.000000 512.000000) (1552.000000 -1520.070000 512.000000) (2861.800000 -1520.070000 512.000000) (2861.800000 -1536.000000 512.000000) 
4 1 2 (2861.800000 2192.070000 512.000000) (2880.000000 2192.070000 512.000000) (2880.000000 -1536.000000 512.000000) (2861.800000 -1536.000000 512.000000) 
4 2 4 (2861.800000 -1520.070000 -584.000000) (2861.800000 -1536.000000 -584.000000) (2861.800000 -1536.000000 512.000000) (2861.800000 -1520.070000 512.000000) 
4 2 5 (2861.800000 2192.070000 -584.000000) (2861.800000 2192.070000 -592.000000) (2861.800000 -1536.000000 -592.000000) (2861.800000 -1536.000000 -584.000000) 
4 3 45 (1552.000000 -0.000000 -584.000000) (1552.000000 -1520.070000 -584.000000) (1552.000000 -1520.070000 -64.000000) (1552.000000 -0.000000 -64.000000) 
4 3 43 (1552.000000 1024.000000 -584.000000) (1552.000000 -0.000000 -584.000000) (1552.000000 0.000000 -112.000000) (1552.000000 1024.000000 -112.000000) 
4 3 38 (1552.000000 0.000000 -112.000000) (1552.000000 -0.000000 -64.000000) (1552.000000 1024.000000 -64.000000) (1552.000000 1024.000000 -112.000000) 
4 3 36 (1552.000000 2192.070000 -64.000000) (1552.000000 2192.070000 -584.000000) (1552.000000 1024.000000 -584.000000) (1552.000000 1024.000000 -64.000000) 
4 3 33 (1552.000000 -1520.070000 512.000000) (1552.000000 -0.000000 512.000000) (1552.000000 -0.000000 -64.000000) (1552.000000 -1520.070000 -64.000000) 
4 3 12 (1552.000000 256.000000 -64.000000) (1552.000000 -0.000000 -64.000000) (1552.000000 0.000000 104.000000) (1552.000000 256.000000 104.000000) 
4 3 11 (1552.000000 1040.000000 104.000000) (1552.000000 1040.000000 -64.000000) (1552.000000 1024.000000 -64.000000) (1552.000000 1024.000000 104.000000) 
4 3 10 (1552.000000 -0.000000 512.000000) (1552.000000 1040.000000 512.000000) (1552.000000 1040.000000 104.000000) (1552.000000 0.000000 104.000000) 
4 3 8 (1552.000000 1040.000000 512.000000) (1552.000000 2192.070000 512.000000) (1552.000000 2192.070000 -64.000000) (1552.000000 1040.000000 -64.000000) 
4 4 46 (1552.000000 -1536.000000 -584.000000) (1552.000000 -1536.000000 -64.000000) (1552.000000 -1520.070000 -64.000000) (1552.000000 -1520.070000 -584.000000) 
4 4 34 (1552.000000 -1536.000000 -64.000000) (1552.000000 -1536.000000 512.000000) (1552.000000 -1520.070000 512.000000) (1552.000000 -1520.070000 -64.000000) 
4 4 5 (2861.800000 -1536.000000 -584.000000) (1552.000000 -1536.000000 -584.000000) (1552.000000 -1520.070000 -584.000000) (2861.800000 -1520.070000 -584.000000) 
4 5 47 (1552.000000 -0.000000 -592.000000) (1552.000000 -1536.000000 -592.000000) (1552.000000 -1536.000000 -584.000000) (1552.000000 -0.000000 -584.000000) 
4 5 44 (1552.000000 1024.000000 -592.000000) (1552.000000 -0.000000 -592.000000) (1552.000000 -0.000000 -584.000000) (1552.000000 1024.000000 -584.000000) 
4 5 37 (1552.000000 2192.070000 -592.000000) (1552.000000 1024.000000 -592.000000) (1552.000000 1024.000000 -584.000000) (1552.000000 2192.070000 -584.000000) 
4 6 48 (576.000000 2208.000000 520.000000) (576.000000 2208.000000 512.000000) (576.000000 1040.000000 512.000000) (576.000000 1040.000000 520.000000) 
4 6 9 (576.000000 1040.000000 520.000000) (576.000000 1040.000000 512.000000) (1552.000000 1040.000000 512.000000) (1552.000000 1040.000000 520.000000) 
4 6 7 (576.000000 2192.070000 512.000000) (576.000000 2208.000000 512.000000) (1552.000000 2208.000000 512.000000) (1552.000000 2192.070000 512.000000) 
4 7 49 (576.000000 2208.000000 512.000000) (576.000000 2208.000000 -64.000000) (576.000000 2192.070000 -64.000000) (576.000000 2192.070000 512.000000) 
4 7 35 (576.000000 2192.070000 -64.000000) (576.000000 2208.000000 -64.000000) (1552.000000 2208.000000 -64.000000) (1552.000000 2192.070000 -64.000000) 
4 8 50 (576.000000 2192.070000 -64.000000) (576.000000 1040.000000 -64.000000) (576.000000 1040.000000 512.000000) (576.000000 2192.070000 512.000000) 
4 8 36 (576.000000 1040.000000 -64.000000) (576.000000 2192.070000 -64.000000) (1552.000000 2192.070000 -64.000000) (1552.000000 1040.000000 -64.000000) 
4 8 29 (956.000000 1040.000000 -64.000000) (960.000000 1040.000000 -64.000000) (960.000000 1040.000000 104.000000) (956.000000 1040.000000 104.000000) 
4 8 31 (576.000000 1040.000000 104.000000) (576.000000 1040.000000 -64.000000) (956.000000 1040.000000 -64.000000) (956.000000 1040.000000 104.000000) 
4 8 22 (960.000000 1040.000000 -64.000000) (1024.000000 1040.000000 -64.000000) (1024.000000 1040.000000 104.000000) (960.000000 1040.000000 104.000000) 
4 8 13 (1024.000000 1040.000000 -64.000000) (1536.000000 1040.000000 -64.000000) (1536.000000 1040.000000 -32.000000) (1024.000000 1040.000000 -32.000000) 
4 8 11 (1536.000000 1040.000000 -64.000000) (1552.000000 1040.000000 -64.000000) (1552.000000 1040.000000 104.000000) (1536.000000 1040.000000 104.000000) 
4 8 10 (576.000000 1040.000000 512.000000) (576.000000 1040.000000 104.000000) (1552.000000 1040.000000 104.000000) (1552.000000 1040.000000 512.000000) 
4 9 53 (576.000000 784.000000 512.000000) (576.000000 0.000000 512.000000) (576.000000 0.000000 520.000000) (576.000000 784.000000 520.000000) 
4 9 48 (576.000000 1040.000000 520.000000) (576.000000 1040.000000 512.000000) (576.000000 784.000000 512.000000) (576.000000 784.000000 520.000000) 
4 9 32 (1552.000000 0.000000 512.000000) (1552.000000 0.000000 520.000000) (576.000000 0.000000 520.000000) (576.000000 0.000000 512.000000) 
4 10 64 (576.000000 400.000000 104.000000) (576.000000 0.000000 104.000000) (576.000000 0.000000 144.000000) (576.000000 400.000000 144.000000) 
4 10 61 (576.000000 400.000000 112.000000) (576.000000 400.000000 144.000000) (576.000000 624.000000 144.000000) (576.000000 624.000000 112.000000) 
4 10 55 (576.000000 784.000000 104.000000) (576.000000 624.000000 104.000000) (576.000000 624.000000 144.000000) (576.000000 784.000000 144.000000) 
4 10 54 (576.000000 0.000000 144.000000) (576.000000 0.000000 512.000000) (576.000000 784.000000 512.000000) (576.000000 784.000000 144.000000) 
4 10 51 (576.000000 1024.000000 104.000000) (576.000000 784.000000 104.000000) (576.000000 784.000000 512.000000) (576.000000 1024.000000 512.000000) 
4 10 50 (576.000000 1040.000000 512.000000) (576.000000 1040.000000 104.000000) (576.000000 1024.000000 104.000000) (576.000000 1024.000000 512.000000) 
4 10 33 (1552.000000 0.000000 104.000000) (1552.000000 0.000000 512.000000) (576.000000 0.000000 512.000000) (576.000000 0.000000 104.000000) 
4 10 28 (956.000000 380.000000 104.000000) (956.000000 644.000000 104.000000) (960.000000 640.000000 104.000000) (960.000000 384.000000 104.000000) 
4 10 29 (956.000000 652.000000 104.000000) (956.000000 1040.000000 104.000000) (960.000000 1040.000000 104.000000) (960.000000 656.000000 104.000000) 
4 10 30 (960.000000 0.000000 104.000000) (956.000000 0.000000 104.000000) (956.000000 372.000000 104.000000) (960.000000 368.000000 104.000000) 
4 10 31 (956.000000 0.000000 104.000000) (576.000000 0.000000 104.000000) (576.000000 1040.000000 104.000000) (956.000000 1040.000000 104.000000) 
4 10 27 (1008.000000 0.000000 104.000000) (976.000000 0.000000 104.000000) (976.000000 368.000000 104.000000) (1008.000000 368.000000 104.000000) 
4 10 26 (1024.000000 0.000000 104.000000) (1008.000000 0.000000 104.000000) (1008.000000 256.000000 104.000000) (1024.000000 256.000000 104.000000) 
4 10 25 (960.000000 384.000000 104.000000) (960.000000 640.000000 104.000000) (1024.000000 640.000000 104.000000) (1024.000000 384.000000 104.000000) 
4 10 24 (976.000000 1024.000000 104.000000) (1008.000000 1024.000000 104.000000) (1008.000000 656.000000 104.000000) (976.000000 656.000000 104.000000) 
4 10 22 (960.000000 1024.000000 104.000000) (960.000000 1040.000000 104.000000) (1024.000000 1040.000000 104.000000) (1024.000000 1024.000000 104.000000) 
4 10 21 (1536.000000 0.000000 104.000000) (1024.000000 0.000000 104.000000) (1024.000000 240.000000 104.000000) (1536.000000 240.000000 104.000000) 
4 10 20 (1024.000000 256.000000 104.000000) (1024.000000 368.000000 104.000000) (1028.000000 372.000000 104.000000) (1028.000000 256.000000 104.000000) 
3 10 19 (1028.000000 380.000000 104.000000) (1152.000000 256.000000 104.000000) (1028.000000 256.000000 104.000000) 
4 10 18 (1024.000000 656.000000 104.000000) (1024.000000 704.000000 104.000000) (1028.000000 704.000000 104.000000) (1028.000000 652.000000 104.000000) 
3 10 17 (1028.000000 704.000000 104.000000) (1088.000000 704.000000 104.000000) (1028.000000 644.000000 104.000000) 
6 10 16 (1024.000000 384.000000 104.000000) (1024.000000 640.000000 104.000000) (1088.000000 704.000000 104.000000) (1536.000000 704.000000 104.000000) (1536.000000 256.000000 104.000000) (1152.000000 256.000000 104.000000) 
4 10 14 (1024.000000 704.000000 104.000000) (1024.000000 1024.000000 104.000000) (1536.000000 1024.000000 104.000000) (1536.000000 704.000000 104.000000) 
4 10 12 (1552.000000 0.000000 104.000000) (1536.000000 0.000000 104.000000) (1536.000000 256.000000 104.000000) (1552.000000 256.000000 104.000000) 
4 10 11 (1536.000000 1024.000000 104.000000) (1536.000000 1040.000000 104.000000) (1552.000000 1040.000000 104.000000) (1552.000000 1024.000000 104.000000) 
4 11 36 (1536.000000 1040.000000 -64.000000) (1552.000000 1040.000000 -64.000000) (1552.000000 1024.000000 -64.000000) (1536.000000 1024.000000 -64.000000) 
4 11 13 (1536.000000 1040.000000 -32.000000) (1536.000000 1040.000000 -64.000000) (1536.000000 1024.000000 -64.000000) (1536.000000 1024.000000 -32.000000) 
4 12 38 (1552.000000 256.000000 -64.000000) (1552.000000 -0.000000 -64.000000) (1536.000000 0.000000 -64.000000) (1536.000000 256.000000 -64.000000) 
4 12 33 (1552.000000 0.000000 -64.000000) (1552.000000 0.000000 104.000000) (1536.000000 0.000000 104.000000) (1536.000000 0.000000 -64.000000) 
4 12 21 (1536.000000 240.000000 -64.000000) (1536.000000 0.000000 -64.000000) (1536.000000 0.000000 104.000000) (1536.000000 240.000000 104.000000) 
4 13 36 (1024.000000 1040.000000 -64.000000) (1536.000000 1040.000000 -64.000000) (1536.000000 1024.000000 -64.000000) (1024.000000 1024.000000 -64.000000) 
4 13 22 (1024.000000 1040.000000 -64.000000) (1024.000000 1024.000000 -64.000000) (1024.000000 1024.000000 -32.000000) (1024.000000 1040.000000 -32.000000) 
4 14 18 (1028.000000 704.000000 104.000000) (1024.000000 704.000000 104.000000) (1024.000000 704.000000 -32.000000) (1028.000000 704.000000 -32.000000) 
4 14 17 (1088.000000 704.000000 104.000000) (1028.000000 704.000000 104.000000) (1028.000000 704.000000 -32.000000) (1088.000000 704.000000 -32.000000) 
4 14 16 (1536.000000 704.000000 -32.000000) (1536.000000 704.000000 104.000000) (1088.000000 704.000000 104.000000) (1088.000000 704.000000 -32.000000) 
4 14 15 (1536.000000 832.000000 -32.000000) (1536.000000 704.000000 -32.000000) (1280.000000 704.000000 -32.000000) (1280.000000 832.000000 -32.000000) 
4 15 16 (1280.000000 704.000000 -64.000000) (1536.000000 704.000000 -64.000000) (1536.000000 704.000000 -32.000000) (1280.000000 704.000000 -32.000000) 
4 16 25 (1024.000000 640.000000 -64.000000) (1024.000000 384.000000 -64.000000) (1024.000000 384.000000 104.000000) (1024.000000 640.000000 104.000000) 
4 16 19 (1028.000000 380.000000 -64.000000) (1152.000000 256.000000 -64.000000) (1152.000000 256.000000 104.000000) (1028.000000 380.000000 104.000000) 
4 16 17 (1088.000000 704.000000 104.000000) (1088.000000 704.000000 -64.000000) (1028.000000 644.000000 -64.000000) (1028.000000 644.000000 104.000000) 
4 17 18 (1028.000000 704.000000 -64.000000) (1028.000000 652.000000 -64.000000) (1028.000000 652.000000 104.000000) (1028.000000 704.000000 104.000000) 
4 19 20 (1028.000000 372.000000 -64.000000) (1028.000000 256.000000 -64.000000) (1028.000000 256.000000 104.000000) (1028.000000 372.000000 104.000000) 
4 21 39 (1536.000000 240.000000 -64.000000) (1536.000000 0.000000 -64.000000) (1024.000000 0.000000 -64.000000) (1024.000000 240.000000 -64.000000) 
4 21 33 (1536.000000 0.000000 104.000000) (1024.000000 0.000000 104.000000) (1024.000000 0.000000 -64.000000) (1536.000000 0.000000 -64.000000) 
4 21 26 (1024.000000 240.000000 -64.000000) (1024.000000 -0.000000 -64.000000) (1024.000000 -0.000000 104.000000) (1024.000000 240.000000 104.000000) 
4 22 36 (960.000000 1040.000000 -64.000000) (1024.000000 1040.000000 -64.000000) (1024.000000 1024.000000 -64.000000) (960.000000 1024.000000 -64.000000) 
4 22 29 (960.000000 1040.000000 104.000000) (960.000000 1040.000000 -64.000000) (960.000000 1024.000000 -64.000000) (960.000000 1024.000000 104.000000) 
4 22 24 (976.000000 1024.000000 -64.000000) (1008.000000 1024.000000 -64.000000) (1008.000000 1024.000000 104.000000) (976.000000 1024.000000 104.000000) 
4 22 23 (1008.000000 1024.000000 -64.000000) (1024.000000 1024.000000 -64.000000) (1024.000000 1024.000000 -32.000000) (1008.000000 1024.000000 -32.000000) 
4 23 40 (1024.000000 1024.000000 -64.000000) (1024.000000 704.000000 -64.000000) (1008.000000 704.000000 -64.000000) (1008.000000 1024.000000 -64.000000) 
4 23 24 (1008.000000 1024.000000 -64.000000) (1008.000000 704.000000 -64.000000) (1008.000000 704.000000 -32.000000) (1008.000000 1024.000000 -32.000000) 
4 24 40 (1008.000000 656.000000 -64.000000) (976.000000 656.000000 -64.000000) (976.000000 1024.000000 -64.000000) (1008.000000 1024.000000 -64.000000) 
4 25 28 (960.000000 640.000000 -64.000000) (960.000000 384.000000 -64.000000) (960.000000 384.000000 104.000000) (960.000000 640.000000 104.000000) 
4 26 41 (1024.000000 256.000000 -64.000000) (1024.000000 0.000000 -64.000000) (1008.000000 0.000000 -64.000000) (1008.000000 256.000000 -64.000000) 
4 26 33 (1024.000000 0.000000 104.000000) (1008.000000 0.000000 104.000000) (1008.000000 0.000000 -64.000000) (1024.000000 0.000000 -64.000000) 
4 26 27 (1008.000000 256.000000 -64.000000) (1008.000000 -0.000000 -64.000000) (1008.000000 -0.000000 104.000000) (1008.000000 256.000000 104.000000) 
4 27 41 (1008.000000 0.000000 -64.000000) (976.000000 0.000000 -64.000000) (976.000000 368.000000 -64.000000) (1008.000000 368.000000 -64.000000) 
4 27 33 (1008.000000 0.000000 104.000000) (976.000000 0.000000 104.000000) (976.000000 0.000000 -64.000000) (1008.000000 0.000000 -64.000000) 
4 28 31 (956.000000 644.000000 -64.000000) (956.000000 380.000000 -64.000000) (956.000000 380.000000 104.000000) (956.000000 644.000000 104.000000) 
4 29 36 (956.000000 1040.000000 -64.000000) (960.000000 1040.000000 -64.000000) (960.000000 1024.000000 -64.000000) (956.000000 1024.000000 -64.000000) 
4 29 31 (956.000000 1040.000000 -64.000000) (956.000000 652.000000 -64.000000) (956.000000 652.000000 104.000000) (956.000000 1040.000000 104.000000) 
4 30 33 (960.000000 0.000000 104.000000) (956.000000 0.000000 104.000000) (956.000000 0.000000 -64.000000) (960.000000 0.000000 -64.000000) 
4 30 31 (956.000000 372.000000 -64.000000) (956.000000 -0.000000 -64.000000) (956.000000 -0.000000 104.000000) (956.000000 372.000000 104.000000) 
4 31 65 (576.000000 400.000000 -64.000000) (576.000000 368.000000 -64.000000) (576.000000 368.000000 104.000000) (576.000000 400.000000 104.000000) 
4 31 62 (576.000000 608.000000 -64.000000) (576.000000 416.000000 -64.000000) (576.000000 416.000000 96.000000) (576.000000 608.000000 96.000000) 
4 31 57 (576.000000 656.000000 -64.000000) (576.000000 624.000000 -64.000000) (576.000000 624.000000 104.000000) (576.000000 656.000000 104.000000) 
4 31 50 (576.000000 1040.000000 104.000000) (576.000000 1040.000000 -64.000000) (576.000000 1024.000000 -64.000000) (576.000000 1024.000000 104.000000) 
4 31 42 (640.000000 1024.000000 -64.000000) (896.000000 1024.000000 -64.000000) (896.000000 0.000000 -64.000000) (640.000000 0.000000 -64.000000) 
4 31 36 (576.000000 1024.000000 -64.000000) (576.000000 1040.000000 -64.000000) (956.000000 1040.000000 -64.000000) (956.000000 1024.000000 -64.000000) 
4 31 33 (956.000000 0.000000 104.000000) (576.000000 0.000000 104.000000) (576.000000 0.000000 -64.000000) (956.000000 0.000000 -64.000000) 
4 32 93 (576.000000 -1536.000000 520.000000) (576.000000 -256.000000 520.000000) (576.000000 -256.000000 512.000000) (576.000000 -1536.000000 512.000000) 
4 32 53 (576.000000 -256.000000 520.000000) (576.000000 0.000000 520.000000) (576.000000 0.000000 512.000000) (576.000000 -256.000000 512.000000) 
4 32 34 (576.000000 -1536.000000 512.000000) (576.000000 -1520.070000 512.000000) (1552.000000 -1520.070000 512.000000) (1552.000000 -1536.000000 512.000000) 
4 33 98 (576.000000 -272.000000 -64.000000) (576.000000 -1520.070000 -64.000000) (576.000000 -1520.070000 512.000000) (576.000000 -272.000000 512.000000) 
4 33 95 (576.000000 -272.000000 -32.000000) (576.000000 -272.000000 104.000000) (576.000000 -256.000000 104.000000) (576.000000 -256.000000 -32.000000) 
4 33 97 (576.000000 -256.000000 -64.000000) (576.000000 -272.000000 -64.000000) (576.000000 -272.000000 -32.000000) (576.000000 -256.000000 -32.000000) 
4 33 94 (576.000000 -272.000000 104.000000) (576.000000 -272.000000 512.000000) (576.000000 -256.000000 512.000000) (576.000000 -256.000000 104.000000) 
4 33 66 (576.000000 0.000000 144.000000) (576.000000 -0.000000 -64.000000) (576.000000 -256.000000 -64.000000) (576.000000 -256.000000 144.000000) 
4 33 54 (576.000000 0.000000 512.000000) (576.000000 0.000000 144.000000) (576.000000 -256.000000 144.000000) (576.000000 -256.000000 512.000000) 
4 33 45 (576.000000 -1520.070000 -64.000000) (576.000000 -0.000000 -64.000000) (1552.000000 -0.000000 -64.000000) (1552.000000 -1520.070000 -64.000000) 
4 34 99 (576.000000 -1520.070000 -64.000000) (576.000000 -1536.000000 -64.000000) (576.000000 -1536.000000 512.000000) (576.000000 -1520.070000 512.000000) 
4 34 46 (576.000000 -1536.000000 -64.000000) (576.000000 -1520.070000 -64.000000) (1552.000000 -1520.070000 -64.000000) (1552.000000 -1536.000000 -64.000000) 
4 35 100 (576.000000 2192.070000 -64.000000) (576.000000 2208.000000 -64.000000) (576.000000 2208.000000 -584.000000) (576.000000 2192.070000 -584.000000) 
4 35 37 (576.000000 2192.070000 -584.000000) (576.000000 2208.000000 -584.000000) (1552.000000 2208.000000 -584.000000) (1552.000000 2192.070000 -584.000000) 
4 36 101 (576.000000 1024.000000 -584.000000) (576.000000 1024.000000 -64.000000) (576.000000 2192.070000 -64.000000) (576.000000 2192.070000 -584.000000) 
4 36 43 (576.000000 1024.000000 -112.000000) (576.000000 1024.000000 -584.000000) (1552.000000 1024.000000 -584.000000) (1552.000000 1024.000000 -112.000000) 
4 36 42 (640.000000 1024.000000 -72.000000) (896.000000 1024.000000 -72.000000) (896.000000 1024.000000 -64.000000) (640.000000 1024.000000 -64.000000) 
4 36 40 (960.000000 1024.000000 -112.000000) (1024.000000 1024.000000 -112.000000) (1024.000000 1024.000000 -64.000000) (960.000000 1024.000000 -64.000000) 
4 36 38 (1536.000000 1024.000000 -112.000000) (1552.000000 1024.000000 -112.000000) (1552.000000 1024.000000 -64.000000) (1536.000000 1024.000000 -64.000000) 
4 37 102 (576.000000 1024.000000 -592.000000) (576.000000 1024.000000 -584.000000) (576.000000 2208.000000 -584.000000) (576.000000 2208.000000 -592.000000) 
4 37 44 (576.000000 1024.000000 -584.000000) (576.000000 1024.000000 -592.000000) (1552.000000 1024.000000 -592.000000) (1552.000000 1024.000000 -584.000000) 
4 38 45 (1552.000000 0.000000 -112.000000) (1552.000000 0.000000 -64.000000) (1536.000000 0.000000 -64.000000) (1536.000000 0.000000 -112.000000) 
4 38 43 (1552.000000 0.000000 -112.000000) (1536.000000 0.000000 -112.000000) (1536.000000 1024.000000 -112.000000) (1552.000000 1024.000000 -112.000000) 
4 38 39 (1536.000000 256.000000 -112.000000) (1536.000000 -0.000000 -112.000000) (1536.000000 0.000000 -64.000000) (1536.000000 256.000000 -64.000000) 
4 39 45 (1536.000000 0.000000 -64.000000) (1024.000000 0.000000 -64.000000) (1024.000000 0.000000 -112.000000) (1536.000000 0.000000 -112.000000) 
4 39 43 (1536.000000 0.000000 -112.000000) (1024.000000 0.000000 -112.000000) (1024.000000 256.000000 -112.000000) (1536.000000 256.000000 -112.000000) 
4 39 41 (1024.000000 0.000000 -112.000000) (1024.000000 -0.000000 -64.000000) (1024.000000 256.000000 -64.000000) (1024.000000 256.000000 -112.000000) 
4 40 43 (960.000000 640.000000 -112.000000) (960.000000 1024.000000 -112.000000) (1024.000000 1024.000000 -112.000000) (1024.000000 640.000000 -112.000000) 
4 41 45 (1024.000000 0.000000 -64.000000) (960.000000 0.000000 -64.000000) (960.000000 0.000000 -112.000000) (1024.000000 0.000000 -112.000000) 
4 41 43 (1024.000000 0.000000 -112.000000) (960.000000 0.000000 -112.000000) (960.000000 384.000000 -112.000000) (1024.000000 384.000000 -112.000000) 
4 42 45 (896.000000 0.000000 -64.000000) (640.000000 0.000000 -64.000000) (640.000000 0.000000 -72.000000) (896.000000 0.000000 -72.000000) 
4 43 111 (576.000000 0.000000 -584.000000) (576.000000 0.000000 -112.000000) (576.000000 768.000000 -112.000000) (576.000000 768.000000 -584.000000) 
4 43 101 (576.000000 768.000000 -112.000000) (576.000000 1024.000000 -112.000000) (576.000000 1024.000000 -584.000000) (576.000000 768.000000 -584.000000) 
4 43 45 (1552.000000 0.000000 -584.000000) (1552.000000 0.000000 -112.000000) (576.000000 0.000000 -112.000000) (576.000000 0.000000 -584.000000) 
4 44 112 (576.000000 0.000000 -592.000000) (576.000000 0.000000 -584.000000) (576.000000 768.000000 -584.000000) (576.000000 768.000000 -592.000000) 
4 44 102 (576.000000 768.000000 -584.000000) (576.000000 1024.000000 -584.000000) (576.000000 1024.000000 -592.000000) (576.000000 768.000000 -592.000000) 
4 44 47 (1552.000000 0.000000 -592.000000) (1552.000000 0.000000 -584.000000) (576.000000 0.000000 -584.000000) (576.000000 0.000000 -592.000000) 
4 45 113 (576.000000 -1520.070000 -64.000000) (576.000000 -256.000000 -64.000000) (576.000000 -256.000000 -584.000000) (576.000000 -1520.070000 -584.000000) 
4 45 111 (576.000000 0.000000 -112.000000) (576.000000 0.000000 -584.000000) (576.000000 -256.000000 -584.000000) (576.000000 -256.000000 -112.000000) 
4 45 104 (576.000000 -256.000000 -64.000000) (576.000000 -0.000000 -64.000000) (576.000000 0.000000 -112.000000) (576.000000 -256.000000 -112.000000) 
4 46 114 (576.000000 -1536.000000 -64.000000) (576.000000 -1520.070000 -64.000000) (576.000000 -1520.070000 -584.000000) (576.000000 -1536.000000 -584.000000) 
4 46 47 (576.000000 -1536.000000 -584.000000) (576.000000 -1520.070000 -584.000000) (1552.000000 -1520.070000 -584.000000) (1552.000000 -1536.000000 -584.000000) 
4 47 115 (576.000000 -256.000000 -592.000000) (576.000000 -1536.000000 -592.000000) (576.000000 -1536.000000 -584.000000) (576.000000 -256.000000 -584.000000) 
4 47 112 (576.000000 0.000000 -584.000000) (576.000000 0.000000 -592.000000) (576.000000 -256.000000 -592.000000) (576.000000 -256.000000 -584.000000) 
4 48 116 (-192.000000 784.000000 512.000000) (-192.000000 784.000000 520.000000) (-192.000000 2208.000000 520.000000) (-192.000000 2208.000000 512.000000) 
4 48 53 (576.000000 784.000000 512.000000) (576.000000 784.000000 520.000000) (-192.000000 784.000000 520.000000) (-192.000000 784.000000 512.000000) 
4 48 49 (-192.000000 2192.070000 512.000000) (-192.000000 2208.000000 512.000000) (576.000000 2208.000000 512.000000) (576.000000 2192.070000 512.000000) 
4 49 117 (-192.000000 2208.000000 -64.000000) (-192.000000 2192.070000 -64.000000) (-192.000000 2192.070000 512.000000) (-192.000000 2208.000000 512.000000) 
4 49 100 (-192.000000 2192.070000 -64.000000) (-192.000000 2208.000000 -64.000000) (576.000000 2208.000000 -64.000000) (576.000000 2192.070000 -64.000000) 
4 50 118 (-192.000000 2192.070000 -64.000000) (-192.000000 1024.000000 -64.000000) (-192.000000 1024.000000 512.000000) (-192.000000 2192.070000 512.000000) 
4 50 101 (-192.000000 1024.000000 -64.000000) (-192.000000 2192.070000 -64.000000) (576.000000 2192.070000 -64.000000) (576.000000 1024.000000 -64.000000) 
4 50 52 (560.000000 1024.000000 104.000000) (-192.000000 1024.000000 104.000000) (-192.000000 1024.000000 -64.000000) (560.000000 1024.000000 -64.000000) 
4 50 51 (576.000000 1024.000000 104.000000) (576.000000 1024.000000 512.000000) (-192.000000 1024.000000 512.000000) (-192.000000 1024.000000 104.000000) 
4 51 118 (-192.000000 784.000000 104.000000) (-192.000000 784.000000 512.000000) (-192.000000 1024.000000 512.000000) (-192.000000 1024.000000 104.000000) 
4 51 86 (-144.000000 784.000000 144.000000) (-192.000000 784.000000 144.000000) (-192.000000 784.000000 104.000000) (-144.000000 784.000000 104.000000) 
4 51 55 (576.000000 784.000000 104.000000) (576.000000 784.000000 144.000000) (528.000000 784.000000 144.000000) (528.000000 784.000000 104.000000) 
4 51 54 (576.000000 784.000000 144.000000) (576.000000 784.000000 512.000000) (-192.000000 784.000000 512.000000) (-192.000000 784.000000 144.000000) 
4 51 52 (560.000000 784.000000 104.000000) (-192.000000 784.000000 104.000000) (-192.000000 1024.000000 104.000000) (560.000000 1024.000000 104.000000) 
4 52 118 (-192.000000 1024.000000 -64.000000) (-192.000000 784.000000 -64.000000) (-192.000000 784.000000 104.000000) (-192.000000 1024.000000 104.000000) 
4 52 101 (-192.000000 784.000000 -64.000000) (-192.000000 1024.000000 -64.000000) (560.000000 1024.000000 -64.000000) (560.000000 784.000000 -64.000000) 
4 52 86 (-192.000000 784.000000 -64.000000) (-144.000000 784.000000 -64.000000) (-144.000000 784.000000 104.000000) (-192.000000 784.000000 104.000000) 
4 52 56 (528.000000 784.000000 -64.000000) (560.000000 784.000000 -64.000000) (560.000000 784.000000 104.000000) (528.000000 784.000000 104.000000) 
4 53 116 (-192.000000 -256.000000 512.000000) (-192.000000 -256.000000 520.000000) (-192.000000 784.000000 520.000000) (-192.000000 784.000000 512.000000) 
4 53 93 (-192.000000 -256.000000 520.000000) (-192.000000 -256.000000 512.000000) (576.000000 -256.000000 512.000000) (576.000000 -256.000000 520.000000) 
4 54 118 (-192.000000 -256.000000 144.000000) (-192.000000 -256.000000 512.000000) (-192.000000 784.000000 512.000000) (-192.000000 784.000000 144.000000) 
4 54 94 (-192.000000 -256.000000 512.000000) (-192.000000 -256.000000 144.000000) (576.000000 -256.000000 144.000000) (576.000000 -256.000000 512.000000) 
4 54 91 (-192.000000 -16.000000 144.000000) (-192.000000 336.000000 144.000000) (-144.000000 336.000000 144.000000) (-144.000000 -16.000000 144.000000) 
4 54 89 (-128.000000 336.000000 144.000000) (-112.000000 336.000000 144.000000) (-112.000000 0.000000 144.000000) (-128.000000 16.000000 144.000000) 
4 54 92 (-112.000000 -256.000000 144.000000) (-192.000000 -256.000000 144.000000) (-192.000000 -16.000000 144.000000) (-112.000000 -16.000000 144.000000) 
4 54 87 (-192.000000 336.000000 144.000000) (-192.000000 560.000000 144.000000) (-144.000000 560.000000 144.000000) (-144.000000 336.000000 144.000000) 
4 54 86 (-192.000000 560.000000 144.000000) (-192.000000 784.000000 144.000000) (-144.000000 784.000000 144.000000) (-144.000000 560.000000 144.000000) 
4 54 84 (-112.000000 768.000000 144.000000) (-112.000000 336.000000 144.000000) (-128.000000 336.000000 144.000000) (-128.000000 752.000000 144.000000) 
4 54 81 (-48.000000 -256.000000 144.000000) (-112.000000 -256.000000 144.000000) (-112.000000 -16.000000 144.000000) (-48.000000 -16.000000 144.000000) 
4 54 79 (-112.000000 -0.000000 144.000000) (-112.000000 624.000000 144.000000) (-48.000000 624.000000 144.000000) (-48.000000 -0.000000 144.000000) 
4 54 76 (320.000000 -256.000000 144.000000) (-48.000000 -256.000000 144.000000) (-48.000000 624.000000 144.000000) (320.000000 624.000000 144.000000) 
4 54 73 (432.000000 -256.000000 144.000000) (320.000000 -256.000000 144.000000) (320.000000 80.000000 144.000000) (432.000000 80.000000 144.000000) 
4 54 72 (320.000000 80.000000 144.000000) (320.000000 624.000000 144.000000) (432.000000 624.000000 144.000000) (432.000000 80.000000 144.000000) 
5 54 69 (432.000000 -0.000000 144.000000) (432.000000 400.000000 144.000000) (512.000000 400.000000 144.000000) (512.000000 16.000000 144.000000) (496.000000 0.000000 144.000000) 
4 54 67 (528.000000 400.000000 144.000000) (560.000000 400.000000 144.000000) (560.000000 -16.000000 144.000000) (528.000000 -16.000000 144.000000) 
4 54 71 (560.000000 -256.000000 144.000000) (432.000000 -256.000000 144.000000) (432.000000 -16.000000 144.000000) (560.000000 -16.000000 144.000000) 
4 54 64 (560.000000 -0.000000 144.000000) (560.000000 400.000000 144.000000) (576.000000 400.000000 144.000000) (576.000000 -0.000000 144.000000) 
4 54 66 (576.000000 -256.000000 144.000000) (560.000000 -256.000000 144.000000) (560.000000 -0.000000 144.000000) (576.000000 -0.000000 144.000000) 
4 54 61 (528.000000 624.000000 144.000000) (576.000000 624.000000 144.000000) (576.000000 400.000000 144.000000) (528.000000 400.000000 144.000000) 
4 54 63 (432.000000 400.000000 144.000000) (432.000000 624.000000 144.000000) (512.000000 624.000000 144.000000) (512.000000 400.000000 144.000000) 
5 54 60 (-112.000000 624.000000 144.000000) (-112.000000 768.000000 144.000000) (496.000000 768.000000 144.000000) (512.000000 752.000000 144.000000) (512.000000 624.000000 144.000000) 
4 54 55 (528.000000 784.000000 144.000000) (576.000000 784.000000 144.000000) (576.000000 624.000000 144.000000) (528.000000 624.000000 144.000000) 
4 55 61 (576.000000 624.000000 112.000000) (576.000000 624.000000 144.000000) (528.000000 624.000000 144.000000) (528.000000 624.000000 112.000000) 
4 55 56 (528.000000 784.000000 104.000000) (560.000000 784.000000 104.000000) (560.000000 656.000000 104.000000) (528.000000 656.000000 104.000000) 
4 55 57 (576.000000 656.000000 104.000000) (576.000000 624.000000 104.000000) (528.000000 624.000000 104.000000) (528.000000 656.000000 104.000000) 
4 56 103 (560.000000 768.000000 -64.000000) (560.000000 656.000000 -64.000000) (528.000000 656.000000 -64.000000) (528.000000 768.000000 -64.000000) 
4 56 101 (528.000000 784.000000 -64.000000) (560.000000 784.000000 -64.000000) (560.000000 768.000000 -64.000000) (528.000000 768.000000 -64.000000) 
4 56 57 (528.000000 656.000000 104.000000) (528.000000 656.000000 -64.000000) (560.000000 656.000000 -64.000000) (560.000000 656.000000 104.000000) 
4 57 103 (576.000000 656.000000 -64.000000) (576.000000 624.000000 -64.000000) (528.000000 624.000000 -64.000000) (528.000000 656.000000 -64.000000) 
4 58 60 (512.000000 624.000000 -24.000000) (512.000000 624.000000 144.000000) (512.000000 752.000000 144.000000) (512.000000 752.000000 -24.000000) 
4 59 60 (496.000000 768.000000 -24.000000) (496.000000 768.000000 144.000000) (-112.000000 768.000000 144.000000) (-112.000000 768.000000 -24.000000) 
4 60 84 (-112.000000 768.000000 -64.000000) (-112.000000 624.000000 -64.000000) (-112.000000 624.000000 144.000000) (-112.000000 768.000000 144.000000) 
4 60 79 (-112.000000 624.000000 -64.000000) (-48.000000 624.000000 -64.000000) (-48.000000 624.000000 144.000000) (-112.000000 624.000000 144.000000) 
4 60 78 (-48.000000 624.000000 -64.000000) (192.000000 624.000000 -64.000000) (64.000000 624.000000 -32.000000) (-48.000000 624.000000 -32.000000) 
4 60 77 (192.000000 624.000000 -64.000000) (320.000000 624.000000 -64.000000) (320.000000 624.000000 -32.000000) (64.000000 624.000000 -32.000000) 
4 60 76 (320.000000 624.000000 -32.000000) (320.000000 624.000000 144.000000) (-48.000000 624.000000 144.000000) (-48.000000 624.000000 -32.000000) 
4 60 72 (320.000000 624.000000 -64.000000) (432.000000 624.000000 -64.000000) (432.000000 624.000000 144.000000) (320.000000 624.000000 144.000000) 
4 60 63 (432.000000 624.000000 -64.000000) (512.000000 624.000000 -64.000000) (512.000000 624.000000 144.000000) (432.000000 624.000000 144.000000) 
4 61 67 (560.000000 400.000000 144.000000) (528.000000 400.000000 144.000000) (528.000000 400.000000 112.000000) (560.000000 400.000000 112.000000) 
4 61 64 (576.000000 400.000000 112.000000) (576.000000 400.000000 144.000000) (560.000000 400.000000 144.000000) (560.000000 400.000000 112.000000) 
4 62 63 (512.000000 608.000000 -64.000000) (512.000000 416.000000 -64.000000) (512.000000 416.000000 96.000000) (512.000000 608.000000 96.000000) 
4 63 72 (432.000000 624.000000 144.000000) (432.000000 624.000000 -64.000000) (432.000000 400.000000 -64.000000) (432.000000 400.000000 144.000000) 
4 63 69 (432.000000 400.000000 -64.000000) (512.000000 400.000000 -64.000000) (512.000000 400.000000 144.000000) (432.000000 400.000000 144.000000) 
4 64 67 (560.000000 400.000000 144.000000) (560.000000 400.000000 104.000000) (560.000000 0.000000 104.000000) (560.000000 -0.000000 144.000000) 
4 64 65 (560.000000 368.000000 104.000000) (560.000000 400.000000 104.000000) (576.000000 400.000000 104.000000) (576.000000 368.000000 104.000000) 
4 64 66 (576.000000 0.000000 104.000000) (576.000000 0.000000 144.000000) (560.000000 0.000000 144.000000) (560.000000 0.000000 104.000000) 
4 65 104 (576.000000 400.000000 -64.000000) (576.000000 368.000000 -64.000000) (560.000000 368.000000 -64.000000) (560.000000 400.000000 -64.000000) 
4 65 67 (560.000000 400.000000 104.000000) (560.000000 400.000000 -64.000000) (560.000000 368.000000 -64.000000) (560.000000 368.000000 104.000000) 
4 66 104 (576.000000 -0.000000 -64.000000) (576.000000 -256.000000 -64.000000) (560.000000 -256.000000 -64.000000) (560.000000 -0.000000 -64.000000) 
4 66 95 (576.000000 -256.000000 -32.000000) (576.000000 -256.000000 104.000000) (560.000000 -256.000000 104.000000) (560.000000 -256.000000 -32.000000) 
4 66 97 (560.000000 -256.000000 -64.000000) (576.000000 -256.000000 -64.000000) (576.000000 -256.000000 -32.000000) (560.000000 -256.000000 -32.000000) 
4 66 94 (576.000000 -256.000000 104.000000) (576.000000 -256.000000 144.000000) (560.000000 -256.000000 144.000000) (560.000000 -256.000000 104.000000) 
4 66 67 (560.000000 -0.000000 -64.000000) (560.000000 -16.000000 -64.000000) (560.000000 -16.000000 144.000000) (560.000000 -0.000000 144.000000) 
4 66 71 (560.000000 -16.000000 -64.000000) (560.000000 -256.000000 -64.000000) (560.000000 -256.000000 144.000000) (560.000000 -16.000000 144.000000) 
4 67 104 (528.000000 400.000000 -64.000000) (560.000000 400.000000 -64.000000) (560.000000 -16.000000 -64.000000) (528.000000 -16.000000 -64.000000) 
4 67 71 (528.000000 -16.000000 -64.000000) (560.000000 -16.000000 -64.000000) (560.000000 -16.000000 144.000000) (528.000000 -16.000000 144.000000) 
4 68 69 (512.000000 400.000000 144.000000) (512.000000 400.000000 -24.000000) (512.000000 16.000000 -24.000000) (512.000000 16.000000 144.000000) 
4 69 73 (432.000000 0.000000 104.000000) (432.000000 -0.000000 144.000000) (432.000000 80.000000 144.000000) (432.000000 80.000000 104.000000) 
4 69 72 (432.000000 400.000000 -64.000000) (432.000000 80.000000 -64.000000) (432.000000 80.000000 144.000000) (432.000000 400.000000 144.000000) 
4 69 70 (496.000000 0.000000 -24.000000) (496.000000 0.000000 144.000000) (432.000000 0.000000 144.000000) (432.000000 0.000000 -24.000000) 
4 70 73 (432.000000 -8.000000 104.000000) (432.000000 -8.000000 112.000000) (432.000000 -0.000000 144.000000) (432.000000 0.000000 104.000000) 
4 71 106 (432.000000 -128.000000 -64.000000) (432.000000 -16.000000 -64.000000) (448.000000 -16.000000 -64.000000) (448.000000 -128.000000 -64.000000) 
4 71 107 (448.000000 -256.000000 -64.000000) (432.000000 -256.000000 -64.000000) (432.000000 -128.000000 -64.000000) (448.000000 -128.000000 -64.000000) 
4 71 105 (512.000000 -256.000000 -64.000000) (448.000000 -256.000000 -64.000000) (448.000000 -16.000000 -64.000000) (512.000000 -16.000000 -64.000000) 
4 71 104 (560.000000 -256.000000 -64.000000) (512.000000 -256.000000 -64.000000) (512.000000 -16.000000 -64.000000) (560.000000 -16.000000 -64.000000) 
4 71 95 (560.000000 -256.000000 -32.000000) (560.000000 -256.000000 104.000000) (432.000000 -256.000000 104.000000) (432.000000 -256.000000 -32.000000) 
4 71 97 (432.000000 -256.000000 -64.000000) (560.000000 -256.000000 -64.000000) (560.000000 -256.000000 -32.000000) (432.000000 -256.000000 -32.000000) 
4 71 94 (560.000000 -256.000000 104.000000) (560.000000 -256.000000 144.000000) (432.000000 -256.000000 144.000000) (432.000000 -256.000000 104.000000) 
4 71 74 (432.000000 -128.000000 -64.000000) (432.000000 -256.000000 -64.000000) (432.000000 -256.000000 104.000000) (432.000000 -128.000000 104.000000) 
4 71 73 (432.000000 -256.000000 104.000000) (432.000000 -256.000000 144.000000) (432.000000 -16.000000 144.000000) (432.000000 -16.000000 104.000000) 
4 72 77 (320.000000 624.000000 -64.000000) (320.000000 80.000000 -64.000000) (320.000000 80.000000 -32.000000) (320.000000 624.000000 -32.000000) 
4 72 76 (320.000000 80.000000 -32.000000) (320.000000 80.000000 144.000000) (320.000000 624.000000 144.000000) (320.000000 624.000000 -32.000000) 
4 72 73 (432.000000 80.000000 104.000000) (432.000000 80.000000 144.000000) (320.000000 80.000000 144.000000) (320.000000 80.000000 104.000000) 
4 73 94 (432.000000 -256.000000 104.000000) (432.000000 -256.000000 144.000000) (320.000000 -256.000000 144.000000) (320.000000 -256.000000 104.000000) 
4 73 76 (320.000000 -256.000000 104.000000) (320.000000 -256.000000 144.000000) (320.000000 80.000000 144.000000) (320.000000 80.000000 104.000000) 
4 73 74 (432.000000 -128.000000 104.000000) (432.000000 -256.000000 104.000000) (416.000000 -256.000000 104.000000) (416.000000 -128.000000 104.000000) 
4 73 75 (336.000000 64.000000 104.000000) (416.000000 64.000000 104.000000) (416.000000 -256.000000 104.000000) (336.000000 -256.000000 104.000000) 
4 74 107 (432.000000 -256.000000 -64.000000) (416.000000 -256.000000 -64.000000) (416.000000 -128.000000 -64.000000) (432.000000 -128.000000 -64.000000) 
4 74 95 (432.000000 -256.000000 -32.000000) (432.000000 -256.000000 104.000000) (416.000000 -256.000000 104.000000) (416.000000 -256.000000 -32.000000) 
4 74 97 (416.000000 -256.000000 -64.000000) (432.000000 -256.000000 -64.000000) (432.000000 -256.000000 -32.000000) (416.000000 -256.000000 -32.000000) 
4 74 75 (416.000000 -128.000000 -64.000000) (416.000000 -256.000000 -64.000000) (416.000000 -256.000000 104.000000) (416.000000 -128.000000 104.000000) 
4 75 107 (416.000000 -256.000000 -64.000000) (336.000000 -256.000000 -64.000000) (336.000000 -128.000000 -64.000000) (416.000000 -128.000000 -64.000000) 
4 75 95 (416.000000 -256.000000 -32.000000) (416.000000 -256.000000 104.000000) (336.000000 -256.000000 104.000000) (336.000000 -256.000000 -32.000000) 
4 75 97 (336.000000 -256.000000 -64.000000) (416.000000 -256.000000 -64.000000) (416.000000 -256.000000 -32.000000) (336.000000 -256.000000 -32.000000) 
4 76 94 (320.000000 -256.000000 104.000000) (320.000000 -256.000000 144.000000) (-48.000000 -256.000000 144.000000) (-48.000000 -256.000000 104.000000) 
4 76 81 (-48.000000 -256.000000 104.000000) (-48.000000 -256.000000 144.000000) (-48.000000 -16.000000 144.000000) (-48.000000 -16.000000 104.000000) 
4 76 80 (-48.000000 -8.000000 104.000000) (-48.000000 -8.000000 112.000000) (-48.000000 -0.000000 144.000000) (-48.000000 0.000000 -24.000000) 
4 76 79 (-48.000000 624.000000 144.000000) (-48.000000 624.000000 -32.000000) (-48.000000 -0.000000 -32.000000) (-48.000000 -0.000000 144.000000) 
4 76 78 (-48.000000 80.000000 -32.000000) (-48.000000 624.000000 -32.000000) (64.000000 624.000000 -32.000000) (64.000000 80.000000 -32.000000) 
4 76 77 (64.000000 -40.000000 -32.000000) (64.000000 624.000000 -32.000000) (320.000000 624.000000 -32.000000) (320.000000 -40.000000 -32.000000) 
4 77 78 (64.000000 624.000000 -32.000000) (192.000000 624.000000 -64.000000) (192.000000 80.000000 -64.000000) (64.000000 80.000000 -32.000000) 
4 78 79 (-48.000000 624.000000 -32.000000) (-48.000000 624.000000 -64.000000) (-48.000000 80.000000 -64.000000) (-48.000000 80.000000 -32.000000) 
4 79 89 (-112.000000 336.000000 -64.000000) (-112.000000 -0.000000 -64.000000) (-112.000000 -0.000000 144.000000) (-112.000000 336.000000 144.000000) 
4 79 84 (-112.000000 624.000000 -64.000000) (-112.000000 336.000000 -64.000000) (-112.000000 336.000000 144.000000) (-112.000000 624.000000 144.000000) 
4 79 80 (-112.000000 0.000000 144.000000) (-112.000000 0.000000 -24.000000) (-48.000000 0.000000 -24.000000) (-48.000000 0.000000 144.000000) 
4 81 94 (-48.000000 -256.000000 104.000000) (-48.000000 -256.000000 144.000000) (-112.000000 -256.000000 144.000000) (-112.000000 -256.000000 104.000000) 
4 81 92 (-112.000000 -256.000000 104.000000) (-112.000000 -256.000000 144.000000) (-112.000000 -16.000000 144.000000) (-112.000000 -16.000000 104.000000) 
4 81 82 (-64.000000 -256.000000 104.000000) (-112.000000 -256.000000 104.000000) (-112.000000 -16.000000 104.000000) (-64.000000 -16.000000 104.000000) 
4 82 96 (-64.000000 -256.000000 104.000000) (-112.000000 -256.000000 104.000000) (-112.000000 -256.000000 -32.000000) (-64.000000 -256.000000 -32.000000) 
4 82 92 (-112.000000 -256.000000 -32.000000) (-112.000000 -256.000000 104.000000) (-112.000000 -16.000000 104.000000) (-112.000000 -16.000000 -32.000000) 
4 82 83 (-64.000000 -256.000000 -32.000000) (-112.000000 -256.000000 -32.000000) (-112.000000 -16.000000 -32.000000) (-64.000000 -16.000000 -32.000000) 
4 83 108 (-48.000000 -256.000000 -64.000000) (-112.000000 -256.000000 -64.000000) (-112.000000 -16.000000 -64.000000) (-48.000000 -16.000000 -64.000000) 
4 83 97 (-112.000000 -256.000000 -64.000000) (-48.000000 -256.000000 -64.000000) (-48.000000 -256.000000 -32.000000) (-112.000000 -256.000000 -32.000000) 
4 83 92 (-112.000000 -16.000000 -64.000000) (-112.000000 -256.000000 -64.000000) (-112.000000 -256.000000 -32.000000) (-112.000000 -16.000000 -32.000000) 
4 84 89 (-128.000000 336.000000 -64.000000) (-112.000000 336.000000 -64.000000) (-112.000000 336.000000 144.000000) (-128.000000 336.000000 144.000000) 
4 84 88 (-128.000000 544.000000 -64.000000) (-128.000000 352.000000 -64.000000) (-128.000000 352.000000 96.000000) (-128.000000 544.000000 96.000000) 
4 84 85 (-128.000000 560.000000 -24.000000) (-128.000000 560.000000 144.000000) (-128.000000 752.000000 144.000000) (-128.000000 752.000000 -24.000000) 
4 86 118 (-192.000000 784.000000 -64.000000) (-192.000000 560.000000 -64.000000) (-192.000000 560.000000 144.000000) (-192.000000 784.000000 144.000000) 
4 86 109 (-192.000000 560.000000 -64.000000) (-192.000000 768.000000 -64.000000) (-144.000000 768.000000 -64.000000) (-144.000000 560.000000 -64.000000) 
4 86 101 (-192.000000 768.000000 -64.000000) (-192.000000 784.000000 -64.000000) (-144.000000 784.000000 -64.000000) (-144.000000 768.000000 -64.000000) 
4 86 87 (-192.000000 560.000000 144.000000) (-192.000000 560.000000 112.000000) (-144.000000 560.000000 112.000000) (-144.000000 560.000000 144.000000) 
4 87 118 (-192.000000 336.000000 112.000000) (-192.000000 336.000000 144.000000) (-192.000000 560.000000 144.000000) (-192.000000 560.000000 112.000000) 
4 87 91 (-192.000000 336.000000 144.000000) (-192.000000 336.000000 112.000000) (-144.000000 336.000000 112.000000) (-144.000000 336.000000 144.000000) 
4 88 118 (-192.000000 544.000000 -64.000000) (-192.000000 352.000000 -64.000000) (-192.000000 352.000000 96.000000) (-192.000000 544.000000 96.000000) 
4 89 90 (-128.000000 16.000000 -24.000000) (-128.000000 16.000000 144.000000) (-128.000000 336.000000 144.000000) (-128.000000 336.000000 -24.000000) 
4 91 118 (-192.000000 336.000000 -64.000000) (-192.000000 -16.000000 -64.000000) (-192.000000 -16.000000 144.000000) (-192.000000 336.000000 144.000000) 
4 91 110 (-192.000000 -16.000000 -64.000000) (-192.000000 336.000000 -64.000000) (-144.000000 336.000000 -64.000000) (-144.000000 -16.000000 -64.000000) 
4 91 92 (-192.000000 -16.000000 -64.000000) (-144.000000 -16.000000 -64.000000) (-144.000000 -16.000000 144.000000) (-192.000000 -16.000000 144.000000) 
4 92 118 (-192.000000 -16.000000 -64.000000) (-192.000000 -256.000000 -64.000000) (-192.000000 -256.000000 144.000000) (-192.000000 -16.000000 144.000000) 
4 92 110 (-192.000000 -256.000000 -64.000000) (-192.000000 -16.000000 -64.000000) (-128.000000 -16.000000 -64.000000) (-128.000000 -256.000000 -64.000000) 
4 92 108 (-128.000000 -16.000000 -64.000000) (-112.000000 -16.000000 -64.000000) (-112.000000 -256.000000 -64.000000) (-128.000000 -256.000000 -64.000000) 
4 92 96 (-192.000000 -256.000000 104.000000) (-192.000000 -256.000000 -32.000000) (-112.000000 -256.000000 -32.000000) (-112.000000 -256.000000 104.000000) 
4 92 97 (-192.000000 -256.000000 -32.000000) (-192.000000 -256.000000 -64.000000) (-112.000000 -256.000000 -64.000000) (-112.000000 -256.000000 -32.000000) 
4 92 94 (-192.000000 -256.000000 144.000000) (-192.000000 -256.000000 104.000000) (-112.000000 -256.000000 104.000000) (-112.000000 -256.000000 144.000000) 
4 93 116 (-192.000000 -1536.000000 512.000000) (-192.000000 -1536.000000 520.000000) (-192.000000 -256.000000 520.000000) (-192.000000 -256.000000 512.000000) 
4 93 99 (-192.000000 -1536.000000 512.000000) (-192.000000 -1520.070000 512.000000) (576.000000 -1520.070000 512.000000) (576.000000 -1536.000000 512.000000) 
4 94 118 (-192.000000 -272.000000 104.000000) (-192.000000 -272.000000 512.000000) (-192.000000 -256.000000 512.000000) (-192.000000 -256.000000 104.000000) 
4 94 98 (-192.000000 -272.000000 512.000000) (-192.000000 -272.000000 104.000000) (576.000000 -272.000000 104.000000) (576.000000 -272.000000 512.000000) 
4 94 95 (320.000000 -256.000000 104.000000) (576.000000 -256.000000 104.000000) (576.000000 -272.000000 104.000000) (320.000000 -272.000000 104.000000) 
4 94 96 (-192.000000 -272.000000 104.000000) (-192.000000 -256.000000 104.000000) (-48.000000 -256.000000 104.000000) (-48.000000 -272.000000 104.000000) 
4 95 98 (320.000000 -272.000000 -32.000000) (576.000000 -272.000000 -32.000000) (576.000000 -272.000000 104.000000) (320.000000 -272.000000 104.000000) 
4 95 97 (576.000000 -272.000000 -32.000000) (320.000000 -272.000000 -32.000000) (320.000000 -256.000000 -32.000000) (576.000000 -256.000000 -32.000000) 
4 96 118 (-192.000000 -272.000000 -32.000000) (-192.000000 -272.000000 104.000000) (-192.000000 -256.000000 104.000000) (-192.000000 -256.000000 -32.000000) 
4 96 98 (-192.000000 -272.000000 104.000000) (-192.000000 -272.000000 -32.000000) (-48.000000 -272.000000 -32.000000) (-48.000000 -272.000000 104.000000) 
4 96 97 (-48.000000 -272.000000 -32.000000) (-192.000000 -272.000000 -32.000000) (-192.000000 -256.000000 -32.000000) (-48.000000 -256.000000 -32.000000) 
4 97 118 (-192.000000 -256.000000 -64.000000) (-192.000000 -272.000000 -64.000000) (-192.000000 -272.000000 -32.000000) (-192.000000 -256.000000 -32.000000) 
4 97 113 (-192.000000 -272.000000 -64.000000) (-192.000000 -256.000000 -64.000000) (576.000000 -256.000000 -64.000000) (576.000000 -272.000000 -64.000000) 
4 97 98 (-192.000000 -272.000000 -32.000000) (-192.000000 -272.000000 -64.000000) (576.000000 -272.000000 -64.000000) (576.000000 -272.000000 -32.000000) 
4 98 118 (-192.000000 -272.000000 -64.000000) (-192.000000 -1520.070000 -64.000000) (-192.000000 -1520.070000 512.000000) (-192.000000 -272.000000 512.000000) 
4 98 113 (-192.000000 -1520.070000 -64.000000) (-192.000000 -272.000000 -64.000000) (576.000000 -272.000000 -64.000000) (576.000000 -1520.070000 -64.000000) 
4 99 119 (-192.000000 -1520.070000 -64.000000) (-192.000000 -1536.000000 -64.000000) (-192.000000 -1536.000000 512.000000) (-192.000000 -1520.070000 512.000000) 
4 99 114 (-192.000000 -1536.000000 -64.000000) (-192.000000 -1520.070000 -64.000000) (576.000000 -1520.070000 -64.000000) (576.000000 -1536.000000 -64.000000) 
4 100 117 (-192.000000 2192.070000 -64.000000) (-192.000000 2208.000000 -64.000000) (-192.000000 2208.000000 -584.000000) (-192.000000 2192.070000 -584.000000) 
4 100 102 (-192.000000 2192.070000 -584.000000) (-192.000000 2208.000000 -584.000000) (576.000000 2208.000000 -584.000000) (576.000000 2192.070000 -584.000000) 
4 101 118 (-192.000000 768.000000 -584.000000) (-192.000000 768.000000 -64.000000) (-192.000000 2192.070000 -64.000000) (-192.000000 2192.070000 -584.000000) 
4 101 111 (576.000000 768.000000 -584.000000) (576.000000 768.000000 -112.000000) (-192.000000 768.000000 -112.000000) (-192.000000 768.000000 -584.000000) 
4 101 109 (-128.000000 768.000000 -64.000000) (-192.000000 768.000000 -64.000000) (-192.000000 768.000000 -112.000000) (-128.000000 768.000000 -112.000000) 
4 101 103 (576.000000 768.000000 -112.000000) (576.000000 768.000000 -64.000000) (512.000000 768.000000 -64.000000) (512.000000 768.000000 -112.000000) 
4 102 120 (-192.000000 2208.000000 -592.000000) (-192.000000 768.000000 -592.000000) (-192.000000 768.000000 -584.000000) (-192.000000 2208.000000 -584.000000) 
4 102 112 (576.000000 768.000000 -592.000000) (576.000000 768.000000 -584.000000) (-192.000000 768.000000 -584.000000) (-192.000000 768.000000 -592.000000) 
4 103 111 (512.000000 768.000000 -112.000000) (576.000000 768.000000 -112.000000) (576.000000 608.000000 -112.000000) (512.000000 608.000000 -112.000000) 
4 104 113 (512.000000 -256.000000 -112.000000) (576.000000 -256.000000 -112.000000) (576.000000 -256.000000 -64.000000) (512.000000 -256.000000 -64.000000) 
4 104 111 (576.000000 416.000000 -112.000000) (576.000000 -256.000000 -112.000000) (512.000000 -256.000000 -112.000000) (512.000000 416.000000 -112.000000) 
4 104 105 (512.000000 -0.000000 -112.000000) (512.000000 -256.000000 -112.000000) (512.000000 -256.000000 -64.000000) (512.000000 -0.000000 -64.000000) 
4 105 113 (448.000000 -256.000000 -112.000000) (512.000000 -256.000000 -112.000000) (512.000000 -256.000000 -64.000000) (448.000000 -256.000000 -64.000000) 
4 105 111 (512.000000 -0.000000 -112.000000) (512.000000 -256.000000 -112.000000) (448.000000 -256.000000 -112.000000) (448.000000 -0.000000 -112.000000) 
4 105 106 (448.000000 -8.000000 -112.000000) (448.000000 -128.000000 -112.000000) (448.000000 -128.000000 -64.000000) (448.000000 -8.000000 -64.000000) 
4 105 107 (448.000000 -128.000000 -112.000000) (448.000000 -256.000000 -112.000000) (448.000000 -256.000000 -64.000000) (448.000000 -128.000000 -64.000000) 
4 106 111 (448.000000 -8.000000 -112.000000) (448.000000 -128.000000 -112.000000) (432.000000 -128.000000 -112.000000) (432.000000 -8.000000 -112.000000) 
4 106 107 (432.000000 -128.000000 -112.000000) (448.000000 -128.000000 -112.000000) (448.000000 -128.000000 -64.000000) (432.000000 -128.000000 -64.000000) 
4 107 113 (320.000000 -256.000000 -112.000000) (448.000000 -256.000000 -112.000000) (448.000000 -256.000000 -64.000000) (320.000000 -256.000000 -64.000000) 
4 107 111 (448.000000 -128.000000 -112.000000) (448.000000 -256.000000 -112.000000) (320.000000 -256.000000 -112.000000) (320.000000 -128.000000 -112.000000) 
4 108 113 (-128.000000 -256.000000 -112.000000) (-48.000000 -256.000000 -112.000000) (-48.000000 -256.000000 -64.000000) (-128.000000 -256.000000 -64.000000) 
4 108 111 (-48.000000 -0.000000 -112.000000) (-48.000000 -256.000000 -112.000000) (-128.000000 -256.000000 -112.000000) (-128.000000 -0.000000 -112.000000) 
4 108 110 (-128.000000 -0.000000 -112.000000) (-128.000000 -256.000000 -112.000000) (-128.000000 -256.000000 -64.000000) (-128.000000 -0.000000 -64.000000) 
4 109 118 (-192.000000 544.000000 -64.000000) (-192.000000 768.000000 -64.000000) (-192.000000 768.000000 -112.000000) (-192.000000 544.000000 -112.000000) 
4 109 111 (-192.000000 544.000000 -112.000000) (-192.000000 768.000000 -112.000000) (-128.000000 768.000000 -112.000000) (-128.000000 544.000000 -112.000000) 
4 110 118 (-192.000000 -256.000000 -112.000000) (-192.000000 -256.000000 -64.000000) (-192.000000 352.000000 -64.000000) (-192.000000 352.000000 -112.000000) 
4 110 113 (-192.000000 -256.000000 -64.000000) (-192.000000 -256.000000 -112.000000) (-128.000000 -256.000000 -112.000000) (-128.000000 -256.000000 -64.000000) 
4 110 111 (-192.000000 -256.000000 -112.000000) (-192.000000 352.000000 -112.000000) (-128.000000 352.000000 -112.000000) (-128.000000 -256.000000 -112.000000) 
4 111 118 (-192.000000 -256.000000 -584.000000) (-192.000000 -256.000000 -112.000000) (-192.000000 768.000000 -112.000000) (-192.000000 768.000000 -584.000000) 
4 111 113 (-192.000000 -256.000000 -112.000000) (-192.000000 -256.000000 -584.000000) (576.000000 -256.000000 -584.000000) (576.000000 -256.000000 -112.000000) 
4 112 120 (-192.000000 -256.000000 -592.000000) (-192.000000 -256.000000 -584.000000) (-192.000000 768.000000 -584.000000) (-192.000000 768.000000 -592.000000) 
4 112 115 (-192.000000 -256.000000 -584.000000) (-192.000000 -256.000000 -592.000000) (576.000000 -256.000000 -592.000000) (576.000000 -256.000000 -584.000000) 
4 113 118 (-192.000000 -1520.070000 -64.000000) (-192.000000 -256.000000 -64.000000) (-192.000000 -256.000000 -584.000000) (-192.000000 -1520.070000 -584.000000) 
4 114 119 (-192.000000 -1536.000000 -584.000000) (-192.000000 -1536.000000 -64.000000) (-192.000000 -1520.070000 -64.000000) (-192.000000 -1520.070000 -584.000000) 
4 114 115 (-192.000000 -1536.000000 -584.000000) (-192.000000 -1520.070000 -584.000000) (576.000000 -1520.070000 -584.000000) (576.000000 -1536.000000 -584.000000) 
4 115 120 (-192.000000 -1536.000000 -592.000000) (-192.000000 -1536.000000 -584.000000) (-192.000000 -256.000000 -584.000000) (-192.000000 -256.000000 -592.000000) 
4 116 117 (-1869.800000 2208.000000 512.000000) (-192.000000 2208.000000 512.000000) (-192.000000 2192.070000 512.000000) (-1869.800000 2192.070000 512.000000) 
4 116 119 (-192.000000 -1520.070000 512.000000) (-192.000000 -1536.000000 512.000000) (-1869.800000 -1536.000000 512.000000) (-1869.800000 -1520.070000 512.000000) 
4 116 121 (-1888.000000 -1536.000000 512.000000) (-1888.000000 2208.000000 512.000000) (-1869.800000 2208.000000 512.000000) (-1869.800000 -1536.000000 512.000000) 
4 117 121 (-1869.800000 2192.070000 512.000000) (-1869.800000 2208.000000 512.000000) (-1869.800000 2208.000000 -584.000000) (-1869.800000 2192.070000 -584.000000) 
4 117 120 (-1869.800000 2208.000000 -584.000000) (-192.000000 2208.000000 -584.000000) (-192.000000 2192.070000 -584.000000) (-1869.800000 2192.070000 -584.000000) 
4 119 120 (-192.000000 -1520.070000 -584.000000) (-192.000000 -1536.000000 -584.000000) (-1869.800000 -1536.000000 -584.000000) (-1869.800000 -1520.070000 -584.000000) 
4 119 121 (-1869.800000 -1536.000000 -584.000000) (-1869.800000 -1536.000000 512.000000) (-1869.800000 -1520.070000 512.000000) (-1869.800000 -1520.070000 -584.000000) 
4 120 121 (-1869.800000 -1536.000000 -592.000000) (-1869.800000 -1536.000000 -584.000000) (-1869.800000 2208.000000 -584.000000) (-1869.800000 2208.000000 -592.000000) 
