sdHLCSG v1.2.0 64-bit (Jul 11 2024)
seedee's Half-Life Compilation Tools
Based on code modifications by Sean 'Zoner' Cavanaugh and Vluzacn
Based on Valve's version, modified with permission.
Submit detailed bug reports to (github.com/seedee/SDHLT/issues)
-----  BEGIN  sdHLCSG -----
Command line: "C:\Program Files\J.A.C.K\CompilationTools\sdHLCSG_x64.exe" C:\Users\theje\NZP\nzp\maps\progress -wadinclude jtext -wadinclude jwoc -wadinclude jdev -wadinclude jstuf -wadinclude jdepr 
Arguments: C:\Users\theje\NZP\nzp\maps\progress -wadinclude jtext -wadinclude jwoc -wadinclude jdev -wadinclude jstuf -wadinclude jdepr -low 
Entering C:\Users\theje\NZP\nzp\maps\progress.map

Current sdHLCSG Settings
Name                 |  Setting  |  Default
---------------------|-----------|-------------------------
threads               [      12 ] [  Varies ]
verbose               [     off ] [     off ]
log                   [      on ] [      on ]
reset logfile         [      on ] [      on ]
developer             [       0 ] [       0 ]
chart                 [      on ] [      on ]
estimate              [     off ] [     off ]
max texture memory    [ 33554432 ] [ 33554432 ]
max lighting memory   [ 50331648 ] [ 50331648 ]
priority              [     Low ] [  Normal ]

noclip                [     off ] [     off ]
null texture stripping[      on ] [      on ]
clipnode economy mode [     off ] [     off ]
clip hull type        [  simple ] [  simple ]
onlyents              [     off ] [     off ]
wadtextures           [      on ] [      on ]
skyclip               [      on ] [      on ]
hullfile              [    None ] [    None ]
wad.cfg file          [    None ] [    None ]
wad.cfg config name   [    None ] [    None ]
nullfile              [    None ] [    None ]
nullify trigger       [      on ] [      on ]
min surface area      [   0.000 ] [   0.000 ]
brush union threshold [   0.000 ] [   0.000 ]
map scaling           [    None ] [    None ]
light name optimize   [      on ] [      on ]
convert game_text     [      on ] [      on ]
world extent          [   65536 ] [   65536 ]

Loading mapfile wad configuration by default
Wadinclude list
---------------
sdhlt.wad
jtext
jwoc
jdev
jstuf
jdepr
---------------


CreateBrush:
 (0.00 seconds)
CSGBrush:
 (0.06 seconds)

No wad files used by the map
Additional wad files included
-----------------------------
[sdhlt.wad] 1/27 texture (6.25%)
 - /Users/theje/Assets/Jeyphr-s-Wads/SeeDee's Half Life Tools/sdhlt.wad
[JTEXT.wad] 11/228 textures (68.75%)
 - /Users/theje/Assets/Jeyphr-s-Wads/Jeyphr's WADS/Half Life and NZP/JTEXT.wad
[JWOC.wad] 4/265 textures (25.00%)
 - /Users/theje/Assets/Jeyphr-s-Wads/Jeyphr's WADS/Half Life and NZP/JWOC.wad
-----------------------------

Texture usage: 0.32/32.00 MB)

Object names  Objects/Maxobjs  Memory / Maxmem  Fullness
------------  ---------------  ---------------  --------
models              0/512            0/32768    ( 0.0%)
planes            682/32768      13640/655360   ( 2.1%)
vertexes            0/65535          0/786420   ( 0.0%)
nodes               0/32767          0/786408   ( 0.0%)
texinfos          110/32767       4400/1310680  ( 0.3%)
faces               0/65535          0/1310700  ( 0.0%)
* worldfaces        0/32768          0/0        ( 0.0%)
clipnodes           0/32767          0/262136   ( 0.0%)
leaves              0/32760          0/917280   ( 0.0%)
* worldleaves       0/8192           0/0        ( 0.0%)
marksurfaces        0/65535          0/131070   ( 0.0%)
surfedges           0/512000         0/2048000  ( 0.0%)
edges               0/256000         0/1024000  ( 0.0%)
texdata          [variable]     334020/33554432 ( 1.0%)
lightdata        [variable]          0/50331648 ( 0.0%)
visdata          [variable]          0/8388608  ( 0.0%)
entdata          [variable]       1482/2097152  ( 0.1%)
* AllocBlock        0/64             0/0        ( 0.0%)
16 textures referenced
=== Total BSP file data space used: 353542 bytes ===

No wad files required to run the map
0.11 seconds elapsed

-----   END   sdHLCSG -----



sdHLBSP v1.2.0 64-bit (Jul 11 2024)
seedee's Half-Life Compilation Tools
Based on code modifications by Sean 'Zoner' Cavanaugh and Vluzacn
Based on Valve's version, modified with permission.
Submit detailed bug reports to (github.com/seedee/SDHLT/issues)
-----  BEGIN  sdHLBSP -----
Command line: "C:\Program Files\J.A.C.K\CompilationTools\sdHLBSP_x64.exe" C:\Users\theje\NZP\nzp\maps\progress 
Arguments: C:\Users\theje\NZP\nzp\maps\progress -low 

Current sdHLBSP Settings
Name               |  Setting  |  Default
-------------------|-----------|-------------------------
threads             [      12 ] [  Varies ]
verbose             [     off ] [     off ]
log                 [      on ] [      on ]
developer           [       0 ] [       0 ]
chart               [      on ] [      on ]
estimate            [     off ] [     off ]
max texture memory  [ 33554432 ] [ 33554432 ]
priority            [     Low ] [  Normal ]

noclip              [     off ] [     off ]
nofill              [     off ] [     off ]
noinsidefill        [     off ] [     off ]
noopt               [     off ] [     off ]
no clipnode merging [     off ] [     off ]
null tex. stripping [      on ] [      on ]
notjunc             [     off ] [     off ]
nobrink             [     off ] [     off ]
subdivide size      [     240 ] [     240 ] (Min 64) (Max 512)
max node size       [    1024 ] [    1024 ] (Min 64) (Max 65536)
remove hull 2       [     off ] [     off ]


SolidBSP [hull 0] 229 (0.01 seconds)
BSP generation successful, writing portal file 'C:\Users\theje\NZP\nzp\maps\progress.prt'
SolidBSP [hull 1] 246 (0.01 seconds)
SolidBSP [hull 2] 234 (0.01 seconds)
SolidBSP [hull 3] 247 (0.01 seconds)
Reduced 636 clipnodes to 570
Reduced 110 texinfos to 110
Reduced 16 texdatas to 16 (334020 bytes to 334020)
Reduced 682 planes to 267
FixBrinks:
Increased 570 clipnodes to 618.

Object names  Objects/Maxobjs  Memory / Maxmem  Fullness
------------  ---------------  ---------------  --------
models              1/512           64/32768    ( 0.2%)
planes            267/32768       5340/655360   ( 0.8%)
vertexes          486/65535       5832/786420   ( 0.7%)
nodes             228/32767       5472/786408   ( 0.7%)
texinfos          110/32767       4400/1310680  ( 0.3%)
faces             335/65535       6700/1310700  ( 0.5%)
* worldfaces      335/32768          0/0        ( 1.0%)
clipnodes         618/32767       4944/262136   ( 1.9%)
leaves            123/32760       3444/917280   ( 0.4%)
* worldleaves     122/8192           0/0        ( 1.5%)
marksurfaces      373/65535        746/131070   ( 0.6%)
surfedges        1566/512000      6264/2048000  ( 0.3%)
edges             859/256000      3436/1024000  ( 0.3%)
texdata          [variable]     334020/33554432 ( 1.0%)
lightdata        [variable]          0/50331648 ( 0.0%)
visdata          [variable]          0/8388608  ( 0.0%)
entdata          [variable]       1482/2097152  ( 0.1%)
* AllocBlock        2/64             0/0        ( 3.1%)
16 textures referenced
=== Total BSP file data space used: 382144 bytes ===

No wad files required to run the map
0.12 seconds elapsed

-----   END   sdHLBSP -----



sdHLVIS v1.2.0 64-bit (Jul 11 2024)
seedee's Half-Life Compilation Tools
Based on code modifications by Sean 'Zoner' Cavanaugh and Vluzacn
Based on Valve's version, modified with permission.
Submit detailed bug reports to (github.com/seedee/SDHLT/issues)
-----  BEGIN  sdHLVIS -----
Command line: "C:\Program Files\J.A.C.K\CompilationTools\sdHLVIS_x64.exe" C:\Users\theje\NZP\nzp\maps\progress 
Arguments: C:\Users\theje\NZP\nzp\maps\progress -low 
 122 portalleafs
 365 numportals

-= Current sdHLVIS Settings =-
Name               |  Setting  |  Default
-------------------|-----------|-------------------------
threads             [      12 ] [  Varies ]
verbose             [     off ] [     off ]
log                 [      on ] [      on ]
developer           [       0 ] [       0 ]
chart               [      on ] [      on ]
estimate            [     off ] [     off ]
max texture memory  [ 33554432 ] [ 33554432 ]
max vis distance    [       0 ] [       0 ]
priority            [     Low ] [  Normal ]

fast vis            [     off ] [     off ]
full vis            [     off ] [     off ]
nofixprt            [     off ] [     off ]


BasePortalVis:
 (0.00 seconds)
LeafThread:
 (0.01 seconds)
average leafs visible: 44
g_visdatasize:2010  compressed from 1952

Reading portal file 'C:\Users\theje\NZP\nzp\maps\progress.prt'
Reduced 489 lines to 367
Optimization for J.A.C.K. map editor successful, writing portal file 'C:\Users\theje\NZP\nzp\maps\progress.prt'

Object names  Objects/Maxobjs  Memory / Maxmem  Fullness
------------  ---------------  ---------------  --------
models              1/512           64/32768    ( 0.2%)
planes            267/32768       5340/655360   ( 0.8%)
vertexes          486/65535       5832/786420   ( 0.7%)
nodes             228/32767       5472/786408   ( 0.7%)
texinfos          110/32767       4400/1310680  ( 0.3%)
faces             335/65535       6700/1310700  ( 0.5%)
* worldfaces      335/32768          0/0        ( 1.0%)
clipnodes         618/32767       4944/262136   ( 1.9%)
leaves            123/32760       3444/917280   ( 0.4%)
* worldleaves     122/8192           0/0        ( 1.5%)
marksurfaces      373/65535        746/131070   ( 0.6%)
surfedges        1566/512000      6264/2048000  ( 0.3%)
edges             859/256000      3436/1024000  ( 0.3%)
texdata          [variable]     334020/33554432 ( 1.0%)
lightdata        [variable]          0/50331648 ( 0.0%)
visdata          [variable]       2010/8388608  ( 0.0%)
entdata          [variable]       1482/2097152  ( 0.1%)
* AllocBlock        2/64             0/0        ( 3.1%)
16 textures referenced
=== Total BSP file data space used: 384154 bytes ===

No wad files required to run the map
0.02 seconds elapsed

-----   END   sdHLVIS -----



sdHLRAD v1.2.0 64-bit (Jul 11 2024)
seedee's Half-Life Compilation Tools
Based on code modifications by Sean 'Zoner' Cavanaugh and Vluzacn
Based on Valve's version, modified with permission.
Submit detailed bug reports to (github.com/seedee/SDHLT/issues)
-----  BEGIN  sdHLRAD -----
Command line: "C:\Program Files\J.A.C.K\CompilationTools\sdHLRAD_x64.exe" C:\Users\theje\NZP\nzp\maps\progress 
Arguments: C:\Users\theje\NZP\nzp\maps\progress -low 

-= Current sdHLRAD Settings =-
Name                | Setting             | Default
--------------------|---------------------|-------------------------
threads              [                12 ] [            Varies ]
verbose              [               off ] [               off ]
log                  [                on ] [                on ]
developer            [                 0 ] [                 0 ]
chart                [                on ] [                on ]
estimate             [               off ] [               off ]
max texture memory   [          33554432 ] [          33554432 ]
max lighting memory  [          50331648 ] [          50331648 ]
priority             [               Low ] [            Normal ]

fast rad             [               off ] [               off ]
vismatrix algorithm  [            Sparse ] [            Sparse ]
pre-25th anniversary [               off ] [               off ]
oversampling (-extra)[               off ] [               off ]
bounces              [                 8 ] [                 8 ]
ambient light        [ 0.000 0.000 0.000 ] [ 0.000 0.000 0.000 ]
light limit threshold[           255.000 ] [           255.000 ]
circus mode          [               off ] [               off ]

smoothing threshold  [            50.000 ] [            50.000 ]
smoothing threshold 2[             0.000 ] [         no change ]
direct threshold     [            10.000 ] [            10.000 ]
direct light scale   [             1.000 ] [             1.000 ]
coring threshold     [             0.010 ] [             0.010 ]
patch interpolation  [                on ] [                on ]

texscale             [                on ] [                on ]
patch subdividing    [                on ] [                on ]
chop value           [            64.000 ] [            64.000 ]
texchop value        [            32.000 ] [            32.000 ]

global fade          [             1.000 ] [             1.000 ]
global texlight gap  [             0.000 ] [             0.000 ]
global light scale   [ 2.000 2.000 2.000 ] [ 2.000 2.000 2.000 ]
global gamma         [ 0.550 0.550 0.550 ] [ 0.550 0.550 0.550 ]
global light scale   [             2.000 ] [             2.000 ]
global sky diffusion [             1.000 ] [             1.000 ]

spread angles        [                on ] [                on ]
opaque brush models  [                on ] [                on ]
opaque studio models [                on ] [                on ]
sky lighting fix     [                on ] [                on ]
incremental          [               off ] [               off ]
dump                 [               off ] [               off ]

colour jitter        [       0.0 0.0 0.0 ] [       0.0 0.0 0.0 ]
monochromatic jitter [       0.0 0.0 0.0 ] [       0.0 0.0 0.0 ]

custom shadows with bounce light
                     [               off ] [               off ]
rgb transfers        [               off ] [               off ]
minimum final light  [                 0 ] [                 0 ]
size of transfer     [         1 (16bit) ] [         1 (16bit) ]
size of rgbtransfer  [         2 (32bit) ] [         2 (32bit) ]
soft sky             [                on ] [                on ]
translucent depth    [             2.000 ] [             2.000 ]
block opaque         [                on ] [                on ]
ignore textures      [               off ] [               off ]
reflectivity gamma   [             1.760 ] [             1.760 ]
reflectivity scale   [             0.700 ] [             0.700 ]
blur size            [             1.500 ] [             1.500 ]
no emitter range     [               off ] [               off ]
wall bleeding fix    [                on ] [                on ]


Load Textures:
16 textures referenced
Reading texlights from 'C:\Program Files\J.A.C.K\CompilationTools\lights.rad'
0 texlights parsed (C:\Program Files\J.A.C.K\CompilationTools\lights.rad)
0 opaque models
0 opaque faces
335 faces
Create Patches : 1225 base patches
19465 square feet [2803011.00 square inches]
4 direct lights and 0 fast direct lights
1 light styles
0 opaque studio models

FindFacePositions:
 (0.02 seconds)
BuildFacelights:
 (0.04 seconds)
BuildVisLeafs:
 (0.03 seconds)
visibility matrix   :   0.2 megs
MakeScales:
 (0.02 seconds)
Transfer Lists :      365007 :   365.01k transfers
       Indices :      146428 :   143.00k bytes
          Data :      733641 :   716.45k bytes
Bounce 1 GatherLight:
 (0.00 seconds)
Bounce 2 GatherLight:
 (0.00 seconds)
Bounce 3 GatherLight:
 (0.00 seconds)
Bounce 4 GatherLight:
 (0.00 seconds)
Bounce 5 GatherLight:
 (0.00 seconds)
Bounce 6 GatherLight:
 (0.00 seconds)
Bounce 7 GatherLight:
 (0.00 seconds)
Bounce 8 GatherLight:
 (0.00 seconds)
CreateTriangulations:
 (0.00 seconds)
AddPatchLights:
 (0.04 seconds)
FinalLightFace:
 (0.00 seconds)

Object names  Objects/Maxobjs  Memory / Maxmem  Fullness
------------  ---------------  ---------------  --------
models              1/512           64/32768    ( 0.2%)
planes            267/32768       5340/655360   ( 0.8%)
vertexes          486/65535       5832/786420   ( 0.7%)
nodes             228/32767       5472/786408   ( 0.7%)
texinfos          110/32767       4400/1310680  ( 0.3%)
faces             335/65535       6700/1310700  ( 0.5%)
* worldfaces      335/32768          0/0        ( 1.0%)
clipnodes         618/32767       4944/262136   ( 1.9%)
leaves            123/32760       3444/917280   ( 0.4%)
* worldleaves     122/8192           0/0        ( 1.5%)
marksurfaces      373/65535        746/131070   ( 0.6%)
surfedges        1566/512000      6264/2048000  ( 0.3%)
edges             859/256000      3436/1024000  ( 0.3%)
texdata          [variable]     334020/33554432 ( 1.0%)
lightdata        [variable]      25023/50331648 ( 0.0%)
visdata          [variable]       2010/8388608  ( 0.0%)
entdata          [variable]       1482/2097152  ( 0.1%)
* AllocBlock        2/64             0/0        ( 3.1%)
16 textures referenced
=== Total BSP file data space used: 409177 bytes ===

No wad files required to run the map
0.36 seconds elapsed

-----   END   sdHLRAD -----



