94
242
4 0 31 (704.000000 520.000000 -136.000000) (704.000000 512.000000 -136.000000) (704.000000 512.000000 552.000000) (704.000000 520.000000 552.000000) 
4 0 2 (704.000000 512.000000 552.000000) (704.000000 512.000000 544.000000) (1408.000000 512.000000 544.000000) (1408.000000 512.000000 552.000000) 
4 0 1 (1408.000000 512.000000 -136.000000) (1416.000000 512.000000 -136.000000) (1416.000000 512.000000 552.000000) (1408.000000 512.000000 552.000000) 
4 1 59 (1408.000000 -128.000000 -136.000000) (1416.000000 -128.000000 -136.000000) (1416.000000 -128.000000 552.000000) (1408.000000 -128.000000 552.000000) 
4 1 2 (1408.000000 -128.000000 544.000000) (1408.000000 -128.000000 552.000000) (1408.000000 512.000000 552.000000) (1408.000000 512.000000 544.000000) 
4 2 60 (704.000000 -128.000000 552.000000) (704.000000 -128.000000 544.000000) (1408.000000 -128.000000 544.000000) (1408.000000 -128.000000 552.000000) 
4 2 32 (704.000000 -128.000000 544.000000) (704.000000 -128.000000 552.000000) (704.000000 512.000000 552.000000) (704.000000 512.000000 544.000000) 
4 3 33 (704.000000 256.000000 544.000000) (704.000000 512.000000 544.000000) (704.000000 512.000000 288.000000) (704.000000 256.000000 288.000000) 
4 3 7 (704.000000 256.000000 288.000000) (704.000000 512.000000 288.000000) (1344.000000 512.000000 288.000000) (1344.000000 256.000000 288.000000) 
4 3 6 (1344.000000 512.000000 288.000000) (1408.000000 512.000000 288.000000) (1408.000000 256.000000 288.000000) (1344.000000 256.000000 288.000000) 
4 3 5 (1344.000000 256.000000 288.000000) (1408.000000 256.000000 288.000000) (1408.000000 256.000000 304.000000) (1344.000000 256.000000 304.000000) 
4 3 4 (704.000000 256.000000 544.000000) (704.000000 256.000000 304.000000) (1408.000000 256.000000 304.000000) (1408.000000 256.000000 544.000000) 
4 4 61 (704.000000 -128.000000 544.000000) (704.000000 -128.000000 304.000000) (1408.000000 -128.000000 304.000000) (1408.000000 -128.000000 544.000000) 
4 4 33 (704.000000 -128.000000 304.000000) (704.000000 -128.000000 544.000000) (704.000000 256.000000 544.000000) (704.000000 256.000000 304.000000) 
4 4 5 (1408.000000 -128.000000 304.000000) (1344.000000 -128.000000 304.000000) (1344.000000 256.000000 304.000000) (1408.000000 256.000000 304.000000) 
4 5 61 (1344.000000 -128.000000 288.000000) (1408.000000 -128.000000 288.000000) (1408.000000 -128.000000 304.000000) (1344.000000 -128.000000 304.000000) 
4 5 6 (1344.000000 256.000000 288.000000) (1408.000000 256.000000 288.000000) (1408.000000 -128.000000 288.000000) (1344.000000 -128.000000 288.000000) 
4 6 61 (1344.000000 -128.000000 128.000000) (1408.000000 -128.000000 128.000000) (1408.000000 -128.000000 288.000000) (1344.000000 -128.000000 288.000000) 
4 6 17 (1408.000000 -128.000000 128.000000) (1344.000000 -128.000000 128.000000) (1344.000000 512.000000 128.000000) (1408.000000 512.000000 128.000000) 
4 6 9 (1344.000000 32.000000 128.000000) (1344.000000 -96.000000 128.000000) (1344.000000 -96.000000 256.000000) (1344.000000 32.000000 256.000000) 
4 6 8 (1344.000000 224.000000 128.000000) (1344.000000 96.000000 128.000000) (1344.000000 96.000000 256.000000) (1344.000000 224.000000 256.000000) 
4 6 7 (1344.000000 512.000000 128.000000) (1344.000000 256.000000 128.000000) (1344.000000 256.000000 288.000000) (1344.000000 512.000000 288.000000) 
4 7 33 (704.000000 256.000000 288.000000) (704.000000 512.000000 288.000000) (704.000000 512.000000 128.000000) (704.000000 256.000000 128.000000) 
4 7 20 (704.000000 256.000000 128.000000) (704.000000 448.000000 128.000000) (1216.000000 448.000000 128.000000) (1216.000000 256.000000 128.000000) 
4 7 19 (704.000000 448.000000 128.000000) (704.000000 512.000000 128.000000) (1216.000000 512.000000 128.000000) (1216.000000 448.000000 128.000000) 
4 7 18 (1216.000000 512.000000 128.000000) (1344.000000 512.000000 128.000000) (1344.000000 256.000000 128.000000) (1216.000000 256.000000 128.000000) 
4 8 15 (1336.000000 120.000000 128.000000) (1336.000000 96.000000 128.000000) (1336.000000 96.000000 256.000000) (1336.000000 120.000000 256.000000) 
4 8 10 (1336.000000 224.000000 128.000000) (1336.000000 120.000000 128.000000) (1336.000000 120.000000 256.000000) (1336.000000 224.000000 256.000000) 
4 9 15 (1336.000000 32.000000 128.000000) (1336.000000 -96.000000 128.000000) (1336.000000 -96.000000 256.000000) (1336.000000 32.000000 256.000000) 
4 10 13 (1336.000000 120.000000 256.000000) (1336.000000 120.000000 288.000000) (1224.000000 120.000000 288.000000) (1224.000000 120.000000 256.000000) 
4 10 15 (1224.000000 120.000000 128.000000) (1336.000000 120.000000 128.000000) (1336.000000 120.000000 256.000000) (1224.000000 120.000000 256.000000) 
4 11 24 (1000.000000 248.000000 128.000000) (1216.000000 248.000000 128.000000) (1216.000000 128.000000 128.000000) (1000.000000 128.000000 128.000000) 
4 11 12 (768.000000 128.000000 128.000000) (896.000000 128.000000 128.000000) (896.000000 128.000000 256.000000) (768.000000 128.000000 256.000000) 
4 12 15 (768.000000 120.000000 128.000000) (896.000000 120.000000 128.000000) (896.000000 120.000000 256.000000) (768.000000 120.000000 256.000000) 
4 13 15 (1000.000000 120.000000 256.000000) (1336.000000 120.000000 256.000000) (1336.000000 -120.000000 256.000000) (1000.000000 -120.000000 256.000000) 
4 14 15 (712.000000 120.000000 256.000000) (992.000000 120.000000 256.000000) (992.000000 -120.000000 256.000000) (712.000000 -120.000000 256.000000) 
4 15 16 (712.000000 120.000000 256.000000) (712.000000 120.000000 128.000000) (712.000000 -8.000000 128.000000) (712.000000 -8.000000 256.000000) 
4 16 33 (704.000000 120.000000 256.000000) (704.000000 120.000000 128.000000) (704.000000 -8.000000 128.000000) (704.000000 -8.000000 256.000000) 
4 17 70 (1344.000000 -128.000000 -80.000000) (1408.000000 -128.000000 -80.000000) (1408.000000 -128.000000 -64.000000) (1344.000000 -128.000000 -64.000000) 
4 17 69 (1408.000000 -128.000000 -64.000000) (1408.000000 -128.000000 -48.000000) (1344.000000 -128.000000 -48.000000) (1344.000000 -128.000000 -64.000000) 
4 17 65 (1408.000000 -128.000000 -48.000000) (1408.000000 -128.000000 112.000000) (1344.000000 -128.000000 112.000000) (1344.000000 -128.000000 -48.000000) 
4 17 62 (1408.000000 -128.000000 112.000000) (1408.000000 -128.000000 128.000000) (1344.000000 -128.000000 128.000000) (1344.000000 -128.000000 112.000000) 
4 17 30 (1344.000000 512.000000 -80.000000) (1408.000000 512.000000 -80.000000) (1408.000000 -128.000000 -80.000000) (1344.000000 -128.000000 -80.000000) 
4 17 22 (1344.000000 128.000000 -48.000000) (1344.000000 0.000000 -48.000000) (1344.000000 0.000000 80.000000) (1344.000000 128.000000 80.000000) 
4 17 18 (1344.000000 512.000000 128.000000) (1344.000000 512.000000 -80.000000) (1344.000000 256.000000 -80.000000) (1344.000000 256.000000 128.000000) 
4 18 30 (1216.000000 512.000000 -80.000000) (1344.000000 512.000000 -80.000000) (1344.000000 256.000000 -80.000000) (1216.000000 256.000000 -80.000000) 
4 18 21 (1216.000000 256.000000 -64.000000) (1216.000000 256.000000 0.000000) (1216.000000 440.000000 0.000000) (1216.000000 440.000000 -64.000000) 
4 18 20 (1216.000000 256.000000 0.000000) (1216.000000 256.000000 128.000000) (1216.000000 448.000000 128.000000) (1216.000000 448.000000 0.000000) 
4 18 19 (1216.000000 512.000000 128.000000) (1216.000000 512.000000 -80.000000) (1216.000000 448.000000 -80.000000) (1216.000000 448.000000 128.000000) 
4 19 34 (704.000000 448.000000 128.000000) (704.000000 512.000000 128.000000) (704.000000 512.000000 -80.000000) (704.000000 448.000000 -80.000000) 
4 19 30 (704.000000 448.000000 -80.000000) (704.000000 512.000000 -80.000000) (1216.000000 512.000000 -80.000000) (1216.000000 448.000000 -80.000000) 
4 19 20 (1216.000000 448.000000 0.000000) (1216.000000 448.000000 128.000000) (704.000000 448.000000 128.000000) (704.000000 448.000000 0.000000) 
4 20 36 (704.000000 256.000000 128.000000) (704.000000 440.000000 128.000000) (704.000000 440.000000 0.000000) (704.000000 256.000000 0.000000) 
4 20 35 (704.000000 440.000000 128.000000) (704.000000 448.000000 128.000000) (704.000000 448.000000 0.000000) (704.000000 440.000000 0.000000) 
4 20 21 (1216.000000 256.000000 0.000000) (704.000000 256.000000 0.000000) (704.000000 440.000000 0.000000) (1216.000000 440.000000 0.000000) 
4 21 37 (704.000000 440.000000 -64.000000) (704.000000 256.000000 -64.000000) (704.000000 256.000000 0.000000) (704.000000 440.000000 0.000000) 
4 22 25 (1336.000000 128.000000 -48.000000) (1336.000000 0.000000 -48.000000) (1336.000000 0.000000 80.000000) (1336.000000 128.000000 80.000000) 
4 23 25 (1216.000000 128.000000 -48.000000) (1336.000000 128.000000 -48.000000) (1336.000000 128.000000 112.000000) (1216.000000 128.000000 112.000000) 
4 23 24 (1216.000000 248.000000 112.000000) (1216.000000 248.000000 -48.000000) (1216.000000 128.000000 -48.000000) (1216.000000 128.000000 112.000000) 
4 24 25 (1000.000000 128.000000 -48.000000) (1216.000000 128.000000 -48.000000) (1216.000000 128.000000 112.000000) (1000.000000 128.000000 112.000000) 
4 25 26 (1000.000000 -96.000000 80.000000) (1000.000000 96.000000 80.000000) (1000.000000 96.000000 -48.000000) (1000.000000 -96.000000 -48.000000) 
4 26 27 (992.000000 96.000000 -48.000000) (992.000000 -96.000000 -48.000000) (992.000000 -96.000000 80.000000) (992.000000 96.000000 80.000000) 
4 27 29 (768.000000 -120.000000 -48.000000) (896.000000 -120.000000 -48.000000) (896.000000 -120.000000 80.000000) (768.000000 -120.000000 80.000000) 
4 27 28 (712.000000 248.000000 80.000000) (712.000000 248.000000 -48.000000) (712.000000 120.000000 -48.000000) (712.000000 120.000000 80.000000) 
4 28 40 (704.000000 248.000000 80.000000) (704.000000 248.000000 -48.000000) (704.000000 120.000000 -48.000000) (704.000000 120.000000 80.000000) 
4 29 67 (768.000000 -128.000000 80.000000) (768.000000 -128.000000 -48.000000) (896.000000 -128.000000 -48.000000) (896.000000 -128.000000 80.000000) 
4 30 76 (704.000000 -128.000000 -80.000000) (704.000000 -128.000000 -128.000000) (1408.000000 -128.000000 -128.000000) (1408.000000 -128.000000 -80.000000) 
4 30 57 (704.000000 -128.000000 -128.000000) (704.000000 -128.000000 -80.000000) (704.000000 512.000000 -80.000000) (704.000000 512.000000 -128.000000) 
4 31 32 (704.000000 512.000000 544.000000) (704.000000 512.000000 552.000000) (-128.000000 512.000000 552.000000) (-128.000000 512.000000 544.000000) 
4 31 58 (-136.000000 512.000000 552.000000) (-136.000000 512.000000 -136.000000) (-128.000000 512.000000 -136.000000) (-128.000000 512.000000 552.000000) 
4 32 78 (448.000000 -128.000000 552.000000) (-128.000000 -128.000000 552.000000) (-128.000000 -128.000000 544.000000) (448.000000 -128.000000 544.000000) 
4 32 60 (704.000000 -128.000000 544.000000) (704.000000 -128.000000 552.000000) (448.000000 -128.000000 552.000000) (448.000000 -128.000000 544.000000) 
4 32 58 (-128.000000 512.000000 552.000000) (-128.000000 512.000000 544.000000) (-128.000000 -128.000000 544.000000) (-128.000000 -128.000000 552.000000) 
4 33 79 (448.000000 -128.000000 544.000000) (-128.000000 -128.000000 544.000000) (-128.000000 -128.000000 128.000000) (448.000000 -128.000000 128.000000) 
4 33 64 (704.000000 -128.000000 128.000000) (704.000000 -128.000000 544.000000) (448.000000 -128.000000 544.000000) (448.000000 -128.000000 128.000000) 
4 33 47 (240.000000 -128.000000 128.000000) (-64.000000 -128.000000 128.000000) (-64.000000 448.000000 128.000000) (240.000000 448.000000 128.000000) 
4 33 43 (448.000000 -128.000000 128.000000) (352.000000 -128.000000 128.000000) (352.000000 256.000000 128.000000) (448.000000 256.000000 128.000000) 
4 33 41 (576.000000 -128.000000 128.000000) (448.000000 -128.000000 128.000000) (448.000000 128.000000 128.000000) (576.000000 128.000000 128.000000) 
4 33 46 (352.000000 -128.000000 128.000000) (240.000000 -128.000000 128.000000) (240.000000 256.000000 128.000000) (352.000000 256.000000 128.000000) 
4 33 36 (704.000000 440.000000 128.000000) (704.000000 256.000000 128.000000) (240.000000 256.000000 128.000000) (240.000000 440.000000 128.000000) 
4 33 35 (704.000000 448.000000 128.000000) (704.000000 440.000000 128.000000) (240.000000 440.000000 128.000000) (240.000000 448.000000 128.000000) 
4 33 34 (-64.000000 512.000000 128.000000) (704.000000 512.000000 128.000000) (704.000000 448.000000 128.000000) (-64.000000 448.000000 128.000000) 
4 33 56 (-128.000000 -128.000000 128.000000) (-128.000000 512.000000 128.000000) (-64.000000 512.000000 128.000000) (-64.000000 -128.000000 128.000000) 
4 34 57 (-64.000000 448.000000 -80.000000) (-64.000000 512.000000 -80.000000) (704.000000 512.000000 -80.000000) (704.000000 448.000000 -80.000000) 
4 34 47 (240.000000 448.000000 0.000000) (240.000000 448.000000 128.000000) (-64.000000 448.000000 128.000000) (-64.000000 448.000000 0.000000) 
4 34 35 (704.000000 448.000000 0.000000) (704.000000 448.000000 128.000000) (240.000000 448.000000 128.000000) (240.000000 448.000000 0.000000) 
4 34 56 (-64.000000 512.000000 -80.000000) (-64.000000 448.000000 -80.000000) (-64.000000 448.000000 128.000000) (-64.000000 512.000000 128.000000) 
4 35 47 (240.000000 440.000000 128.000000) (240.000000 448.000000 128.000000) (240.000000 448.000000 0.000000) (240.000000 440.000000 0.000000) 
4 35 36 (704.000000 440.000000 0.000000) (704.000000 440.000000 128.000000) (240.000000 440.000000 128.000000) (240.000000 440.000000 0.000000) 
4 36 47 (240.000000 256.000000 128.000000) (240.000000 440.000000 128.000000) (240.000000 440.000000 0.000000) (240.000000 256.000000 0.000000) 
4 36 43 (352.000000 256.000000 0.000000) (448.000000 256.000000 0.000000) (448.000000 256.000000 128.000000) (352.000000 256.000000 128.000000) 
4 36 42 (448.000000 256.000000 0.000000) (576.000000 256.000000 0.000000) (576.000000 256.000000 112.000000) (448.000000 256.000000 112.000000) 
4 36 40 (576.000000 256.000000 0.000000) (704.000000 256.000000 0.000000) (704.000000 256.000000 112.000000) (576.000000 256.000000 112.000000) 
4 36 46 (240.000000 256.000000 128.000000) (240.000000 256.000000 0.000000) (352.000000 256.000000 0.000000) (352.000000 256.000000 128.000000) 
4 36 38 (240.000000 384.000000 0.000000) (240.000000 440.000000 0.000000) (384.000000 440.000000 0.000000) (384.000000 384.000000 0.000000) 
4 36 39 (416.000000 256.000000 0.000000) (240.000000 256.000000 0.000000) (240.000000 384.000000 0.000000) (416.000000 384.000000 0.000000) 
4 36 37 (704.000000 256.000000 0.000000) (416.000000 256.000000 0.000000) (416.000000 440.000000 0.000000) (704.000000 440.000000 0.000000) 
4 37 44 (448.000000 256.000000 0.000000) (416.000000 256.000000 0.000000) (416.000000 256.000000 -48.000000) (448.000000 256.000000 -48.000000) 
4 37 42 (576.000000 256.000000 0.000000) (448.000000 256.000000 0.000000) (448.000000 256.000000 -48.000000) (576.000000 256.000000 -48.000000) 
4 37 40 (704.000000 256.000000 -48.000000) (704.000000 256.000000 0.000000) (576.000000 256.000000 0.000000) (576.000000 256.000000 -48.000000) 
4 37 39 (416.000000 384.000000 -64.000000) (416.000000 256.000000 -64.000000) (416.000000 256.000000 0.000000) (416.000000 384.000000 0.000000) 
4 38 48 (240.000000 440.000000 0.000000) (240.000000 440.000000 -64.000000) (240.000000 384.000000 -64.000000) (240.000000 384.000000 0.000000) 
4 38 39 (384.000000 384.000000 0.000000) (240.000000 384.000000 0.000000) (240.000000 384.000000 -64.000000) (384.000000 384.000000 -64.000000) 
4 39 48 (240.000000 384.000000 -64.000000) (240.000000 256.000000 -64.000000) (240.000000 256.000000 0.000000) (240.000000 384.000000 0.000000) 
4 39 45 (352.000000 256.000000 -64.000000) (384.000000 256.000000 -64.000000) (384.000000 256.000000 -48.000000) (352.000000 256.000000 -48.000000) 
4 39 44 (416.000000 256.000000 -48.000000) (416.000000 256.000000 0.000000) (352.000000 256.000000 0.000000) (352.000000 256.000000 -48.000000) 
4 39 46 (240.000000 256.000000 0.000000) (240.000000 256.000000 -64.000000) (352.000000 256.000000 -64.000000) (352.000000 256.000000 0.000000) 
4 40 71 (704.000000 -128.000000 -48.000000) (704.000000 -128.000000 112.000000) (576.000000 -128.000000 112.000000) (576.000000 -128.000000 -48.000000) 
4 40 42 (576.000000 256.000000 -48.000000) (576.000000 -104.727273 -48.000000) (576.000000 128.000000 112.000000) (576.000000 256.000000 112.000000) 
3 40 41 (576.000000 -128.000000 -48.000000) (576.000000 -128.000000 112.000000) (576.000000 104.727273 112.000000) 
4 41 71 (448.000000 -128.000000 112.000000) (448.000000 -128.000000 -48.000000) (576.000000 -128.000000 -48.000000) (576.000000 -128.000000 112.000000) 
4 41 64 (576.000000 -128.000000 128.000000) (448.000000 -128.000000 128.000000) (448.000000 -128.000000 112.000000) (576.000000 -128.000000 112.000000) 
3 41 44 (448.000000 -80.000000 0.000000) (448.000000 -58.181818 0.000000) (448.000000 -80.000000 -15.000000) 
4 41 43 (448.000000 -128.000000 0.000000) (448.000000 -128.000000 128.000000) (448.000000 128.000000 128.000000) (448.000000 -58.181818 0.000000) 
5 42 44 (448.000000 256.000000 0.000000) (448.000000 256.000000 -48.000000) (448.000000 -80.000000 -48.000000) (448.000000 -80.000000 -31.000000) (448.000000 -34.909091 0.000000) 
4 42 43 (448.000000 256.000000 112.000000) (448.000000 256.000000 0.000000) (448.000000 -34.909091 0.000000) (448.000000 128.000000 112.000000) 
4 43 80 (448.000000 -128.000000 128.000000) (352.000000 -128.000000 128.000000) (352.000000 -128.000000 0.000000) (448.000000 -128.000000 0.000000) 
4 43 44 (352.000000 256.000000 0.000000) (448.000000 256.000000 0.000000) (448.000000 -80.000000 0.000000) (352.000000 -80.000000 0.000000) 
4 43 46 (352.000000 256.000000 128.000000) (352.000000 256.000000 0.000000) (352.000000 -128.000000 0.000000) (352.000000 -128.000000 128.000000) 
4 44 45 (352.000000 -80.000000 -48.000000) (352.000000 256.000000 -48.000000) (384.000000 256.000000 -48.000000) (384.000000 -80.000000 -48.000000) 
4 44 46 (352.000000 256.000000 0.000000) (352.000000 256.000000 -48.000000) (352.000000 -80.000000 -48.000000) (352.000000 -80.000000 0.000000) 
4 45 46 (352.000000 256.000000 -48.000000) (352.000000 256.000000 -64.000000) (352.000000 -80.000000 -64.000000) (352.000000 -80.000000 -48.000000) 
4 46 86 (240.000000 -128.000000 -48.000000) (240.000000 -128.000000 -64.000000) (320.000000 -128.000000 -64.000000) (320.000000 -128.000000 -48.000000) 
4 46 83 (252.652627 -128.000000 -48.000000) (320.000000 -128.000000 -48.000000) (320.000000 -128.000000 -40.000000) (252.652627 -128.000000 -40.000000) 
4 46 84 (240.000000 -128.000000 -40.000000) (240.000000 -128.000000 -48.000000) (252.652627 -128.000000 -48.000000) (252.652627 -128.000000 -40.000000) 
4 46 81 (320.000000 -128.000000 128.000000) (240.000000 -128.000000 128.000000) (240.000000 -128.000000 -40.000000) (320.000000 -128.000000 -40.000000) 
4 46 80 (352.000000 -128.000000 128.000000) (320.000000 -128.000000 128.000000) (320.000000 -128.000000 -64.000000) (352.000000 -128.000000 -64.000000) 
4 46 53 (240.000000 -128.000000 -64.000000) (240.000000 -128.000000 0.000000) (240.000000 -120.000000 0.000000) (240.000000 -120.000000 -64.000000) 
4 46 52 (240.000000 -72.000000 0.000000) (240.000000 -64.000000 0.000000) (240.000000 -64.000000 -64.000000) (240.000000 -72.000000 -64.000000) 
4 46 48 (240.000000 -64.000000 0.000000) (240.000000 256.000000 0.000000) (240.000000 256.000000 -64.000000) (240.000000 -64.000000 -64.000000) 
4 46 47 (240.000000 -128.000000 0.000000) (240.000000 -128.000000 128.000000) (240.000000 256.000000 128.000000) (240.000000 256.000000 0.000000) 
4 47 87 (136.000000 -128.000000 128.000000) (128.000000 -128.000000 128.000000) (128.000000 -128.000000 0.000000) (136.000000 -128.000000 0.000000) 
4 47 81 (240.000000 -128.000000 128.000000) (136.000000 -128.000000 128.000000) (136.000000 -128.000000 0.000000) (240.000000 -128.000000 0.000000) 
4 47 89 (128.000000 -128.000000 128.000000) (-64.000000 -128.000000 128.000000) (-64.000000 -128.000000 0.000000) (128.000000 -128.000000 0.000000) 
4 47 54 (144.000000 -128.000000 0.000000) (136.000000 -128.000000 0.000000) (136.000000 -64.000000 0.000000) (144.000000 -64.000000 0.000000) 
4 47 53 (240.000000 -120.000000 0.000000) (240.000000 -128.000000 0.000000) (144.000000 -128.000000 0.000000) (144.000000 -120.000000 0.000000) 
4 47 52 (240.000000 -64.000000 0.000000) (240.000000 -72.000000 0.000000) (144.000000 -72.000000 0.000000) (144.000000 -64.000000 0.000000) 
4 47 55 (128.000000 -128.000000 0.000000) (-64.000000 -128.000000 0.000000) (-64.000000 -64.000000 0.000000) (128.000000 -64.000000 0.000000) 
4 47 51 (-56.000000 -56.000000 0.000000) (-56.000000 440.000000 0.000000) (184.000000 440.000000 0.000000) (184.000000 -56.000000 0.000000) 
4 47 50 (184.000000 0.000000 0.000000) (184.000000 128.000000 0.000000) (192.000000 128.000000 0.000000) (192.000000 0.000000 0.000000) 
4 47 49 (184.000000 256.000000 0.000000) (184.000000 384.000000 0.000000) (192.000000 384.000000 0.000000) (192.000000 256.000000 0.000000) 
4 47 48 (240.000000 440.000000 0.000000) (240.000000 -64.000000 0.000000) (192.000000 -64.000000 0.000000) (192.000000 440.000000 0.000000) 
4 47 56 (-64.000000 -128.000000 0.000000) (-64.000000 -128.000000 128.000000) (-64.000000 448.000000 128.000000) (-64.000000 448.000000 0.000000) 
4 48 52 (240.000000 -64.000000 -64.000000) (240.000000 -64.000000 0.000000) (192.000000 -64.000000 0.000000) (192.000000 -64.000000 -64.000000) 
4 48 50 (192.000000 128.000000 -64.000000) (192.000000 0.000000 -64.000000) (192.000000 0.000000 0.000000) (192.000000 128.000000 0.000000) 
4 48 49 (192.000000 384.000000 -64.000000) (192.000000 256.000000 -64.000000) (192.000000 256.000000 0.000000) (192.000000 384.000000 0.000000) 
4 49 51 (184.000000 256.000000 0.000000) (184.000000 384.000000 0.000000) (184.000000 384.000000 -64.000000) (184.000000 256.000000 -64.000000) 
4 50 51 (184.000000 0.000000 0.000000) (184.000000 128.000000 0.000000) (184.000000 128.000000 -64.000000) (184.000000 0.000000 -64.000000) 
4 52 54 (144.000000 -64.000000 0.000000) (144.000000 -64.000000 -64.000000) (144.000000 -72.000000 -64.000000) (144.000000 -72.000000 0.000000) 
4 53 86 (240.000000 -128.000000 -64.000000) (240.000000 -128.000000 -48.000000) (144.000000 -128.000000 -48.000000) (144.000000 -128.000000 -64.000000) 
4 53 84 (240.000000 -128.000000 -48.000000) (240.000000 -128.000000 -40.000000) (144.000000 -128.000000 -40.000000) (144.000000 -128.000000 -48.000000) 
4 53 81 (240.000000 -128.000000 -40.000000) (240.000000 -128.000000 0.000000) (144.000000 -128.000000 0.000000) (144.000000 -128.000000 -40.000000) 
4 53 54 (144.000000 -120.000000 -64.000000) (144.000000 -128.000000 -64.000000) (144.000000 -128.000000 0.000000) (144.000000 -120.000000 0.000000) 
4 54 86 (136.000000 -128.000000 -48.000000) (136.000000 -128.000000 -64.000000) (144.000000 -128.000000 -64.000000) (144.000000 -128.000000 -48.000000) 
4 54 84 (136.000000 -128.000000 -40.000000) (136.000000 -128.000000 -48.000000) (144.000000 -128.000000 -48.000000) (144.000000 -128.000000 -40.000000) 
4 54 81 (144.000000 -128.000000 0.000000) (136.000000 -128.000000 0.000000) (136.000000 -128.000000 -40.000000) (144.000000 -128.000000 -40.000000) 
4 55 89 (-64.000000 -128.000000 0.000000) (-64.000000 -128.000000 -80.000000) (128.000000 -128.000000 -80.000000) (128.000000 -128.000000 0.000000) 
4 55 57 (128.000000 -128.000000 -80.000000) (-64.000000 -128.000000 -80.000000) (-64.000000 -64.000000 -80.000000) (128.000000 -64.000000 -80.000000) 
4 55 56 (-64.000000 -64.000000 -80.000000) (-64.000000 -128.000000 -80.000000) (-64.000000 -128.000000 0.000000) (-64.000000 -64.000000 0.000000) 
4 56 89 (-64.000000 -128.000000 128.000000) (-128.000000 -128.000000 128.000000) (-128.000000 -128.000000 -80.000000) (-64.000000 -128.000000 -80.000000) 
4 56 57 (-64.000000 -128.000000 -80.000000) (-128.000000 -128.000000 -80.000000) (-128.000000 512.000000 -80.000000) (-64.000000 512.000000 -80.000000) 
4 57 91 (448.000000 -128.000000 -80.000000) (-128.000000 -128.000000 -80.000000) (-128.000000 -128.000000 -128.000000) (448.000000 -128.000000 -128.000000) 
4 57 76 (704.000000 -128.000000 -128.000000) (704.000000 -128.000000 -80.000000) (448.000000 -128.000000 -80.000000) (448.000000 -128.000000 -128.000000) 
4 58 92 (-128.000000 -128.000000 552.000000) (-136.000000 -128.000000 552.000000) (-136.000000 -128.000000 -136.000000) (-128.000000 -128.000000 -136.000000) 
4 59 60 (1408.000000 -768.000000 552.000000) (1408.000000 -128.000000 552.000000) (1408.000000 -128.000000 544.000000) (1408.000000 -768.000000 544.000000) 
4 59 77 (1408.000000 -768.000000 -136.000000) (1416.000000 -768.000000 -136.000000) (1416.000000 -768.000000 552.000000) (1408.000000 -768.000000 552.000000) 
4 60 78 (448.000000 -128.000000 552.000000) (448.000000 -128.000000 544.000000) (448.000000 -768.000000 544.000000) (448.000000 -768.000000 552.000000) 
4 60 77 (448.000000 -768.000000 552.000000) (448.000000 -768.000000 544.000000) (1408.000000 -768.000000 544.000000) (1408.000000 -768.000000 552.000000) 
4 61 62 (1088.000000 -128.000000 128.000000) (1408.000000 -128.000000 128.000000) (1408.000000 -416.000000 128.000000) (1088.000000 -416.000000 128.000000) 
4 61 63 (1408.000000 -768.000000 128.000000) (704.000000 -768.000000 128.000000) (704.000000 -416.000000 128.000000) (1408.000000 -416.000000 128.000000) 
4 61 64 (704.000000 -128.000000 544.000000) (704.000000 -128.000000 128.000000) (704.000000 -768.000000 128.000000) (704.000000 -768.000000 544.000000) 
4 62 65 (1088.000000 -128.000000 112.000000) (1408.000000 -128.000000 112.000000) (1408.000000 -416.000000 112.000000) (1088.000000 -416.000000 112.000000) 
4 62 63 (1088.000000 -416.000000 112.000000) (1408.000000 -416.000000 112.000000) (1408.000000 -416.000000 128.000000) (1088.000000 -416.000000 128.000000) 
4 63 74 (960.000000 -768.000000 112.000000) (704.000000 -768.000000 112.000000) (704.000000 -600.000000 112.000000) (960.000000 -600.000000 112.000000) 
4 63 73 (704.000000 -600.000000 112.000000) (704.000000 -416.000000 112.000000) (960.000000 -416.000000 112.000000) (960.000000 -600.000000 112.000000) 
4 63 72 (1408.000000 -416.000000 112.000000) (1408.000000 -768.000000 112.000000) (960.000000 -768.000000 112.000000) (960.000000 -416.000000 112.000000) 
4 63 64 (704.000000 -416.000000 112.000000) (704.000000 -768.000000 112.000000) (704.000000 -768.000000 128.000000) (704.000000 -416.000000 128.000000) 
4 64 88 (448.000000 -600.000000 112.000000) (448.000000 -608.000000 112.000000) (448.000000 -608.000000 128.000000) (448.000000 -600.000000 128.000000) 
4 64 80 (448.000000 -128.000000 128.000000) (448.000000 -128.000000 112.000000) (448.000000 -448.000000 112.000000) (448.000000 -448.000000 128.000000) 
4 64 79 (448.000000 -128.000000 544.000000) (448.000000 -128.000000 128.000000) (448.000000 -608.000000 128.000000) (448.000000 -608.000000 544.000000) 
4 64 90 (448.000000 -608.000000 112.000000) (448.000000 -768.000000 112.000000) (448.000000 -768.000000 544.000000) (448.000000 -608.000000 544.000000) 
4 64 74 (448.000000 -768.000000 112.000000) (448.000000 -600.000000 112.000000) (704.000000 -600.000000 112.000000) (704.000000 -768.000000 112.000000) 
4 64 73 (448.000000 -600.000000 112.000000) (448.000000 -416.000000 112.000000) (704.000000 -416.000000 112.000000) (704.000000 -600.000000 112.000000) 
4 64 71 (448.000000 -416.000000 112.000000) (448.000000 -128.000000 112.000000) (704.000000 -128.000000 112.000000) (704.000000 -416.000000 112.000000) 
4 65 72 (1408.000000 -416.000000 -48.000000) (1408.000000 -416.000000 112.000000) (1088.000000 -416.000000 112.000000) (1088.000000 -416.000000 -48.000000) 
4 65 69 (1408.000000 -416.000000 -48.000000) (1088.000000 -416.000000 -48.000000) (1088.000000 -128.000000 -48.000000) (1408.000000 -128.000000 -48.000000) 
4 65 66 (1088.000000 -160.000000 -48.000000) (1088.000000 -368.000000 -48.000000) (1088.000000 -368.000000 80.000000) (1088.000000 -160.000000 80.000000) 
4 66 67 (1080.000000 -160.000000 -48.000000) (1080.000000 -368.000000 -48.000000) (1080.000000 -368.000000 80.000000) (1080.000000 -160.000000 80.000000) 
4 67 68 (712.000000 -256.000000 -48.000000) (712.000000 -384.000000 -48.000000) (712.000000 -384.000000 80.000000) (712.000000 -256.000000 80.000000) 
4 68 71 (704.000000 -256.000000 -48.000000) (704.000000 -384.000000 -48.000000) (704.000000 -384.000000 80.000000) (704.000000 -256.000000 80.000000) 
4 69 72 (1408.000000 -416.000000 -64.000000) (1408.000000 -416.000000 -48.000000) (1088.000000 -416.000000 -48.000000) (1088.000000 -416.000000 -64.000000) 
4 69 70 (1344.000000 -128.000000 -64.000000) (1408.000000 -128.000000 -64.000000) (1408.000000 -416.000000 -64.000000) (1344.000000 -416.000000 -64.000000) 
4 70 76 (1344.000000 -128.000000 -80.000000) (1408.000000 -128.000000 -80.000000) (1408.000000 -416.000000 -80.000000) (1344.000000 -416.000000 -80.000000) 
4 70 72 (1344.000000 -416.000000 -80.000000) (1408.000000 -416.000000 -80.000000) (1408.000000 -416.000000 -64.000000) (1344.000000 -416.000000 -64.000000) 
4 71 80 (448.000000 -128.000000 112.000000) (448.000000 -128.000000 -64.000000) (448.000000 -416.000000 -64.000000) (448.000000 -416.000000 112.000000) 
4 71 73 (704.000000 -416.000000 -64.000000) (704.000000 -416.000000 112.000000) (448.000000 -416.000000 112.000000) (448.000000 -416.000000 -64.000000) 
4 72 76 (1408.000000 -768.000000 -80.000000) (960.000000 -768.000000 -80.000000) (960.000000 -416.000000 -80.000000) (1408.000000 -416.000000 -80.000000) 
4 72 75 (960.000000 -608.000000 -80.000000) (960.000000 -768.000000 -80.000000) (960.000000 -768.000000 0.000000) (960.000000 -608.000000 0.000000) 
4 72 74 (960.000000 -768.000000 0.000000) (960.000000 -768.000000 112.000000) (960.000000 -600.000000 112.000000) (960.000000 -600.000000 0.000000) 
4 72 73 (960.000000 -416.000000 112.000000) (960.000000 -416.000000 -64.000000) (960.000000 -600.000000 -64.000000) (960.000000 -600.000000 112.000000) 
4 73 80 (448.000000 -448.000000 112.000000) (448.000000 -416.000000 112.000000) (448.000000 -416.000000 -64.000000) (448.000000 -448.000000 -64.000000) 
4 73 74 (960.000000 -600.000000 0.000000) (960.000000 -600.000000 112.000000) (448.000000 -600.000000 112.000000) (448.000000 -600.000000 0.000000) 
4 74 88 (448.000000 -608.000000 112.000000) (448.000000 -600.000000 112.000000) (448.000000 -600.000000 0.000000) (448.000000 -608.000000 0.000000) 
4 74 90 (448.000000 -768.000000 0.000000) (448.000000 -768.000000 112.000000) (448.000000 -608.000000 112.000000) (448.000000 -608.000000 0.000000) 
4 74 75 (448.000000 -768.000000 0.000000) (448.000000 -608.000000 0.000000) (960.000000 -608.000000 0.000000) (960.000000 -768.000000 0.000000) 
4 75 90 (448.000000 -608.000000 -80.000000) (448.000000 -768.000000 -80.000000) (448.000000 -768.000000 0.000000) (448.000000 -608.000000 0.000000) 
4 75 76 (960.000000 -768.000000 -80.000000) (448.000000 -768.000000 -80.000000) (448.000000 -608.000000 -80.000000) (960.000000 -608.000000 -80.000000) 
4 76 91 (448.000000 -128.000000 -80.000000) (448.000000 -128.000000 -128.000000) (448.000000 -768.000000 -128.000000) (448.000000 -768.000000 -80.000000) 
4 77 93 (448.000000 -768.000000 -136.000000) (448.000000 -776.000000 -136.000000) (448.000000 -776.000000 552.000000) (448.000000 -768.000000 552.000000) 
4 78 93 (448.000000 -768.000000 544.000000) (448.000000 -768.000000 552.000000) (-128.000000 -768.000000 552.000000) (-128.000000 -768.000000 544.000000) 
4 78 92 (-128.000000 -768.000000 544.000000) (-128.000000 -768.000000 552.000000) (-128.000000 -128.000000 552.000000) (-128.000000 -128.000000 544.000000) 
4 79 88 (448.000000 -600.000000 128.000000) (448.000000 -608.000000 128.000000) (128.000000 -608.000000 128.000000) (128.000000 -600.000000 128.000000) 
4 79 87 (128.000000 -128.000000 128.000000) (136.000000 -128.000000 128.000000) (136.000000 -600.000000 128.000000) (128.000000 -600.000000 128.000000) 
4 79 81 (136.000000 -128.000000 128.000000) (320.000000 -128.000000 128.000000) (320.000000 -600.000000 128.000000) (136.000000 -600.000000 128.000000) 
4 79 80 (320.000000 -128.000000 128.000000) (448.000000 -128.000000 128.000000) (448.000000 -448.000000 128.000000) (320.000000 -448.000000 128.000000) 
4 79 89 (-128.000000 -608.000000 128.000000) (-128.000000 -128.000000 128.000000) (128.000000 -128.000000 128.000000) (128.000000 -608.000000 128.000000) 
4 79 90 (-128.000000 -608.000000 544.000000) (-128.000000 -608.000000 128.000000) (448.000000 -608.000000 128.000000) (448.000000 -608.000000 544.000000) 
4 80 86 (320.000000 -128.000000 -48.000000) (320.000000 -128.000000 -64.000000) (320.000000 -384.000000 -64.000000) (320.000000 -384.000000 -48.000000) 
4 80 83 (320.000000 -128.000000 -40.000000) (320.000000 -128.000000 -48.000000) (320.000000 -267.770925 -48.000000) (320.000000 -267.770925 -40.000000) 
4 80 82 (320.000000 -267.770925 -48.000000) (320.000000 -448.000000 -48.000000) (320.000000 -448.000000 -40.000000) (320.000000 -267.770925 -40.000000) 
4 80 81 (320.000000 -128.000000 128.000000) (320.000000 -128.000000 -40.000000) (320.000000 -448.000000 -40.000000) (320.000000 -448.000000 128.000000) 
4 81 88 (320.000000 -600.000000 128.000000) (136.000000 -600.000000 128.000000) (136.000000 -600.000000 0.000000) (320.000000 -600.000000 0.000000) 
4 81 87 (136.000000 -600.000000 0.000000) (136.000000 -600.000000 128.000000) (136.000000 -128.000000 128.000000) (136.000000 -128.000000 0.000000) 
5 81 83 (252.652627 -128.000000 -40.000000) (320.000000 -128.000000 -40.000000) (320.000000 -267.770925 -40.000000) (271.745000 -485.434000 -40.000000) (178.020000 -464.655000 -40.000000) 
4 81 84 (136.000000 -488.116972 -40.000000) (136.000000 -128.000000 -40.000000) (252.652627 -128.000000 -40.000000) (171.094000 -495.897000 -40.000000) 
4 81 85 (246.346193 -600.000000 -40.000000) (136.000000 -600.000000 -40.000000) (136.000000 -488.116972 -40.000000) (264.819000 -516.675000 -40.000000) 
3 81 82 (320.000000 -600.000000 -40.000000) (246.346193 -600.000000 -40.000000) (320.000000 -267.770925 -40.000000) 
3 82 86 (320.000000 -267.770925 -48.000000) (320.000000 -384.000000 -48.000000) (294.232497 -384.000000 -48.000000) 
4 82 83 (320.000000 -267.770925 -40.000000) (320.000000 -267.770925 -48.000000) (271.745000 -485.434000 -48.000000) (271.745000 -485.434000 -40.000000) 
4 82 85 (264.819000 -516.675000 -48.000000) (246.346193 -600.000000 -48.000000) (246.346193 -600.000000 -40.000000) (264.819000 -516.675000 -40.000000) 
5 83 86 (252.652627 -128.000000 -48.000000) (320.000000 -128.000000 -48.000000) (320.000000 -267.770925 -48.000000) (294.232497 -384.000000 -48.000000) (195.900306 -384.000000 -48.000000) 
4 83 84 (252.652627 -128.000000 -40.000000) (252.652627 -128.000000 -48.000000) (178.020000 -464.655000 -48.000000) (178.020000 -464.655000 -40.000000) 
4 84 86 (136.000000 -384.000000 -48.000000) (136.000000 -128.000000 -48.000000) (252.652627 -128.000000 -48.000000) (195.900306 -384.000000 -48.000000) 
4 84 85 (171.094000 -495.897000 -40.000000) (136.000000 -488.116972 -40.000000) (136.000000 -488.116972 -48.000000) (171.094000 -495.897000 -48.000000) 
4 87 88 (136.000000 -600.000000 128.000000) (128.000000 -600.000000 128.000000) (128.000000 -600.000000 0.000000) (136.000000 -600.000000 0.000000) 
4 87 89 (128.000000 -128.000000 128.000000) (128.000000 -128.000000 0.000000) (128.000000 -600.000000 0.000000) (128.000000 -600.000000 128.000000) 
4 88 90 (448.000000 -608.000000 0.000000) (448.000000 -608.000000 128.000000) (128.000000 -608.000000 128.000000) (128.000000 -608.000000 0.000000) 
4 88 89 (128.000000 -608.000000 0.000000) (128.000000 -608.000000 128.000000) (128.000000 -600.000000 128.000000) (128.000000 -600.000000 0.000000) 
4 89 91 (-128.000000 -608.000000 -80.000000) (-128.000000 -128.000000 -80.000000) (128.000000 -128.000000 -80.000000) (128.000000 -608.000000 -80.000000) 
4 89 90 (-128.000000 -608.000000 128.000000) (-128.000000 -608.000000 -80.000000) (128.000000 -608.000000 -80.000000) (128.000000 -608.000000 128.000000) 
4 90 91 (448.000000 -768.000000 -80.000000) (-128.000000 -768.000000 -80.000000) (-128.000000 -608.000000 -80.000000) (448.000000 -608.000000 -80.000000) 
4 92 93 (-136.000000 -768.000000 552.000000) (-136.000000 -768.000000 -136.000000) (-128.000000 -768.000000 -136.000000) (-128.000000 -768.000000 552.000000) 
