sdHLCSG v1.2.0 64-bit (Jul 11 2024)
seedee's Half-Life Compilation Tools
Based on code modifications by Sean 'Zoner' Cavanaugh and Vluzacn
Based on Valve's version, modified with permission.
Submit detailed bug reports to (github.com/seedee/SDHLT/issues)
-----  BEGIN  sdHLCSG -----
Command line: "C:\Program Files\J.A.C.K\CompilationTools\sdHLCSG_x64.exe" C:\Users\theje\NZP\nzp\maps\puketown -wadinclude jtext -wadinclude jwoc -wadinclude jdev -wadinclude jstuf -wadinclude jdepr 
Arguments: C:\Users\theje\NZP\nzp\maps\puketown -wadinclude jtext -wadinclude jwoc -wadinclude jdev -wadinclude jstuf -wadinclude jdepr -low 
Entering C:\Users\theje\NZP\nzp\maps\puketown.map

Current sdHLCSG Settings
Name                 |  Setting  |  Default
---------------------|-----------|-------------------------
threads               [      12 ] [  Varies ]
verbose               [     off ] [     off ]
log                   [      on ] [      on ]
reset logfile         [      on ] [      on ]
developer             [       0 ] [       0 ]
chart                 [      on ] [      on ]
estimate              [     off ] [     off ]
max texture memory    [ 33554432 ] [ 33554432 ]
max lighting memory   [ 50331648 ] [ 50331648 ]
priority              [     Low ] [  Normal ]

noclip                [     off ] [     off ]
null texture stripping[      on ] [      on ]
clipnode economy mode [     off ] [     off ]
clip hull type        [  simple ] [  simple ]
onlyents              [     off ] [     off ]
wadtextures           [      on ] [      on ]
skyclip               [      on ] [      on ]
hullfile              [    None ] [    None ]
wad.cfg file          [    None ] [    None ]
wad.cfg config name   [    None ] [    None ]
nullfile              [    None ] [    None ]
nullify trigger       [      on ] [      on ]
min surface area      [   0.000 ] [   0.000 ]
brush union threshold [   0.000 ] [   0.000 ]
map scaling           [    None ] [    None ]
light name optimize   [      on ] [      on ]
convert game_text     [      on ] [      on ]
world extent          [   65536 ] [   65536 ]

Loading mapfile wad configuration by default
Wadinclude list
---------------
sdhlt.wad
jtext
jwoc
jdev
jstuf
jdepr
---------------


CreateBrush:
 (0.01 seconds)
CSGBrush:
 (0.08 seconds)

No wad files used by the map
Additional wad files included
-----------------------------
[sdhlt.wad] 1/27 texture (7.69%)
 - /Users/theje/Assets/Jeyphr-s-Wads/SeeDee's Half Life Tools/sdhlt.wad
[JDEV.wad] 11/45 textures (84.62%)
 - /Users/theje/Assets/Jeyphr-s-Wads/Jeyphr's WADS/Half Life and NZP/JDEV.wad
[JTEXT.wad] 1/228 texture (7.69%)
 - /Users/theje/Assets/Jeyphr-s-Wads/Jeyphr's WADS/Half Life and NZP/JTEXT.wad
-----------------------------

Texture usage: 0.15/32.00 MB)

Object names  Objects/Maxobjs  Memory / Maxmem  Fullness
------------  ---------------  ---------------  --------
models              0/512            0/32768    ( 0.0%)
planes            976/32768      19520/655360   ( 3.0%)
vertexes            0/65535          0/786420   ( 0.0%)
nodes               0/32767          0/786408   ( 0.0%)
texinfos          137/32767       5480/1310680  ( 0.4%)
faces               0/65535          0/1310700  ( 0.0%)
* worldfaces        0/32768          0/0        ( 0.0%)
clipnodes           0/32767          0/262136   ( 0.0%)
leaves              0/32760          0/917280   ( 0.0%)
* worldleaves       0/8192           0/0        ( 0.0%)
marksurfaces        0/65535          0/131070   ( 0.0%)
surfedges           0/512000         0/2048000  ( 0.0%)
edges               0/256000         0/1024000  ( 0.0%)
texdata          [variable]     157492/33554432 ( 0.5%)
lightdata        [variable]          0/50331648 ( 0.0%)
visdata          [variable]          0/8388608  ( 0.0%)
entdata          [variable]       6555/2097152  ( 0.3%)
* AllocBlock        0/64             0/0        ( 0.0%)
13 textures referenced
=== Total BSP file data space used: 189047 bytes ===

No wad files required to run the map
0.14 seconds elapsed

-----   END   sdHLCSG -----



sdHLBSP v1.2.0 64-bit (Jul 11 2024)
seedee's Half-Life Compilation Tools
Based on code modifications by Sean 'Zoner' Cavanaugh and Vluzacn
Based on Valve's version, modified with permission.
Submit detailed bug reports to (github.com/seedee/SDHLT/issues)
-----  BEGIN  sdHLBSP -----
Command line: "C:\Program Files\J.A.C.K\CompilationTools\sdHLBSP_x64.exe" C:\Users\theje\NZP\nzp\maps\puketown 
Arguments: C:\Users\theje\NZP\nzp\maps\puketown -low 

Current sdHLBSP Settings
Name               |  Setting  |  Default
-------------------|-----------|-------------------------
threads             [      12 ] [  Varies ]
verbose             [     off ] [     off ]
log                 [      on ] [      on ]
developer           [       0 ] [       0 ]
chart               [      on ] [      on ]
estimate            [     off ] [     off ]
max texture memory  [ 33554432 ] [ 33554432 ]
priority            [     Low ] [  Normal ]

noclip              [     off ] [     off ]
nofill              [     off ] [     off ]
noinsidefill        [     off ] [     off ]
noopt               [     off ] [     off ]
no clipnode merging [     off ] [     off ]
null tex. stripping [      on ] [      on ]
notjunc             [     off ] [     off ]
nobrink             [     off ] [     off ]
subdivide size      [     240 ] [     240 ] (Min 64) (Max 512)
max node size       [    1024 ] [    1024 ] (Min 64) (Max 65536)
remove hull 2       [     off ] [     off ]


SolidBSP [hull 0] 268 (0.02 seconds)
BSP generation successful, writing portal file 'C:\Users\theje\NZP\nzp\maps\puketown.prt'
SolidBSP [hull 1] 273 (0.02 seconds)
SolidBSP [hull 2] 269 (0.02 seconds)
SolidBSP [hull 3] 280 (0.02 seconds)
Reduced 843 clipnodes to 806
Reduced 137 texinfos to 119
Reduced 13 texdatas to 13 (157492 bytes to 157492)
Reduced 976 planes to 361
FixBrinks:
Increased 806 clipnodes to 806.

Object names  Objects/Maxobjs  Memory / Maxmem  Fullness
------------  ---------------  ---------------  --------
models              5/512          320/32768    ( 1.0%)
planes            361/32768       7220/655360   ( 1.1%)
vertexes          915/65535      10980/786420   ( 1.4%)
nodes             291/32767       6984/786408   ( 0.9%)
texinfos          119/32767       4760/1310680  ( 0.4%)
faces             614/65535      12280/1310700  ( 0.9%)
* worldfaces      608/32768          0/0        ( 1.9%)
clipnodes         806/32767       6448/262136   ( 2.5%)
leaves            143/32760       4004/917280   ( 0.4%)
* worldleaves     118/8192           0/0        ( 1.4%)
marksurfaces      719/65535       1438/131070   ( 1.1%)
surfedges        3001/512000     12004/2048000  ( 0.6%)
edges            1619/256000      6476/1024000  ( 0.6%)
texdata          [variable]     157492/33554432 ( 0.5%)
lightdata        [variable]          0/50331648 ( 0.0%)
visdata          [variable]          0/8388608  ( 0.0%)
entdata          [variable]       6555/2097152  ( 0.3%)
* AllocBlock        3/64             0/0        ( 4.7%)
13 textures referenced
=== Total BSP file data space used: 236961 bytes ===

No wad files required to run the map
0.18 seconds elapsed

-----   END   sdHLBSP -----



sdHLVIS v1.2.0 64-bit (Jul 11 2024)
seedee's Half-Life Compilation Tools
Based on code modifications by Sean 'Zoner' Cavanaugh and Vluzacn
Based on Valve's version, modified with permission.
Submit detailed bug reports to (github.com/seedee/SDHLT/issues)
-----  BEGIN  sdHLVIS -----
Command line: "C:\Program Files\J.A.C.K\CompilationTools\sdHLVIS_x64.exe" C:\Users\theje\NZP\nzp\maps\puketown 
Arguments: C:\Users\theje\NZP\nzp\maps\puketown -low 
  98 portalleafs
 259 numportals

-= Current sdHLVIS Settings =-
Name               |  Setting  |  Default
-------------------|-----------|-------------------------
threads             [      12 ] [  Varies ]
verbose             [     off ] [     off ]
log                 [      on ] [      on ]
developer           [       0 ] [       0 ]
chart               [      on ] [      on ]
estimate            [     off ] [     off ]
max texture memory  [ 33554432 ] [ 33554432 ]
max vis distance    [       0 ] [       0 ]
priority            [     Low ] [  Normal ]

fast vis            [     off ] [     off ]
full vis            [     off ] [     off ]
nofixprt            [     off ] [     off ]


BasePortalVis:
 (0.00 seconds)
LeafThread:
 (0.01 seconds)
average leafs visible: 56
g_visdatasize:1511  compressed from 1274

Reading portal file 'C:\Users\theje\NZP\nzp\maps\puketown.prt'
Reduced 359 lines to 261
Optimization for J.A.C.K. map editor successful, writing portal file 'C:\Users\theje\NZP\nzp\maps\puketown.prt'

Object names  Objects/Maxobjs  Memory / Maxmem  Fullness
------------  ---------------  ---------------  --------
models              5/512          320/32768    ( 1.0%)
planes            361/32768       7220/655360   ( 1.1%)
vertexes          915/65535      10980/786420   ( 1.4%)
nodes             291/32767       6984/786408   ( 0.9%)
texinfos          119/32767       4760/1310680  ( 0.4%)
faces             614/65535      12280/1310700  ( 0.9%)
* worldfaces      608/32768          0/0        ( 1.9%)
clipnodes         806/32767       6448/262136   ( 2.5%)
leaves            143/32760       4004/917280   ( 0.4%)
* worldleaves     118/8192           0/0        ( 1.4%)
marksurfaces      719/65535       1438/131070   ( 1.1%)
surfedges        3001/512000     12004/2048000  ( 0.6%)
edges            1619/256000      6476/1024000  ( 0.6%)
texdata          [variable]     157492/33554432 ( 0.5%)
lightdata        [variable]          0/50331648 ( 0.0%)
visdata          [variable]       1511/8388608  ( 0.0%)
entdata          [variable]       6555/2097152  ( 0.3%)
* AllocBlock        3/64             0/0        ( 4.7%)
13 textures referenced
=== Total BSP file data space used: 238472 bytes ===

No wad files required to run the map
0.02 seconds elapsed

-----   END   sdHLVIS -----



sdHLRAD v1.2.0 64-bit (Jul 11 2024)
seedee's Half-Life Compilation Tools
Based on code modifications by Sean 'Zoner' Cavanaugh and Vluzacn
Based on Valve's version, modified with permission.
Submit detailed bug reports to (github.com/seedee/SDHLT/issues)
-----  BEGIN  sdHLRAD -----
Command line: "C:\Program Files\J.A.C.K\CompilationTools\sdHLRAD_x64.exe" C:\Users\theje\NZP\nzp\maps\puketown 
Arguments: C:\Users\theje\NZP\nzp\maps\puketown -low 

-= Current sdHLRAD Settings =-
Name                | Setting             | Default
--------------------|---------------------|-------------------------
threads              [                12 ] [            Varies ]
verbose              [               off ] [               off ]
log                  [                on ] [                on ]
developer            [                 0 ] [                 0 ]
chart                [                on ] [                on ]
estimate             [               off ] [               off ]
max texture memory   [          33554432 ] [          33554432 ]
max lighting memory  [          50331648 ] [          50331648 ]
priority             [               Low ] [            Normal ]

fast rad             [               off ] [               off ]
vismatrix algorithm  [            Sparse ] [            Sparse ]
pre-25th anniversary [               off ] [               off ]
oversampling (-extra)[               off ] [               off ]
bounces              [                 8 ] [                 8 ]
ambient light        [ 0.000 0.000 0.000 ] [ 0.000 0.000 0.000 ]
light limit threshold[           255.000 ] [           255.000 ]
circus mode          [               off ] [               off ]

smoothing threshold  [            50.000 ] [            50.000 ]
smoothing threshold 2[             0.000 ] [         no change ]
direct threshold     [            10.000 ] [            10.000 ]
direct light scale   [             1.000 ] [             1.000 ]
coring threshold     [             0.010 ] [             0.010 ]
patch interpolation  [                on ] [                on ]

texscale             [                on ] [                on ]
patch subdividing    [                on ] [                on ]
chop value           [            64.000 ] [            64.000 ]
texchop value        [            32.000 ] [            32.000 ]

global fade          [             1.000 ] [             1.000 ]
global texlight gap  [             0.000 ] [             0.000 ]
global light scale   [ 2.000 2.000 2.000 ] [ 2.000 2.000 2.000 ]
global gamma         [ 0.550 0.550 0.550 ] [ 0.550 0.550 0.550 ]
global light scale   [             2.000 ] [             2.000 ]
global sky diffusion [             1.000 ] [             1.000 ]

spread angles        [                on ] [                on ]
opaque brush models  [                on ] [                on ]
opaque studio models [                on ] [                on ]
sky lighting fix     [                on ] [                on ]
incremental          [               off ] [               off ]
dump                 [               off ] [               off ]

colour jitter        [       0.0 0.0 0.0 ] [       0.0 0.0 0.0 ]
monochromatic jitter [       0.0 0.0 0.0 ] [       0.0 0.0 0.0 ]

custom shadows with bounce light
                     [               off ] [               off ]
rgb transfers        [               off ] [               off ]
minimum final light  [                 0 ] [                 0 ]
size of transfer     [         1 (16bit) ] [         1 (16bit) ]
size of rgbtransfer  [         2 (32bit) ] [         2 (32bit) ]
soft sky             [                on ] [                on ]
translucent depth    [             2.000 ] [             2.000 ]
block opaque         [                on ] [                on ]
ignore textures      [               off ] [               off ]
reflectivity gamma   [             1.760 ] [             1.760 ]
reflectivity scale   [             0.700 ] [             0.700 ]
blur size            [             1.500 ] [             1.500 ]
no emitter range     [               off ] [               off ]
wall bleeding fix    [                on ] [                on ]


Load Textures:
13 textures referenced
Reading texlights from 'C:\Program Files\J.A.C.K\CompilationTools\lights.rad'
0 texlights parsed (C:\Program Files\J.A.C.K\CompilationTools\lights.rad)
0 opaque models
0 opaque faces
614 faces
Create Patches : 2241 base patches
37860 square feet [5451870.00 square inches]
2 direct lights and 16386 fast direct lights
2 light styles
0 opaque studio models

FindFacePositions:
 (0.06 seconds)
BuildFacelights:
 (0.60 seconds)
BuildVisLeafs:
 (0.04 seconds)
visibility matrix   :   0.2 megs
MakeScales:
 (0.03 seconds)
Transfer Lists :      356741 :   356.74k transfers
       Indices :      259340 :   253.26k bytes
          Data :      719884 :   703.01k bytes
Bounce 1 GatherLight:
 (0.00 seconds)
Bounce 2 GatherLight:
 (0.00 seconds)
Bounce 3 GatherLight:
 (0.00 seconds)
Bounce 4 GatherLight:
 (0.00 seconds)
Bounce 5 GatherLight:
 (0.00 seconds)
Bounce 6 GatherLight:
 (0.00 seconds)
Bounce 7 GatherLight:
 (0.00 seconds)
Bounce 8 GatherLight:
 (0.00 seconds)
CreateTriangulations:
 (0.01 seconds)
AddPatchLights:
 (0.09 seconds)
FinalLightFace:
 (0.00 seconds)

Object names  Objects/Maxobjs  Memory / Maxmem  Fullness
------------  ---------------  ---------------  --------
models              5/512          320/32768    ( 1.0%)
planes            361/32768       7220/655360   ( 1.1%)
vertexes          915/65535      10980/786420   ( 1.4%)
nodes             291/32767       6984/786408   ( 0.9%)
texinfos          119/32767       4760/1310680  ( 0.4%)
faces             614/65535      12280/1310700  ( 0.9%)
* worldfaces      608/32768          0/0        ( 1.9%)
clipnodes         806/32767       6448/262136   ( 2.5%)
leaves            143/32760       4004/917280   ( 0.4%)
* worldleaves     118/8192           0/0        ( 1.4%)
marksurfaces      719/65535       1438/131070   ( 1.1%)
surfedges        3001/512000     12004/2048000  ( 0.6%)
edges            1619/256000      6476/1024000  ( 0.6%)
texdata          [variable]     157492/33554432 ( 0.5%)
lightdata        [variable]     137895/50331648 ( 0.3%)
visdata          [variable]       1511/8388608  ( 0.0%)
entdata          [variable]       6555/2097152  ( 0.3%)
* AllocBlock        3/64             0/0        ( 4.7%)
13 textures referenced
=== Total BSP file data space used: 376367 bytes ===

No wad files required to run the map
1.01 seconds elapsed

-----   END   sdHLRAD -----



