sdHLCSG v1.2.0 64-bit (Jul 11 2024)
seedee's Half-Life Compilation Tools
Based on code modifications by Sean 'Zoner' Cavanaugh and Vluzacn
Based on Valve's version, modified with permission.
Submit detailed bug reports to (github.com/seedee/SDHLT/issues)
-----  BEGIN  sdHLCSG -----
Command line: "C:\Program Files\J.A.C.K\CompilationTools\sdHLCSG_x64.exe" C:\Users\theje\NZP\nzp\maps\smolNacht -wadinclude jtext -wadinclude jwoc -wadinclude jdev -wadinclude jstuf -wadinclude jdepr 
Arguments: C:\Users\theje\NZP\nzp\maps\smolNacht -wadinclude jtext -wadinclude jwoc -wadinclude jdev -wadinclude jstuf -wadinclude jdepr -low 
Entering C:\Users\theje\NZP\nzp\maps\smolNacht.map

Current sdHLCSG Settings
Name                 |  Setting  |  Default
---------------------|-----------|-------------------------
threads               [      12 ] [  Varies ]
verbose               [     off ] [     off ]
log                   [      on ] [      on ]
reset logfile         [      on ] [      on ]
developer             [       0 ] [       0 ]
chart                 [      on ] [      on ]
estimate              [     off ] [     off ]
max texture memory    [ 33554432 ] [ 33554432 ]
max lighting memory   [ 50331648 ] [ 50331648 ]
priority              [     Low ] [  Normal ]

noclip                [     off ] [     off ]
null texture stripping[      on ] [      on ]
clipnode economy mode [     off ] [     off ]
clip hull type        [  simple ] [  simple ]
onlyents              [     off ] [     off ]
wadtextures           [      on ] [      on ]
skyclip               [      on ] [      on ]
hullfile              [    None ] [    None ]
wad.cfg file          [    None ] [    None ]
wad.cfg config name   [    None ] [    None ]
nullfile              [    None ] [    None ]
nullify trigger       [      on ] [      on ]
min surface area      [   0.000 ] [   0.000 ]
brush union threshold [   0.000 ] [   0.000 ]
map scaling           [    None ] [    None ]
light name optimize   [      on ] [      on ]
convert game_text     [      on ] [      on ]
world extent          [   65536 ] [   65536 ]

Loading mapfile wad configuration by default
Wadinclude list
---------------
sdhlt.wad
jtext
jwoc
jdev
jstuf
jdepr
---------------


CreateBrush:
 (0.11 seconds)
CSGBrush:
 (0.57 seconds)

No wad files used by the map
Additional wad files included
-----------------------------
[JTEXT.wad] 7/211 textures (31.82%)
 - /Users/theje/Assets/Jeyphr-s-Wads/Jeyphr's WADS/JTEXT.wad
[JWOC.wad] 11/248 textures (50.00%)
 - /Users/theje/Assets/Jeyphr-s-Wads/Jeyphr's WADS/JWOC.wad
[sdhlt.wad] 2/27 textures (9.09%)
 - /Users/theje/Assets/Jeyphr-s-Wads/SeeDee's Half Life Tools/sdhlt.wad
[JSTUF.wad] 2/8 textures (9.09%)
 - /Users/theje/Assets/Jeyphr-s-Wads/Jeyphr's WADS/JSTUF.wad
-----------------------------

Texture usage: 0.33/32.00 MB)

Object names  Objects/Maxobjs  Memory / Maxmem  Fullness
------------  ---------------  ---------------  --------
models              0/512            0/32768    ( 0.0%)
planes          16580/32768     331600/655360   (50.6%)
vertexes            0/65535          0/786420   ( 0.0%)
nodes               0/32767          0/786408   ( 0.0%)
texinfos          955/32767      38200/1310680  ( 2.9%)
faces               0/65535          0/1310700  ( 0.0%)
* worldfaces        0/32768          0/0        ( 0.0%)
clipnodes           0/32767          0/262136   ( 0.0%)
leaves              0/32760          0/917280   ( 0.0%)
* worldleaves       0/8192           0/0        ( 0.0%)
marksurfaces        0/65535          0/131070   ( 0.0%)
surfedges           0/512000         0/2048000  ( 0.0%)
edges               0/256000         0/1024000  ( 0.0%)
texdata          [variable]     345716/33554432 ( 1.0%)
lightdata        [variable]          0/50331648 ( 0.0%)
visdata          [variable]          0/8388608  ( 0.0%)
entdata          [variable]      26585/2097152  ( 1.3%)
* AllocBlock        0/64             0/0        ( 0.0%)
22 textures referenced
=== Total BSP file data space used: 742101 bytes ===

No wad files required to run the map
0.84 seconds elapsed

-----   END   sdHLCSG -----



sdHLBSP v1.2.0 64-bit (Jul 11 2024)
seedee's Half-Life Compilation Tools
Based on code modifications by Sean 'Zoner' Cavanaugh and Vluzacn
Based on Valve's version, modified with permission.
Submit detailed bug reports to (github.com/seedee/SDHLT/issues)
-----  BEGIN  sdHLBSP -----
Command line: "C:\Program Files\J.A.C.K\CompilationTools\sdHLBSP_x64.exe" C:\Users\theje\NZP\nzp\maps\smolNacht 
Arguments: C:\Users\theje\NZP\nzp\maps\smolNacht -low 

Current sdHLBSP Settings
Name               |  Setting  |  Default
-------------------|-----------|-------------------------
threads             [      12 ] [  Varies ]
verbose             [     off ] [     off ]
log                 [      on ] [      on ]
developer           [       0 ] [       0 ]
chart               [      on ] [      on ]
estimate            [     off ] [     off ]
max texture memory  [ 33554432 ] [ 33554432 ]
priority            [     Low ] [  Normal ]

noclip              [     off ] [     off ]
nofill              [     off ] [     off ]
noinsidefill        [     off ] [     off ]
noopt               [     off ] [     off ]
no clipnode merging [     off ] [     off ]
null tex. stripping [      on ] [      on ]
notjunc             [     off ] [     off ]
nobrink             [     off ] [     off ]
subdivide size      [     240 ] [     240 ] (Min 64) (Max 512)
max node size       [    1024 ] [    1024 ] (Min 64) (Max 65536)
remove hull 2       [     off ] [     off ]


SolidBSP [hull 0] 500...1000...1500...1697 (0.14 seconds)
BSP generation successful, writing portal file 'C:\Users\theje\NZP\nzp\maps\smolNacht.prt'
SolidBSP [hull 1] 500...1000...1500...1788 (0.13 seconds)
SolidBSP [hull 2] 500...1000...1500...1634 (0.12 seconds)
SolidBSP [hull 3] 500...1000...1500...1949 (0.14 seconds)
Warning: Ambiguous leafnode content ( EMPTY and SOLID ) at (-111,455,-116)-(-97,474,-114) in hull 2 of model 30 (entity: classname "func_door", origin "", targetname "kablammo_1")
Reduced 9647 clipnodes to 8984
Reduced 955 texinfos to 551
Reduced 22 texdatas to 21 (345716 bytes to 339460)
Reduced 16580 planes to 5527
FixBrinks:
Increased 8984 clipnodes to 9365.

Object names  Objects/Maxobjs  Memory / Maxmem  Fullness
------------  ---------------  ---------------  --------
models             66/512         4224/32768    (12.9%)
planes           5527/32768     110540/655360   (16.9%)
vertexes         2634/65535      31608/786420   ( 4.0%)
nodes            2246/32767      53904/786408   ( 6.9%)
texinfos          551/32767      22040/1310680  ( 1.7%)
faces            1917/65535      38340/1310700  ( 2.9%)
* worldfaces     1495/32768          0/0        ( 4.6%)
clipnodes        9365/32767      74920/262136   (28.6%)
leaves           1391/32760      38948/917280   ( 4.2%)
* worldleaves     887/8192           0/0        (10.8%)
marksurfaces     2617/65535       5234/131070   ( 4.0%)
surfedges        8535/512000     34140/2048000  ( 1.7%)
edges            4688/256000     18752/1024000  ( 1.8%)
texdata          [variable]     339460/33554432 ( 1.0%)
lightdata        [variable]          0/50331648 ( 0.0%)
visdata          [variable]          0/8388608  ( 0.0%)
entdata          [variable]      26585/2097152  ( 1.3%)
* AllocBlock        3/64             0/0        ( 4.7%)
21 textures referenced
=== Total BSP file data space used: 798695 bytes ===

No wad files required to run the map
1.78 seconds elapsed

-----   END   sdHLBSP -----



sdHLVIS v1.2.0 64-bit (Jul 11 2024)
seedee's Half-Life Compilation Tools
Based on code modifications by Sean 'Zoner' Cavanaugh and Vluzacn
Based on Valve's version, modified with permission.
Submit detailed bug reports to (github.com/seedee/SDHLT/issues)
-----  BEGIN  sdHLVIS -----
Command line: "C:\Program Files\J.A.C.K\CompilationTools\sdHLVIS_x64.exe" C:\Users\theje\NZP\nzp\maps\smolNacht 
Arguments: C:\Users\theje\NZP\nzp\maps\smolNacht -low 
 188 portalleafs
 500 numportals

-= Current sdHLVIS Settings =-
Name               |  Setting  |  Default
-------------------|-----------|-------------------------
threads             [      12 ] [  Varies ]
verbose             [     off ] [     off ]
log                 [      on ] [      on ]
developer           [       0 ] [       0 ]
chart               [      on ] [      on ]
estimate            [     off ] [     off ]
max texture memory  [ 33554432 ] [ 33554432 ]
max vis distance    [       0 ] [       0 ]
priority            [     Low ] [  Normal ]

fast vis            [     off ] [     off ]
full vis            [     off ] [     off ]
nofixprt            [     off ] [     off ]


BasePortalVis:
 (0.00 seconds)
LeafThread:
 (0.04 seconds)
average leafs visible: 85
g_visdatasize:17803  compressed from 4512

Reading portal file 'C:\Users\theje\NZP\nzp\maps\smolNacht.prt'
Reduced 690 lines to 502
Optimization for J.A.C.K. map editor successful, writing portal file 'C:\Users\theje\NZP\nzp\maps\smolNacht.prt'

Object names  Objects/Maxobjs  Memory / Maxmem  Fullness
------------  ---------------  ---------------  --------
models             66/512         4224/32768    (12.9%)
planes           5527/32768     110540/655360   (16.9%)
vertexes         2634/65535      31608/786420   ( 4.0%)
nodes            2246/32767      53904/786408   ( 6.9%)
texinfos          551/32767      22040/1310680  ( 1.7%)
faces            1917/65535      38340/1310700  ( 2.9%)
* worldfaces     1495/32768          0/0        ( 4.6%)
clipnodes        9365/32767      74920/262136   (28.6%)
leaves           1391/32760      38948/917280   ( 4.2%)
* worldleaves     887/8192           0/0        (10.8%)
marksurfaces     2617/65535       5234/131070   ( 4.0%)
surfedges        8535/512000     34140/2048000  ( 1.7%)
edges            4688/256000     18752/1024000  ( 1.8%)
texdata          [variable]     339460/33554432 ( 1.0%)
lightdata        [variable]          0/50331648 ( 0.0%)
visdata          [variable]      17803/8388608  ( 0.2%)
entdata          [variable]      26585/2097152  ( 1.3%)
* AllocBlock        3/64             0/0        ( 4.7%)
21 textures referenced
=== Total BSP file data space used: 816498 bytes ===

No wad files required to run the map
0.06 seconds elapsed

-----   END   sdHLVIS -----



sdHLRAD v1.2.0 64-bit (Jul 11 2024)
seedee's Half-Life Compilation Tools
Based on code modifications by Sean 'Zoner' Cavanaugh and Vluzacn
Based on Valve's version, modified with permission.
Submit detailed bug reports to (github.com/seedee/SDHLT/issues)
-----  BEGIN  sdHLRAD -----
Command line: "C:\Program Files\J.A.C.K\CompilationTools\sdHLRAD_x64.exe" C:\Users\theje\NZP\nzp\maps\smolNacht 
Arguments: C:\Users\theje\NZP\nzp\maps\smolNacht -low 

-= Current sdHLRAD Settings =-
Name                | Setting             | Default
--------------------|---------------------|-------------------------
threads              [                12 ] [            Varies ]
verbose              [               off ] [               off ]
log                  [                on ] [                on ]
developer            [                 0 ] [                 0 ]
chart                [                on ] [                on ]
estimate             [               off ] [               off ]
max texture memory   [          33554432 ] [          33554432 ]
max lighting memory  [          50331648 ] [          50331648 ]
priority             [               Low ] [            Normal ]

fast rad             [               off ] [               off ]
vismatrix algorithm  [            Sparse ] [            Sparse ]
pre-25th anniversary [               off ] [               off ]
oversampling (-extra)[               off ] [               off ]
bounces              [                 8 ] [                 8 ]
ambient light        [ 0.000 0.000 0.000 ] [ 0.000 0.000 0.000 ]
light limit threshold[           255.000 ] [           255.000 ]
circus mode          [               off ] [               off ]

smoothing threshold  [            50.000 ] [            50.000 ]
smoothing threshold 2[             0.000 ] [         no change ]
direct threshold     [            10.000 ] [            10.000 ]
direct light scale   [             1.000 ] [             1.000 ]
coring threshold     [             0.010 ] [             0.010 ]
patch interpolation  [                on ] [                on ]

texscale             [                on ] [                on ]
patch subdividing    [                on ] [                on ]
chop value           [            64.000 ] [            64.000 ]
texchop value        [            32.000 ] [            32.000 ]

global fade          [             1.000 ] [             1.000 ]
global texlight gap  [             0.000 ] [             0.000 ]
global light scale   [ 2.000 2.000 2.000 ] [ 2.000 2.000 2.000 ]
global gamma         [ 0.550 0.550 0.550 ] [ 0.550 0.550 0.550 ]
global light scale   [             2.000 ] [             2.000 ]
global sky diffusion [             1.000 ] [             1.000 ]

spread angles        [                on ] [                on ]
opaque brush models  [                on ] [                on ]
opaque studio models [                on ] [                on ]
sky lighting fix     [                on ] [                on ]
incremental          [               off ] [               off ]
dump                 [               off ] [               off ]

colour jitter        [       0.0 0.0 0.0 ] [       0.0 0.0 0.0 ]
monochromatic jitter [       0.0 0.0 0.0 ] [       0.0 0.0 0.0 ]

custom shadows with bounce light
                     [               off ] [               off ]
rgb transfers        [               off ] [               off ]
minimum final light  [                 0 ] [                 0 ]
size of transfer     [         1 (16bit) ] [         1 (16bit) ]
size of rgbtransfer  [         2 (32bit) ] [         2 (32bit) ]
soft sky             [                on ] [                on ]
translucent depth    [             2.000 ] [             2.000 ]
block opaque         [                on ] [                on ]
ignore textures      [               off ] [               off ]
reflectivity gamma   [             1.760 ] [             1.760 ]
reflectivity scale   [             0.700 ] [             0.700 ]
blur size            [             1.500 ] [             1.500 ]
no emitter range     [               off ] [               off ]
wall bleeding fix    [                on ] [                on ]


Load Textures:
21 textures referenced
Reading texlights from 'C:\Program Files\J.A.C.K\CompilationTools\lights.rad'
0 texlights parsed (C:\Program Files\J.A.C.K\CompilationTools\lights.rad)
0 opaque models
0 opaque faces
1917 faces
Create Patches : 3435 base patches
94042 square feet [13542182.00 square inches]
21 direct lights and 0 fast direct lights
3 light styles
0 opaque studio models

FindFacePositions:
 (0.08 seconds)
BuildFacelights:
 (0.27 seconds)
BuildVisLeafs:
 (0.15 seconds)
visibility matrix   :   0.6 megs
MakeScales:
 (0.14 seconds)
Transfer Lists :      993326 :   993.33k transfers
       Indices :     1240584 :     1.18M bytes
          Data :     1996795 :     1.90M bytes
Bounce 1 GatherLight:
 (0.01 seconds)
Bounce 2 GatherLight:
 (0.01 seconds)
Bounce 3 GatherLight:
 (0.01 seconds)
Bounce 4 GatherLight:
 (0.01 seconds)
Bounce 5 GatherLight:
 (0.01 seconds)
Bounce 6 GatherLight:
 (0.01 seconds)
Bounce 7 GatherLight:
 (0.01 seconds)
Bounce 8 GatherLight:
 (0.01 seconds)
CreateTriangulations:
 (0.01 seconds)
AddPatchLights:
 (0.09 seconds)
FinalLightFace:
 (0.00 seconds)

Object names  Objects/Maxobjs  Memory / Maxmem  Fullness
------------  ---------------  ---------------  --------
models             66/512         4224/32768    (12.9%)
planes           5527/32768     110540/655360   (16.9%)
vertexes         2634/65535      31608/786420   ( 4.0%)
nodes            2246/32767      53904/786408   ( 6.9%)
texinfos          551/32767      22040/1310680  ( 1.7%)
faces            1917/65535      38340/1310700  ( 2.9%)
* worldfaces     1495/32768          0/0        ( 4.6%)
clipnodes        9365/32767      74920/262136   (28.6%)
leaves           1391/32760      38948/917280   ( 4.2%)
* worldleaves     887/8192           0/0        (10.8%)
marksurfaces     2617/65535       5234/131070   ( 4.0%)
surfedges        8535/512000     34140/2048000  ( 1.7%)
edges            4688/256000     18752/1024000  ( 1.8%)
texdata          [variable]     339460/33554432 ( 1.0%)
lightdata        [variable]     217629/50331648 ( 0.4%)
visdata          [variable]      17803/8388608  ( 0.2%)
entdata          [variable]      26585/2097152  ( 1.3%)
* AllocBlock        3/64             0/0        ( 4.7%)
21 textures referenced
=== Total BSP file data space used: 1034127 bytes ===

No wad files required to run the map
1.12 seconds elapsed

-----   END   sdHLRAD -----



