188
500
4 1 5 (640.000000 1408.000000 -256.000000) (640.000000 1408.000000 384.000000) (640.000000 1424.000000 384.000000) (640.000000 1424.000000 -256.000000) 
4 2 59 (640.000000 -640.000000 384.000000) (640.000000 -640.000000 400.000000) (640.000000 288.000000 400.000000) (640.000000 288.000000 384.000000) 
4 2 8 (640.000000 288.000000 400.000000) (640.000000 896.000000 400.000000) (640.000000 896.000000 384.000000) (640.000000 288.000000 384.000000) 
4 2 6 (640.000000 896.000000 400.000000) (640.000000 1408.000000 400.000000) (640.000000 1408.000000 384.000000) (640.000000 896.000000 384.000000) 
4 3 95 (640.000000 -640.000000 -256.000000) (640.000000 -640.000000 -160.000000) (640.000000 288.000000 -160.000000) (640.000000 288.000000 -256.000000) 
4 3 66 (640.000000 -144.000000 128.000000) (640.000000 -128.000000 128.000000) (640.000000 -128.000000 -144.000000) (640.000000 -144.000000 -144.000000) 
4 3 67 (640.000000 -128.000000 -144.000000) (640.000000 -128.000000 -160.000000) (640.000000 -144.000000 -160.000000) (640.000000 -144.000000 -144.000000) 
4 3 68 (640.000000 -640.000000 -160.000000) (640.000000 -640.000000 128.000000) (640.000000 -144.000000 128.000000) (640.000000 -144.000000 -160.000000) 
4 3 61 (640.000000 -128.000000 128.000000) (640.000000 288.000000 128.000000) (640.000000 288.000000 -144.000000) (640.000000 -128.000000 -144.000000) 
4 3 60 (640.000000 -640.000000 128.000000) (640.000000 -640.000000 384.000000) (640.000000 288.000000 384.000000) (640.000000 288.000000 128.000000) 
4 3 58 (640.000000 896.000000 -160.000000) (640.000000 896.000000 -256.000000) (640.000000 288.000000 -256.000000) (640.000000 288.000000 -160.000000) 
4 3 10 (640.000000 896.000000 128.000000) (640.000000 896.000000 -144.000000) (640.000000 288.000000 -144.000000) (640.000000 288.000000 128.000000) 
4 3 9 (640.000000 288.000000 384.000000) (640.000000 896.000000 384.000000) (640.000000 896.000000 128.000000) (640.000000 288.000000 128.000000) 
4 3 7 (640.000000 896.000000 384.000000) (640.000000 1408.000000 384.000000) (640.000000 1408.000000 -256.000000) (640.000000 896.000000 -256.000000) 
4 4 96 (640.000000 -656.000000 -256.000000) (640.000000 -656.000000 384.000000) (640.000000 -640.000000 384.000000) (640.000000 -640.000000 -256.000000) 
4 5 97 (-256.000000 1408.000000 -256.000000) (-256.000000 1408.000000 384.000000) (-256.000000 1424.000000 384.000000) (-256.000000 1424.000000 -256.000000) 
4 6 98 (-256.000000 896.000000 384.000000) (-256.000000 896.000000 400.000000) (-256.000000 1408.000000 400.000000) (-256.000000 1408.000000 384.000000) 
4 6 8 (640.000000 896.000000 384.000000) (640.000000 896.000000 400.000000) (-256.000000 896.000000 400.000000) (-256.000000 896.000000 384.000000) 
4 7 99 (-256.000000 896.000000 -256.000000) (-256.000000 896.000000 384.000000) (-256.000000 1408.000000 384.000000) (-256.000000 1408.000000 -256.000000) 
4 7 58 (640.000000 896.000000 -256.000000) (640.000000 896.000000 -160.000000) (-256.000000 896.000000 -160.000000) (-256.000000 896.000000 -256.000000) 
4 7 32 (-128.000000 896.000000 -144.000000) (96.000000 896.000000 -144.000000) (96.000000 896.000000 -128.000000) (-128.000000 896.000000 -128.000000) 
4 7 30 (-112.000000 896.000000 -16.000000) (-128.000000 896.000000 -16.000000) (-128.000000 896.000000 -128.000000) (-112.000000 896.000000 -128.000000) 
4 7 29 (-16.000000 896.000000 -16.000000) (-112.000000 896.000000 -16.000000) (-112.000000 896.000000 -128.000000) (-16.000000 896.000000 -128.000000) 
4 7 27 (96.000000 896.000000 -128.000000) (96.000000 896.000000 -16.000000) (-16.000000 896.000000 -16.000000) (-16.000000 896.000000 -128.000000) 
4 7 26 (96.000000 896.000000 -16.000000) (96.000000 896.000000 0.000000) (-128.000000 896.000000 0.000000) (-128.000000 896.000000 -16.000000) 
4 7 24 (96.000000 896.000000 0.000000) (96.000000 896.000000 4.000000) (-128.000000 896.000000 4.000000) (-128.000000 896.000000 0.000000) 
4 7 13 (96.000000 896.000000 -144.000000) (128.000000 896.000000 -144.000000) (128.000000 896.000000 4.000000) (96.000000 896.000000 4.000000) 
4 7 12 (144.000000 896.000000 -144.000000) (192.000000 896.000000 -144.000000) (192.000000 896.000000 4.000000) (144.000000 896.000000 4.000000) 
4 7 37 (-256.000000 896.000000 4.000000) (-256.000000 896.000000 -144.000000) (-144.000000 896.000000 -144.000000) (-144.000000 896.000000 4.000000) 
4 7 11 (192.000000 896.000000 128.000000) (-256.000000 896.000000 128.000000) (-256.000000 896.000000 4.000000) (192.000000 896.000000 4.000000) 
4 7 10 (640.000000 896.000000 -144.000000) (640.000000 896.000000 128.000000) (192.000000 896.000000 128.000000) (192.000000 896.000000 -144.000000) 
4 7 9 (640.000000 896.000000 128.000000) (640.000000 896.000000 384.000000) (-256.000000 896.000000 384.000000) (-256.000000 896.000000 128.000000) 
4 8 101 (-256.000000 288.000000 384.000000) (-256.000000 288.000000 400.000000) (-256.000000 896.000000 400.000000) (-256.000000 896.000000 384.000000) 
4 8 59 (-256.000000 288.000000 400.000000) (-256.000000 288.000000 384.000000) (640.000000 288.000000 384.000000) (640.000000 288.000000 400.000000) 
4 9 102 (-256.000000 288.000000 128.000000) (-256.000000 288.000000 384.000000) (-256.000000 896.000000 384.000000) (-256.000000 896.000000 128.000000) 
4 9 60 (-256.000000 288.000000 384.000000) (-256.000000 288.000000 128.000000) (640.000000 288.000000 128.000000) (640.000000 288.000000 384.000000) 
4 9 39 (-256.000000 552.000000 128.000000) (-256.000000 584.000000 128.000000) (136.000000 584.000000 128.000000) (136.000000 552.000000 128.000000) 
4 9 38 (136.000000 584.000000 128.000000) (192.000000 584.000000 128.000000) (192.000000 288.000000 128.000000) (136.000000 288.000000 128.000000) 
4 9 11 (-256.000000 584.000000 128.000000) (-256.000000 896.000000 128.000000) (192.000000 896.000000 128.000000) (192.000000 584.000000 128.000000) 
4 9 10 (192.000000 896.000000 128.000000) (640.000000 896.000000 128.000000) (640.000000 288.000000 128.000000) (192.000000 288.000000 128.000000) 
4 10 61 (192.000000 288.000000 -144.000000) (640.000000 288.000000 -144.000000) (640.000000 288.000000 128.000000) (192.000000 288.000000 128.000000) 
4 10 50 (192.000000 584.000000 -144.000000) (192.000000 288.000000 -144.000000) (192.000000 288.000000 -128.000000) (192.000000 584.000000 -128.000000) 
4 10 47 (192.000000 288.000000 -128.000000) (192.000000 288.000000 -16.000000) (192.000000 488.000000 -16.000000) (192.000000 488.000000 -128.000000) 
4 10 46 (192.000000 488.000000 -16.000000) (192.000000 584.000000 -16.000000) (192.000000 584.000000 -128.000000) (192.000000 488.000000 -128.000000) 
4 10 38 (192.000000 288.000000 -16.000000) (192.000000 288.000000 128.000000) (192.000000 584.000000 128.000000) (192.000000 584.000000 -16.000000) 
4 10 23 (192.000000 648.000000 -144.000000) (192.000000 584.000000 -144.000000) (192.000000 584.000000 -128.000000) (192.000000 648.000000 -128.000000) 
4 10 22 (192.000000 880.000000 -144.000000) (192.000000 744.000000 -144.000000) (192.000000 744.000000 -128.000000) (192.000000 880.000000 -128.000000) 
4 10 21 (192.000000 584.000000 -128.000000) (192.000000 584.000000 -16.000000) (192.000000 648.000000 -16.000000) (192.000000 648.000000 -128.000000) 
4 10 20 (192.000000 648.000000 -16.000000) (192.000000 744.000000 -16.000000) (192.000000 744.000000 -128.000000) (192.000000 648.000000 -128.000000) 
4 10 18 (192.000000 744.000000 -16.000000) (192.000000 784.000000 -16.000000) (192.000000 784.000000 -128.000000) (192.000000 744.000000 -128.000000) 
4 10 17 (192.000000 784.000000 -16.000000) (192.000000 880.000000 -16.000000) (192.000000 880.000000 -128.000000) (192.000000 784.000000 -128.000000) 
4 10 16 (192.000000 584.000000 -16.000000) (192.000000 584.000000 0.000000) (192.000000 880.000000 0.000000) (192.000000 880.000000 -16.000000) 
4 10 15 (192.000000 584.000000 0.000000) (192.000000 584.000000 4.000000) (192.000000 880.000000 4.000000) (192.000000 880.000000 0.000000) 
4 10 12 (192.000000 896.000000 -144.000000) (192.000000 880.000000 -144.000000) (192.000000 880.000000 4.000000) (192.000000 896.000000 4.000000) 
4 10 11 (192.000000 584.000000 4.000000) (192.000000 584.000000 128.000000) (192.000000 896.000000 128.000000) (192.000000 896.000000 4.000000) 
4 11 103 (-256.000000 584.000000 128.000000) (-256.000000 896.000000 128.000000) (-256.000000 896.000000 4.000000) (-256.000000 584.000000 4.000000) 
4 11 39 (-256.000000 584.000000 128.000000) (-256.000000 584.000000 4.000000) (136.000000 584.000000 4.000000) (136.000000 584.000000 128.000000) 
4 11 38 (136.000000 584.000000 4.000000) (192.000000 584.000000 4.000000) (192.000000 584.000000 128.000000) (136.000000 584.000000 128.000000) 
4 11 24 (-128.000000 896.000000 4.000000) (96.000000 896.000000 4.000000) (96.000000 880.000000 4.000000) (-128.000000 880.000000 4.000000) 
4 11 25 (96.000000 880.000000 4.000000) (96.000000 584.000000 4.000000) (-144.000000 584.000000 4.000000) (-144.000000 880.000000 4.000000) 
4 11 15 (192.000000 880.000000 4.000000) (192.000000 584.000000 4.000000) (96.000000 584.000000 4.000000) (96.000000 880.000000 4.000000) 
4 11 14 (128.000000 888.000000 4.000000) (128.000000 880.000000 4.000000) (96.000000 880.000000 4.000000) (96.000000 888.000000 4.000000) 
4 11 13 (96.000000 896.000000 4.000000) (128.000000 896.000000 4.000000) (128.000000 888.000000 4.000000) (96.000000 888.000000 4.000000) 
4 11 12 (144.000000 896.000000 4.000000) (192.000000 896.000000 4.000000) (192.000000 880.000000 4.000000) (144.000000 880.000000 4.000000) 
4 11 37 (-256.000000 584.000000 4.000000) (-256.000000 896.000000 4.000000) (-144.000000 896.000000 4.000000) (-144.000000 584.000000 4.000000) 
4 12 22 (144.000000 880.000000 -144.000000) (192.000000 880.000000 -144.000000) (192.000000 880.000000 -128.000000) (144.000000 880.000000 -128.000000) 
4 12 17 (192.000000 880.000000 -128.000000) (192.000000 880.000000 -16.000000) (144.000000 880.000000 -16.000000) (144.000000 880.000000 -128.000000) 
4 12 16 (192.000000 880.000000 -16.000000) (192.000000 880.000000 0.000000) (144.000000 880.000000 0.000000) (144.000000 880.000000 -16.000000) 
4 12 15 (192.000000 880.000000 0.000000) (192.000000 880.000000 4.000000) (144.000000 880.000000 4.000000) (144.000000 880.000000 0.000000) 
4 13 32 (96.000000 896.000000 -144.000000) (96.000000 888.000000 -144.000000) (96.000000 888.000000 -128.000000) (96.000000 896.000000 -128.000000) 
4 13 27 (96.000000 888.000000 -128.000000) (96.000000 888.000000 -16.000000) (96.000000 896.000000 -16.000000) (96.000000 896.000000 -128.000000) 
4 13 26 (96.000000 888.000000 -16.000000) (96.000000 888.000000 0.000000) (96.000000 896.000000 0.000000) (96.000000 896.000000 -16.000000) 
4 13 24 (96.000000 888.000000 0.000000) (96.000000 888.000000 4.000000) (96.000000 896.000000 4.000000) (96.000000 896.000000 0.000000) 
4 13 14 (128.000000 888.000000 0.000000) (128.000000 888.000000 4.000000) (96.000000 888.000000 4.000000) (96.000000 888.000000 0.000000) 
4 14 24 (96.000000 880.000000 0.000000) (96.000000 880.000000 4.000000) (96.000000 888.000000 4.000000) (96.000000 888.000000 0.000000) 
4 14 15 (128.000000 880.000000 0.000000) (128.000000 880.000000 4.000000) (96.000000 880.000000 4.000000) (96.000000 880.000000 0.000000) 
4 15 39 (136.000000 584.000000 4.000000) (96.000000 584.000000 4.000000) (96.000000 584.000000 0.000000) (136.000000 584.000000 0.000000) 
4 15 38 (192.000000 584.000000 0.000000) (192.000000 584.000000 4.000000) (136.000000 584.000000 4.000000) (136.000000 584.000000 0.000000) 
4 15 25 (96.000000 584.000000 0.000000) (96.000000 584.000000 4.000000) (96.000000 880.000000 4.000000) (96.000000 880.000000 0.000000) 
4 15 16 (136.000000 880.000000 0.000000) (192.000000 880.000000 0.000000) (192.000000 584.000000 0.000000) (136.000000 584.000000 0.000000) 
4 16 38 (192.000000 584.000000 -16.000000) (192.000000 584.000000 0.000000) (136.000000 584.000000 0.000000) (136.000000 584.000000 -16.000000) 
4 16 21 (192.000000 584.000000 -16.000000) (136.000000 584.000000 -16.000000) (136.000000 648.000000 -16.000000) (192.000000 648.000000 -16.000000) 
4 16 20 (136.000000 648.000000 -16.000000) (136.000000 744.000000 -16.000000) (192.000000 744.000000 -16.000000) (192.000000 648.000000 -16.000000) 
4 16 18 (136.000000 744.000000 -16.000000) (136.000000 784.000000 -16.000000) (192.000000 784.000000 -16.000000) (192.000000 744.000000 -16.000000) 
4 16 17 (136.000000 784.000000 -16.000000) (136.000000 880.000000 -16.000000) (192.000000 880.000000 -16.000000) (192.000000 784.000000 -16.000000) 
4 17 28 (96.000000 784.000000 -16.000000) (96.000000 880.000000 -16.000000) (96.000000 880.000000 -128.000000) (96.000000 784.000000 -128.000000) 
4 17 22 (136.000000 880.000000 -128.000000) (192.000000 880.000000 -128.000000) (192.000000 784.000000 -128.000000) (136.000000 784.000000 -128.000000) 
4 17 19 (96.000000 784.000000 -16.000000) (96.000000 784.000000 -128.000000) (128.000000 784.000000 -128.000000) (128.000000 784.000000 -16.000000) 
4 17 18 (136.000000 784.000000 -128.000000) (192.000000 784.000000 -128.000000) (192.000000 784.000000 -16.000000) (136.000000 784.000000 -16.000000) 
4 18 22 (136.000000 784.000000 -128.000000) (192.000000 784.000000 -128.000000) (192.000000 744.000000 -128.000000) (136.000000 744.000000 -128.000000) 
4 18 20 (136.000000 744.000000 -128.000000) (192.000000 744.000000 -128.000000) (192.000000 744.000000 -16.000000) (136.000000 744.000000 -16.000000) 
4 19 28 (96.000000 744.000000 -16.000000) (96.000000 784.000000 -16.000000) (96.000000 784.000000 -128.000000) (96.000000 744.000000 -128.000000) 
4 19 20 (96.000000 744.000000 -128.000000) (128.000000 744.000000 -128.000000) (128.000000 744.000000 -16.000000) (96.000000 744.000000 -16.000000) 
4 20 35 (96.000000 648.000000 -16.000000) (96.000000 672.000000 -16.000000) (96.000000 672.000000 -128.000000) (96.000000 648.000000 -128.000000) 
4 20 28 (96.000000 672.000000 -16.000000) (96.000000 744.000000 -16.000000) (96.000000 744.000000 -128.000000) (96.000000 672.000000 -128.000000) 
4 20 21 (136.000000 648.000000 -128.000000) (192.000000 648.000000 -128.000000) (192.000000 648.000000 -16.000000) (136.000000 648.000000 -16.000000) 
4 21 46 (192.000000 584.000000 -128.000000) (192.000000 584.000000 -16.000000) (136.000000 584.000000 -16.000000) (136.000000 584.000000 -128.000000) 
4 21 23 (136.000000 648.000000 -128.000000) (192.000000 648.000000 -128.000000) (192.000000 584.000000 -128.000000) (136.000000 584.000000 -128.000000) 
4 23 50 (136.000000 584.000000 -144.000000) (192.000000 584.000000 -144.000000) (192.000000 584.000000 -128.000000) (136.000000 584.000000 -128.000000) 
4 24 26 (-128.000000 896.000000 0.000000) (96.000000 896.000000 0.000000) (96.000000 888.000000 0.000000) (-128.000000 888.000000 0.000000) 
4 24 25 (96.000000 880.000000 0.000000) (96.000000 880.000000 4.000000) (-128.000000 880.000000 4.000000) (-128.000000 880.000000 0.000000) 
4 25 39 (96.000000 584.000000 0.000000) (96.000000 584.000000 4.000000) (-144.000000 584.000000 4.000000) (-144.000000 584.000000 0.000000) 
4 25 34 (-144.000000 584.000000 0.000000) (-144.000000 672.000000 0.000000) (-136.000000 672.000000 0.000000) (-136.000000 584.000000 0.000000) 
4 25 33 (-144.000000 672.000000 0.000000) (-144.000000 880.000000 0.000000) (-136.000000 880.000000 0.000000) (-136.000000 672.000000 0.000000) 
4 25 37 (-144.000000 880.000000 0.000000) (-144.000000 584.000000 0.000000) (-144.000000 584.000000 4.000000) (-144.000000 880.000000 4.000000) 
4 26 30 (-128.000000 888.000000 -16.000000) (-128.000000 896.000000 -16.000000) (-112.000000 896.000000 -16.000000) (-112.000000 888.000000 -16.000000) 
4 26 29 (-112.000000 896.000000 -16.000000) (-16.000000 896.000000 -16.000000) (-16.000000 888.000000 -16.000000) (-112.000000 888.000000 -16.000000) 
4 26 27 (-16.000000 896.000000 -16.000000) (96.000000 896.000000 -16.000000) (96.000000 888.000000 -16.000000) (-16.000000 888.000000 -16.000000) 
4 27 32 (-16.000000 896.000000 -128.000000) (96.000000 896.000000 -128.000000) (96.000000 888.000000 -128.000000) (-16.000000 888.000000 -128.000000) 
4 27 29 (-16.000000 896.000000 -128.000000) (-16.000000 888.000000 -128.000000) (-16.000000 888.000000 -16.000000) (-16.000000 896.000000 -16.000000) 
4 28 35 (96.000000 672.000000 -128.000000) (96.000000 672.000000 -16.000000) (-16.000000 672.000000 -16.000000) (-16.000000 672.000000 -128.000000) 
4 28 29 (-16.000000 880.000000 -128.000000) (-16.000000 672.000000 -128.000000) (-16.000000 672.000000 -16.000000) (-16.000000 880.000000 -16.000000) 
4 29 35 (-16.000000 672.000000 -16.000000) (-112.000000 672.000000 -16.000000) (-112.000000 672.000000 -128.000000) (-16.000000 672.000000 -128.000000) 
4 29 32 (-112.000000 896.000000 -128.000000) (-16.000000 896.000000 -128.000000) (-16.000000 888.000000 -128.000000) (-112.000000 888.000000 -128.000000) 
4 29 30 (-112.000000 896.000000 -16.000000) (-112.000000 896.000000 -128.000000) (-112.000000 888.000000 -128.000000) (-112.000000 888.000000 -16.000000) 
4 29 31 (-112.000000 880.000000 -128.000000) (-112.000000 672.000000 -128.000000) (-112.000000 672.000000 -16.000000) (-112.000000 880.000000 -16.000000) 
4 30 32 (-128.000000 896.000000 -128.000000) (-112.000000 896.000000 -128.000000) (-112.000000 888.000000 -128.000000) (-128.000000 888.000000 -128.000000) 
4 31 35 (-112.000000 672.000000 -16.000000) (-128.000000 672.000000 -16.000000) (-128.000000 672.000000 -128.000000) (-112.000000 672.000000 -128.000000) 
4 33 36 (-144.000000 672.000000 -144.000000) (-136.000000 672.000000 -144.000000) (-136.000000 672.000000 -128.000000) (-144.000000 672.000000 -128.000000) 
4 33 34 (-136.000000 672.000000 -16.000000) (-136.000000 672.000000 0.000000) (-144.000000 672.000000 0.000000) (-144.000000 672.000000 -16.000000) 
4 33 35 (-136.000000 672.000000 -128.000000) (-136.000000 672.000000 -16.000000) (-144.000000 672.000000 -16.000000) (-144.000000 672.000000 -128.000000) 
4 33 37 (-144.000000 880.000000 -144.000000) (-144.000000 672.000000 -144.000000) (-144.000000 672.000000 0.000000) (-144.000000 880.000000 0.000000) 
4 34 40 (-136.000000 584.000000 0.000000) (-144.000000 584.000000 0.000000) (-144.000000 584.000000 -16.000000) (-136.000000 584.000000 -16.000000) 
4 34 35 (-136.000000 584.000000 -16.000000) (-144.000000 584.000000 -16.000000) (-144.000000 672.000000 -16.000000) (-136.000000 672.000000 -16.000000) 
4 34 37 (-144.000000 584.000000 -16.000000) (-144.000000 584.000000 0.000000) (-144.000000 672.000000 0.000000) (-144.000000 672.000000 -16.000000) 
4 35 52 (-128.000000 584.000000 -16.000000) (-136.000000 584.000000 -16.000000) (-136.000000 584.000000 -128.000000) (-128.000000 584.000000 -128.000000) 
4 35 51 (-0.000000 584.000000 -16.000000) (-128.000000 584.000000 -16.000000) (-128.000000 584.000000 -128.000000) (-0.000000 584.000000 -128.000000) 
4 35 53 (-136.000000 584.000000 -16.000000) (-144.000000 584.000000 -16.000000) (-144.000000 584.000000 -128.000000) (-136.000000 584.000000 -128.000000) 
4 35 46 (96.000000 584.000000 -128.000000) (96.000000 584.000000 -16.000000) (-0.000000 584.000000 -16.000000) (-0.000000 584.000000 -128.000000) 
4 35 36 (-144.000000 584.000000 -128.000000) (-144.000000 672.000000 -128.000000) (-136.000000 672.000000 -128.000000) (-136.000000 584.000000 -128.000000) 
4 35 37 (-144.000000 584.000000 -128.000000) (-144.000000 584.000000 -16.000000) (-144.000000 672.000000 -16.000000) (-144.000000 672.000000 -128.000000) 
4 36 53 (-144.000000 584.000000 -144.000000) (-136.000000 584.000000 -144.000000) (-136.000000 584.000000 -128.000000) (-144.000000 584.000000 -128.000000) 
4 36 37 (-144.000000 672.000000 -144.000000) (-144.000000 584.000000 -144.000000) (-144.000000 584.000000 -128.000000) (-144.000000 672.000000 -128.000000) 
4 37 103 (-256.000000 896.000000 4.000000) (-256.000000 896.000000 -144.000000) (-256.000000 584.000000 -144.000000) (-256.000000 584.000000 4.000000) 
4 37 53 (-256.000000 584.000000 -16.000000) (-256.000000 584.000000 -144.000000) (-144.000000 584.000000 -144.000000) (-144.000000 584.000000 -16.000000) 
4 37 40 (-256.000000 584.000000 0.000000) (-256.000000 584.000000 -16.000000) (-144.000000 584.000000 -16.000000) (-144.000000 584.000000 0.000000) 
4 37 39 (-256.000000 584.000000 4.000000) (-256.000000 584.000000 0.000000) (-144.000000 584.000000 0.000000) (-144.000000 584.000000 4.000000) 
4 38 61 (136.000000 288.000000 -16.000000) (192.000000 288.000000 -16.000000) (192.000000 288.000000 128.000000) (136.000000 288.000000 128.000000) 
4 38 47 (192.000000 488.000000 -16.000000) (192.000000 288.000000 -16.000000) (136.000000 288.000000 -16.000000) (136.000000 488.000000 -16.000000) 
4 38 46 (136.000000 584.000000 -16.000000) (192.000000 584.000000 -16.000000) (192.000000 488.000000 -16.000000) (136.000000 488.000000 -16.000000) 
4 38 43 (136.000000 288.000000 0.000000) (136.000000 288.000000 96.000000) (136.000000 296.000000 96.000000) (136.000000 296.000000 0.000000) 
4 38 42 (136.000000 312.000000 96.000000) (136.000000 400.000000 96.000000) (136.000000 400.000000 0.000000) (136.000000 312.000000 0.000000) 
4 38 41 (136.000000 416.000000 96.000000) (136.000000 520.000000 96.000000) (136.000000 520.000000 0.000000) (136.000000 416.000000 0.000000) 
4 38 39 (136.000000 552.000000 128.000000) (136.000000 584.000000 128.000000) (136.000000 584.000000 0.000000) (136.000000 552.000000 0.000000) 
4 39 103 (-256.000000 560.000000 128.000000) (-256.000000 584.000000 128.000000) (-256.000000 584.000000 0.000000) (-256.000000 560.000000 0.000000) 
4 39 40 (-256.000000 552.000000 0.000000) (-256.000000 584.000000 0.000000) (-136.000000 584.000000 0.000000) (-136.000000 552.000000 0.000000) 
4 40 103 (-256.000000 584.000000 0.000000) (-256.000000 584.000000 -16.000000) (-256.000000 560.000000 -16.000000) (-256.000000 560.000000 0.000000) 
4 40 53 (-256.000000 584.000000 -16.000000) (-136.000000 584.000000 -16.000000) (-136.000000 552.000000 -16.000000) (-256.000000 552.000000 -16.000000) 
4 41 44 (128.000000 520.000000 0.000000) (128.000000 416.000000 0.000000) (128.000000 416.000000 96.000000) (128.000000 520.000000 96.000000) 
4 42 44 (128.000000 400.000000 0.000000) (128.000000 312.000000 0.000000) (128.000000 312.000000 96.000000) (128.000000 400.000000 96.000000) 
4 43 62 (136.000000 288.000000 0.000000) (136.000000 288.000000 96.000000) (128.000000 288.000000 96.000000) (128.000000 288.000000 0.000000) 
4 43 44 (128.000000 296.000000 0.000000) (128.000000 288.000000 0.000000) (128.000000 288.000000 96.000000) (128.000000 296.000000 96.000000) 
4 44 70 (128.000000 288.000000 0.000000) (128.000000 288.000000 112.000000) (64.000000 288.000000 112.000000) (64.000000 288.000000 0.000000) 
4 44 45 (64.000000 544.000000 112.000000) (64.000000 544.000000 0.000000) (64.000000 288.000000 0.000000) (64.000000 288.000000 112.000000) 
4 45 86 (-32.000000 288.000000 -16.000000) (64.000000 288.000000 -16.000000) (64.000000 288.000000 0.000000) (-32.000000 288.000000 0.000000) 
4 45 73 (-256.000000 288.000000 112.000000) (-256.000000 288.000000 0.000000) (-152.000000 288.000000 0.000000) (-152.000000 288.000000 112.000000) 
4 45 72 (-152.000000 288.000000 0.000000) (40.000000 288.000000 0.000000) (40.000000 288.000000 112.000000) (-152.000000 288.000000 112.000000) 
4 45 70 (40.000000 288.000000 0.000000) (64.000000 288.000000 0.000000) (64.000000 288.000000 112.000000) (40.000000 288.000000 112.000000) 
4 45 56 (-0.000000 288.000000 -16.000000) (-128.000000 288.000000 -16.000000) (-128.000000 448.000000 -16.000000) (0.000000 448.000000 -16.000000) 
4 45 55 (-128.000000 448.000000 -16.000000) (-128.000000 544.000000 -16.000000) (-0.000000 544.000000 -16.000000) (0.000000 448.000000 -16.000000) 
4 45 57 (-128.000000 288.000000 -16.000000) (-256.000000 288.000000 -16.000000) (-256.000000 544.000000 -16.000000) (-128.000000 544.000000 -16.000000) 
4 45 49 (64.000000 288.000000 -16.000000) (-0.000000 288.000000 -16.000000) (0.000000 488.000000 -16.000000) (64.000000 488.000000 -16.000000) 
4 45 46 (0.000000 488.000000 -16.000000) (-0.000000 544.000000 -16.000000) (64.000000 544.000000 -16.000000) (64.000000 488.000000 -16.000000) 
4 46 55 (0.000000 488.000000 -16.000000) (0.000000 544.000000 -16.000000) (0.000000 544.000000 -128.000000) (0.000000 488.000000 -128.000000) 
4 46 51 (0.000000 560.000000 -16.000000) (0.000000 584.000000 -16.000000) (0.000000 584.000000 -128.000000) (0.000000 560.000000 -128.000000) 
4 46 50 (136.000000 584.000000 -128.000000) (192.000000 584.000000 -128.000000) (192.000000 488.000000 -128.000000) (136.000000 488.000000 -128.000000) 
4 46 47 (136.000000 488.000000 -128.000000) (192.000000 488.000000 -128.000000) (192.000000 488.000000 -16.000000) (136.000000 488.000000 -16.000000) 
4 46 49 (0.000000 488.000000 -16.000000) (0.000000 488.000000 -128.000000) (128.000000 488.000000 -128.000000) (128.000000 488.000000 -16.000000) 
4 47 61 (192.000000 288.000000 -128.000000) (192.000000 288.000000 -16.000000) (136.000000 288.000000 -16.000000) (136.000000 288.000000 -128.000000) 
4 47 50 (192.000000 488.000000 -128.000000) (192.000000 288.000000 -128.000000) (136.000000 288.000000 -128.000000) (136.000000 488.000000 -128.000000) 
4 47 48 (136.000000 400.000000 -128.000000) (136.000000 288.000000 -128.000000) (136.000000 288.000000 -16.000000) (136.000000 400.000000 -16.000000) 
4 48 63 (136.000000 288.000000 -16.000000) (128.000000 288.000000 -16.000000) (128.000000 288.000000 -128.000000) (136.000000 288.000000 -128.000000) 
4 48 49 (128.000000 400.000000 -128.000000) (128.000000 288.000000 -128.000000) (128.000000 288.000000 -16.000000) (128.000000 400.000000 -16.000000) 
4 49 87 (128.000000 288.000000 -16.000000) (-0.000000 288.000000 -16.000000) (0.000000 288.000000 -128.000000) (128.000000 288.000000 -128.000000) 
4 49 56 (0.000000 288.000000 -128.000000) (0.000000 288.000000 -16.000000) (0.000000 448.000000 -16.000000) (0.000000 448.000000 -128.000000) 
4 49 55 (0.000000 448.000000 -16.000000) (0.000000 488.000000 -16.000000) (0.000000 488.000000 -128.000000) (0.000000 448.000000 -128.000000) 
4 50 61 (136.000000 288.000000 -144.000000) (192.000000 288.000000 -144.000000) (192.000000 288.000000 -128.000000) (136.000000 288.000000 -128.000000) 
4 51 52 (-128.000000 584.000000 -16.000000) (-128.000000 584.000000 -128.000000) (-128.000000 576.000000 -128.000000) (-128.000000 576.000000 -16.000000) 
4 52 53 (-136.000000 576.000000 -16.000000) (-136.000000 584.000000 -16.000000) (-136.000000 584.000000 -128.000000) (-136.000000 576.000000 -128.000000) 
4 53 103 (-256.000000 560.000000 -16.000000) (-256.000000 584.000000 -16.000000) (-256.000000 584.000000 -144.000000) (-256.000000 560.000000 -144.000000) 
4 54 55 (-128.000000 544.000000 -144.000000) (-0.000000 544.000000 -144.000000) (0.000000 544.000000 -128.000000) (-128.000000 544.000000 -128.000000) 
4 54 57 (-136.000000 544.000000 -128.000000) (-136.000000 544.000000 -144.000000) (-128.000000 544.000000 -144.000000) (-128.000000 544.000000 -128.000000) 
4 55 56 (0.000000 448.000000 -128.000000) (-0.000000 448.000000 -16.000000) (-128.000000 448.000000 -16.000000) (-128.000000 448.000000 -128.000000) 
4 55 57 (-128.000000 544.000000 -16.000000) (-128.000000 544.000000 -144.000000) (-128.000000 448.000000 -144.000000) (-128.000000 448.000000 -16.000000) 
4 56 87 (0.000000 288.000000 -128.000000) (-0.000000 288.000000 -16.000000) (-128.000000 288.000000 -16.000000) (-128.000000 288.000000 -128.000000) 
4 56 57 (-128.000000 288.000000 -128.000000) (-128.000000 288.000000 -16.000000) (-128.000000 448.000000 -16.000000) (-128.000000 448.000000 -128.000000) 
4 57 89 (-256.000000 288.000000 -16.000000) (-256.000000 288.000000 -128.000000) (-160.000000 288.000000 -128.000000) (-160.000000 288.000000 -16.000000) 
4 57 87 (-160.000000 288.000000 -128.000000) (-128.000000 288.000000 -128.000000) (-128.000000 288.000000 -16.000000) (-160.000000 288.000000 -16.000000) 
4 58 129 (-256.000000 288.000000 -256.000000) (-256.000000 288.000000 -160.000000) (-256.000000 896.000000 -160.000000) (-256.000000 896.000000 -256.000000) 
4 58 95 (-256.000000 288.000000 -160.000000) (-256.000000 288.000000 -256.000000) (640.000000 288.000000 -256.000000) (640.000000 288.000000 -160.000000) 
4 59 132 (-256.000000 -640.000000 384.000000) (-256.000000 -640.000000 400.000000) (-256.000000 128.000000 400.000000) (-256.000000 128.000000 384.000000) 
4 59 101 (-256.000000 128.000000 400.000000) (-256.000000 288.000000 400.000000) (-256.000000 288.000000 384.000000) (-256.000000 128.000000 384.000000) 
4 60 133 (-256.000000 -640.000000 128.000000) (-256.000000 -640.000000 384.000000) (-256.000000 128.000000 384.000000) (-256.000000 128.000000 128.000000) 
4 60 102 (-256.000000 128.000000 384.000000) (-256.000000 288.000000 384.000000) (-256.000000 288.000000 128.000000) (-256.000000 128.000000 128.000000) 
4 60 69 (-256.000000 -640.000000 128.000000) (-256.000000 -136.000000 128.000000) (128.000000 -136.000000 128.000000) (128.000000 -640.000000 128.000000) 
4 60 66 (640.000000 -128.000000 128.000000) (640.000000 -144.000000 128.000000) (144.000000 -144.000000 128.000000) (144.000000 -128.000000 128.000000) 
4 60 68 (640.000000 -144.000000 128.000000) (640.000000 -640.000000 128.000000) (128.000000 -640.000000 128.000000) (128.000000 -144.000000 128.000000) 
4 60 61 (136.000000 288.000000 128.000000) (640.000000 288.000000 128.000000) (640.000000 -128.000000 128.000000) (136.000000 -128.000000 128.000000) 
4 61 66 (640.000000 -128.000000 -144.000000) (640.000000 -128.000000 128.000000) (144.000000 -128.000000 128.000000) (144.000000 -128.000000 -144.000000) 
4 61 65 (136.000000 152.000000 -128.000000) (136.000000 136.000000 -128.000000) (136.000000 136.000000 -16.000000) (136.000000 152.000000 -16.000000) 
4 61 64 (136.000000 248.000000 -128.000000) (136.000000 160.000000 -128.000000) (136.000000 160.000000 0.000000) (136.000000 248.000000 0.000000) 
4 61 63 (136.000000 288.000000 -16.000000) (136.000000 288.000000 -128.000000) (136.000000 256.000000 -128.000000) (136.000000 256.000000 -16.000000) 
4 61 62 (136.000000 288.000000 96.000000) (136.000000 288.000000 0.000000) (136.000000 152.000000 0.000000) (136.000000 152.000000 96.000000) 
4 62 70 (128.000000 288.000000 96.000000) (128.000000 288.000000 0.000000) (128.000000 152.000000 0.000000) (128.000000 152.000000 96.000000) 
4 62 64 (128.000000 160.000000 0.000000) (128.000000 248.000000 0.000000) (136.000000 248.000000 0.000000) (136.000000 160.000000 0.000000) 
4 63 87 (128.000000 288.000000 -16.000000) (128.000000 288.000000 -128.000000) (128.000000 256.000000 -128.000000) (128.000000 256.000000 -16.000000) 
4 64 87 (128.000000 248.000000 -128.000000) (128.000000 160.000000 -128.000000) (128.000000 160.000000 -16.000000) (128.000000 248.000000 -16.000000) 
4 64 86 (128.000000 160.000000 -16.000000) (128.000000 160.000000 0.000000) (128.000000 248.000000 0.000000) (128.000000 248.000000 -16.000000) 
4 65 87 (128.000000 152.000000 -128.000000) (128.000000 136.000000 -128.000000) (128.000000 136.000000 -16.000000) (128.000000 152.000000 -16.000000) 
4 66 67 (144.000000 -128.000000 -144.000000) (640.000000 -128.000000 -144.000000) (640.000000 -144.000000 -144.000000) (144.000000 -144.000000 -144.000000) 
4 66 68 (144.000000 -144.000000 -144.000000) (640.000000 -144.000000 -144.000000) (640.000000 -144.000000 128.000000) (144.000000 -144.000000 128.000000) 
4 67 95 (128.000000 -144.000000 -160.000000) (128.000000 -128.000000 -160.000000) (640.000000 -128.000000 -160.000000) (640.000000 -144.000000 -160.000000) 
4 67 93 (128.000000 -136.000000 -160.000000) (128.000000 -144.000000 -160.000000) (128.000000 -144.000000 -144.000000) (128.000000 -136.000000 -144.000000) 
4 67 92 (128.000000 -128.000000 -160.000000) (128.000000 -136.000000 -160.000000) (128.000000 -136.000000 -144.000000) (128.000000 -128.000000 -144.000000) 
4 67 68 (128.000000 -144.000000 -144.000000) (128.000000 -144.000000 -160.000000) (640.000000 -144.000000 -160.000000) (640.000000 -144.000000 -144.000000) 
4 68 95 (640.000000 -640.000000 -160.000000) (128.000000 -640.000000 -160.000000) (128.000000 -144.000000 -160.000000) (640.000000 -144.000000 -160.000000) 
4 68 93 (128.000000 -144.000000 -160.000000) (128.000000 -640.000000 -160.000000) (128.000000 -640.000000 0.000000) (128.000000 -144.000000 0.000000) 
4 68 83 (128.000000 -640.000000 0.000000) (128.000000 -640.000000 112.000000) (128.000000 -144.000000 112.000000) (128.000000 -144.000000 0.000000) 
4 68 69 (128.000000 -640.000000 112.000000) (128.000000 -640.000000 128.000000) (128.000000 -144.000000 128.000000) (128.000000 -144.000000 112.000000) 
4 69 143 (-256.000000 -640.000000 112.000000) (-256.000000 -640.000000 128.000000) (-256.000000 -144.000000 128.000000) (-256.000000 -144.000000 112.000000) 
4 69 85 (-160.000000 -640.000000 112.000000) (-256.000000 -640.000000 112.000000) (-256.000000 -136.000000 112.000000) (-160.000000 -136.000000 112.000000) 
4 69 83 (128.000000 -640.000000 112.000000) (-160.000000 -640.000000 112.000000) (-160.000000 -136.000000 112.000000) (128.000000 -136.000000 112.000000) 
4 70 86 (40.000000 288.000000 0.000000) (128.000000 288.000000 0.000000) (128.000000 136.000000 0.000000) (40.000000 136.000000 0.000000) 
4 70 72 (40.000000 288.000000 0.000000) (40.000000 136.000000 0.000000) (40.000000 136.000000 112.000000) (40.000000 288.000000 112.000000) 
4 71 76 (40.000000 104.000000 0.000000) (128.000000 104.000000 0.000000) (128.000000 104.000000 112.000000) (40.000000 104.000000 112.000000) 
4 71 72 (40.000000 128.000000 0.000000) (40.000000 104.000000 0.000000) (40.000000 104.000000 112.000000) (40.000000 128.000000 112.000000) 
4 72 86 (-32.000000 288.000000 0.000000) (40.000000 288.000000 0.000000) (40.000000 128.000000 0.000000) (-32.000000 128.000000 0.000000) 
4 72 76 (-152.000000 104.000000 0.000000) (40.000000 104.000000 0.000000) (40.000000 104.000000 112.000000) (-152.000000 104.000000 112.000000) 
4 72 74 (-152.000000 128.000000 0.000000) (-152.000000 104.000000 0.000000) (-152.000000 104.000000 112.000000) (-152.000000 128.000000 112.000000) 
4 72 73 (-152.000000 288.000000 112.000000) (-152.000000 288.000000 0.000000) (-152.000000 136.000000 0.000000) (-152.000000 136.000000 112.000000) 
4 73 107 (-256.000000 192.000000 112.000000) (-256.000000 288.000000 112.000000) (-256.000000 288.000000 0.000000) (-256.000000 192.000000 0.000000) 
4 74 76 (-160.000000 104.000000 0.000000) (-152.000000 104.000000 0.000000) (-152.000000 104.000000 112.000000) (-160.000000 104.000000 112.000000) 
4 75 135 (-256.000000 104.000000 112.000000) (-256.000000 128.000000 112.000000) (-256.000000 128.000000 0.000000) (-256.000000 104.000000 0.000000) 
4 75 77 (-256.000000 104.000000 112.000000) (-256.000000 104.000000 96.000000) (-168.000000 104.000000 96.000000) (-168.000000 104.000000 112.000000) 
4 75 78 (-256.000000 104.000000 96.000000) (-256.000000 104.000000 0.000000) (-168.000000 104.000000 0.000000) (-168.000000 104.000000 96.000000) 
4 76 81 (-144.000000 -16.000000 0.000000) (16.000000 -16.000000 0.000000) (16.000000 -16.000000 24.000000) (-144.000000 -16.000000 24.000000) 
4 76 80 (16.000000 -16.000000 24.000000) (16.000000 -16.000000 112.000000) (-144.000000 -16.000000 112.000000) (-144.000000 -16.000000 24.000000) 
4 76 79 (32.000000 -16.000000 0.000000) (128.000000 -16.000000 0.000000) (128.000000 -16.000000 112.000000) (32.000000 -16.000000 112.000000) 
4 76 78 (-160.000000 104.000000 96.000000) (-160.000000 104.000000 0.000000) (-160.000000 -16.000000 0.000000) (-160.000000 -16.000000 96.000000) 
4 77 135 (-256.000000 -16.000000 112.000000) (-256.000000 104.000000 112.000000) (-256.000000 104.000000 96.000000) (-256.000000 -16.000000 96.000000) 
4 77 84 (-168.000000 -16.000000 112.000000) (-256.000000 -16.000000 112.000000) (-256.000000 -16.000000 96.000000) (-168.000000 -16.000000 96.000000) 
4 77 78 (-168.000000 -16.000000 96.000000) (-256.000000 -16.000000 96.000000) (-256.000000 104.000000 96.000000) (-168.000000 104.000000 96.000000) 
4 78 135 (-256.000000 104.000000 96.000000) (-256.000000 104.000000 0.000000) (-256.000000 -16.000000 0.000000) (-256.000000 -16.000000 96.000000) 
4 78 84 (-256.000000 -16.000000 0.000000) (-168.000000 -16.000000 0.000000) (-168.000000 -16.000000 96.000000) (-256.000000 -16.000000 96.000000) 
4 79 82 (32.000000 -32.000000 0.000000) (128.000000 -32.000000 0.000000) (128.000000 -32.000000 112.000000) (32.000000 -32.000000 112.000000) 
4 80 82 (16.000000 -32.000000 24.000000) (16.000000 -32.000000 112.000000) (-144.000000 -32.000000 112.000000) (-144.000000 -32.000000 24.000000) 
4 80 81 (-144.000000 -24.000000 24.000000) (-144.000000 -16.000000 24.000000) (16.000000 -16.000000 24.000000) (16.000000 -24.000000 24.000000) 
4 82 90 (32.000000 -128.000000 0.000000) (-160.000000 -128.000000 0.000000) (-160.000000 -32.000000 0.000000) (32.000000 -32.000000 0.000000) 
4 83 93 (128.000000 -136.000000 0.000000) (128.000000 -640.000000 0.000000) (-128.000000 -640.000000 0.000000) (-128.000000 -136.000000 0.000000) 
4 83 85 (-160.000000 -136.000000 0.000000) (-160.000000 -640.000000 0.000000) (-160.000000 -640.000000 112.000000) (-160.000000 -136.000000 112.000000) 
4 84 135 (-256.000000 -64.000000 112.000000) (-256.000000 -16.000000 112.000000) (-256.000000 -16.000000 0.000000) (-256.000000 -64.000000 0.000000) 
4 84 85 (-256.000000 -128.000000 0.000000) (-168.000000 -128.000000 0.000000) (-168.000000 -128.000000 112.000000) (-256.000000 -128.000000 112.000000) 
4 85 143 (-256.000000 -640.000000 0.000000) (-256.000000 -640.000000 112.000000) (-256.000000 -144.000000 112.000000) (-256.000000 -144.000000 0.000000) 
4 86 87 (-32.000000 288.000000 -16.000000) (128.000000 288.000000 -16.000000) (128.000000 136.000000 -16.000000) (-32.000000 136.000000 -16.000000) 
4 87 89 (-160.000000 288.000000 -16.000000) (-160.000000 288.000000 -128.000000) (-160.000000 136.000000 -128.000000) (-160.000000 136.000000 -16.000000) 
4 88 91 (-160.000000 -32.000000 -128.000000) (128.000000 -32.000000 -128.000000) (128.000000 -32.000000 -16.000000) (-160.000000 -32.000000 -16.000000) 
4 88 89 (-160.000000 128.000000 -16.000000) (-160.000000 128.000000 -128.000000) (-160.000000 -32.000000 -128.000000) (-160.000000 -32.000000 -16.000000) 
4 89 150 (-256.000000 24.000000 -128.000000) (-256.000000 -32.000000 -128.000000) (-256.000000 -32.000000 -32.000000) (-256.000000 24.000000 -32.000000) 
4 89 147 (-256.000000 128.000000 -128.000000) (-256.000000 40.000000 -128.000000) (-256.000000 40.000000 -32.000000) (-256.000000 128.000000 -32.000000) 
4 89 91 (-256.000000 -32.000000 -16.000000) (-256.000000 -32.000000 -128.000000) (-160.000000 -32.000000 -128.000000) (-160.000000 -32.000000 -16.000000) 
4 90 91 (32.000000 -128.000000 -16.000000) (-160.000000 -128.000000 -16.000000) (-160.000000 -32.000000 -16.000000) (32.000000 -32.000000 -16.000000) 
4 91 150 (-256.000000 -32.000000 -32.000000) (-256.000000 -32.000000 -128.000000) (-256.000000 -64.000000 -128.000000) (-256.000000 -64.000000 -32.000000) 
4 92 169 (-256.000000 -128.000000 -160.000000) (-256.000000 -136.000000 -160.000000) (-256.000000 -136.000000 -144.000000) (-256.000000 -128.000000 -144.000000) 
4 92 95 (-256.000000 -136.000000 -160.000000) (-256.000000 -128.000000 -160.000000) (128.000000 -128.000000 -160.000000) (128.000000 -136.000000 -160.000000) 
4 92 94 (-256.000000 -136.000000 -144.000000) (-256.000000 -136.000000 -160.000000) (-128.000000 -136.000000 -160.000000) (-128.000000 -136.000000 -144.000000) 
4 92 93 (-128.000000 -136.000000 -160.000000) (128.000000 -136.000000 -160.000000) (128.000000 -136.000000 -144.000000) (-128.000000 -136.000000 -144.000000) 
4 93 95 (128.000000 -640.000000 -160.000000) (-128.000000 -640.000000 -160.000000) (-128.000000 -136.000000 -160.000000) (128.000000 -136.000000 -160.000000) 
4 93 94 (-128.000000 -136.000000 -16.000000) (-128.000000 -136.000000 -160.000000) (-128.000000 -640.000000 -160.000000) (-128.000000 -640.000000 -16.000000) 
4 94 169 (-256.000000 -640.000000 -160.000000) (-256.000000 -640.000000 -144.000000) (-256.000000 -136.000000 -144.000000) (-256.000000 -136.000000 -160.000000) 
4 94 167 (-256.000000 -640.000000 -144.000000) (-256.000000 -640.000000 -136.000000) (-256.000000 -144.000000 -136.000000) (-256.000000 -144.000000 -144.000000) 
4 94 163 (-256.000000 -640.000000 -136.000000) (-256.000000 -640.000000 -128.000000) (-256.000000 -144.000000 -128.000000) (-256.000000 -144.000000 -136.000000) 
4 94 160 (-256.000000 -640.000000 -128.000000) (-256.000000 -640.000000 -16.000000) (-256.000000 -280.000000 -16.000000) (-256.000000 -280.000000 -128.000000) 
4 94 95 (-128.000000 -640.000000 -160.000000) (-256.000000 -640.000000 -160.000000) (-256.000000 -136.000000 -160.000000) (-128.000000 -136.000000 -160.000000) 
4 95 170 (-256.000000 -640.000000 -256.000000) (-256.000000 -640.000000 -160.000000) (-256.000000 128.000000 -160.000000) (-256.000000 128.000000 -256.000000) 
4 95 129 (-256.000000 128.000000 -160.000000) (-256.000000 288.000000 -160.000000) (-256.000000 288.000000 -256.000000) (-256.000000 128.000000 -256.000000) 
4 96 187 (-256.000000 -656.000000 -256.000000) (-256.000000 -656.000000 384.000000) (-256.000000 -640.000000 384.000000) (-256.000000 -640.000000 -256.000000) 
4 98 101 (-256.000000 896.000000 384.000000) (-256.000000 896.000000 400.000000) (-1664.000000 896.000000 400.000000) (-1664.000000 896.000000 384.000000) 
4 99 129 (-256.000000 896.000000 -256.000000) (-256.000000 896.000000 -160.000000) (-640.000000 896.000000 -160.000000) (-640.000000 896.000000 -256.000000) 
4 99 127 (-576.000000 896.000000 128.000000) (-640.000000 896.000000 128.000000) (-640.000000 896.000000 -144.000000) (-576.000000 896.000000 -144.000000) 
4 99 103 (-256.000000 896.000000 -144.000000) (-256.000000 896.000000 128.000000) (-576.000000 896.000000 128.000000) (-576.000000 896.000000 -144.000000) 
4 99 130 (-640.000000 896.000000 128.000000) (-1664.000000 896.000000 128.000000) (-1664.000000 896.000000 -256.000000) (-640.000000 896.000000 -256.000000) 
4 99 102 (-256.000000 896.000000 128.000000) (-256.000000 896.000000 384.000000) (-1664.000000 896.000000 384.000000) (-1664.000000 896.000000 128.000000) 
4 100 131 (-1664.000000 896.000000 -256.000000) (-1664.000000 896.000000 384.000000) (-1680.000000 896.000000 384.000000) (-1680.000000 896.000000 -256.000000) 
4 101 132 (-256.000000 128.000000 384.000000) (-256.000000 128.000000 400.000000) (-1664.000000 128.000000 400.000000) (-1664.000000 128.000000 384.000000) 
4 102 171 (-576.000000 128.000000 384.000000) (-1664.000000 128.000000 384.000000) (-1664.000000 128.000000 128.000000) (-576.000000 128.000000 128.000000) 
4 102 133 (-256.000000 128.000000 128.000000) (-256.000000 128.000000 384.000000) (-576.000000 128.000000 384.000000) (-576.000000 128.000000 128.000000) 
4 102 128 (-592.000000 128.000000 128.000000) (-640.000000 128.000000 128.000000) (-640.000000 144.000000 128.000000) (-592.000000 144.000000 128.000000) 
4 102 127 (-640.000000 896.000000 128.000000) (-576.000000 896.000000 128.000000) (-576.000000 144.000000 128.000000) (-640.000000 144.000000 128.000000) 
4 102 117 (-576.000000 136.000000 128.000000) (-576.000000 144.000000 128.000000) (-272.000000 144.000000 128.000000) (-272.000000 136.000000 128.000000) 
4 102 111 (-432.000000 144.000000 128.000000) (-448.000000 144.000000 128.000000) (-448.000000 320.000000 128.000000) (-432.000000 320.000000 128.000000) 
4 102 110 (-448.000000 336.000000 128.000000) (-448.000000 544.000000 128.000000) (-432.000000 544.000000 128.000000) (-432.000000 336.000000 128.000000) 
4 102 105 (-264.000000 144.000000 128.000000) (-432.000000 144.000000 128.000000) (-432.000000 544.000000 128.000000) (-264.000000 544.000000 128.000000) 
4 102 112 (-448.000000 144.000000 128.000000) (-576.000000 144.000000 128.000000) (-576.000000 544.000000 128.000000) (-448.000000 544.000000 128.000000) 
4 102 104 (-272.000000 544.000000 128.000000) (-576.000000 544.000000 128.000000) (-576.000000 560.000000 128.000000) (-272.000000 560.000000 128.000000) 
4 102 103 (-576.000000 896.000000 128.000000) (-256.000000 896.000000 128.000000) (-256.000000 560.000000 128.000000) (-576.000000 560.000000 128.000000) 
4 102 130 (-1664.000000 896.000000 128.000000) (-640.000000 896.000000 128.000000) (-640.000000 128.000000 128.000000) (-1664.000000 128.000000 128.000000) 
4 103 127 (-576.000000 896.000000 128.000000) (-576.000000 896.000000 -144.000000) (-576.000000 560.000000 -144.000000) (-576.000000 560.000000 128.000000) 
4 103 104 (-576.000000 560.000000 128.000000) (-576.000000 560.000000 -144.000000) (-272.000000 560.000000 -144.000000) (-272.000000 560.000000 128.000000) 
4 104 127 (-576.000000 560.000000 -144.000000) (-576.000000 544.000000 -144.000000) (-576.000000 544.000000 128.000000) (-576.000000 560.000000 128.000000) 
4 104 114 (-576.000000 544.000000 -144.000000) (-432.000000 544.000000 -144.000000) (-432.000000 544.000000 -16.000000) (-576.000000 544.000000 -16.000000) 
4 104 113 (-432.000000 544.000000 -144.000000) (-272.000000 544.000000 -144.000000) (-272.000000 544.000000 -16.000000) (-432.000000 544.000000 -16.000000) 
4 104 110 (-432.000000 544.000000 128.000000) (-448.000000 544.000000 128.000000) (-448.000000 544.000000 -16.000000) (-432.000000 544.000000 -16.000000) 
4 104 109 (-272.000000 544.000000 -16.000000) (-272.000000 544.000000 0.000000) (-432.000000 544.000000 0.000000) (-432.000000 544.000000 -16.000000) 
4 104 106 (-272.000000 544.000000 0.000000) (-272.000000 544.000000 112.000000) (-432.000000 544.000000 112.000000) (-432.000000 544.000000 0.000000) 
4 104 105 (-272.000000 544.000000 112.000000) (-272.000000 544.000000 128.000000) (-432.000000 544.000000 128.000000) (-432.000000 544.000000 112.000000) 
4 104 112 (-448.000000 544.000000 128.000000) (-576.000000 544.000000 128.000000) (-576.000000 544.000000 -16.000000) (-448.000000 544.000000 -16.000000) 
4 105 117 (-272.000000 144.000000 128.000000) (-432.000000 144.000000 128.000000) (-432.000000 144.000000 112.000000) (-272.000000 144.000000 112.000000) 
4 105 111 (-432.000000 144.000000 112.000000) (-432.000000 144.000000 128.000000) (-432.000000 320.000000 128.000000) (-432.000000 320.000000 112.000000) 
4 105 110 (-432.000000 336.000000 128.000000) (-432.000000 544.000000 128.000000) (-432.000000 544.000000 112.000000) (-432.000000 336.000000 112.000000) 
4 105 108 (-432.000000 144.000000 112.000000) (-432.000000 192.000000 112.000000) (-264.000000 192.000000 112.000000) (-264.000000 144.000000 112.000000) 
4 105 106 (-432.000000 288.000000 112.000000) (-432.000000 544.000000 112.000000) (-264.000000 544.000000 112.000000) (-264.000000 288.000000 112.000000) 
4 105 107 (-432.000000 192.000000 112.000000) (-432.000000 288.000000 112.000000) (-264.000000 288.000000 112.000000) (-264.000000 192.000000 112.000000) 
4 106 111 (-432.000000 288.000000 112.000000) (-432.000000 320.000000 112.000000) (-432.000000 320.000000 0.000000) (-432.000000 288.000000 0.000000) 
4 106 110 (-432.000000 336.000000 112.000000) (-432.000000 544.000000 112.000000) (-432.000000 544.000000 0.000000) (-432.000000 336.000000 0.000000) 
4 106 109 (-432.000000 320.000000 0.000000) (-432.000000 544.000000 0.000000) (-264.000000 544.000000 0.000000) (-264.000000 320.000000 0.000000) 
4 106 107 (-432.000000 288.000000 112.000000) (-432.000000 288.000000 0.000000) (-264.000000 288.000000 0.000000) (-264.000000 288.000000 112.000000) 
4 107 111 (-432.000000 192.000000 112.000000) (-432.000000 288.000000 112.000000) (-432.000000 288.000000 0.000000) (-432.000000 192.000000 0.000000) 
4 107 108 (-432.000000 192.000000 0.000000) (-264.000000 192.000000 0.000000) (-264.000000 192.000000 112.000000) (-432.000000 192.000000 112.000000) 
4 108 119 (-336.000000 144.000000 112.000000) (-432.000000 144.000000 112.000000) (-432.000000 144.000000 0.000000) (-336.000000 144.000000 0.000000) 
4 108 118 (-272.000000 144.000000 112.000000) (-336.000000 144.000000 112.000000) (-336.000000 144.000000 0.000000) (-272.000000 144.000000 0.000000) 
4 108 111 (-432.000000 144.000000 0.000000) (-432.000000 144.000000 112.000000) (-432.000000 192.000000 112.000000) (-432.000000 192.000000 0.000000) 
4 109 113 (-432.000000 544.000000 -16.000000) (-264.000000 544.000000 -16.000000) (-264.000000 320.000000 -16.000000) (-432.000000 320.000000 -16.000000) 
4 109 110 (-432.000000 544.000000 -16.000000) (-432.000000 336.000000 -16.000000) (-432.000000 336.000000 0.000000) (-432.000000 544.000000 0.000000) 
4 110 114 (-448.000000 544.000000 -16.000000) (-432.000000 544.000000 -16.000000) (-432.000000 336.000000 -16.000000) (-448.000000 336.000000 -16.000000) 
4 110 112 (-448.000000 544.000000 128.000000) (-448.000000 544.000000 -16.000000) (-448.000000 336.000000 -16.000000) (-448.000000 336.000000 128.000000) 
4 111 120 (-432.000000 144.000000 0.000000) (-432.000000 144.000000 112.000000) (-448.000000 144.000000 112.000000) (-448.000000 144.000000 0.000000) 
4 111 117 (-432.000000 144.000000 112.000000) (-432.000000 144.000000 128.000000) (-448.000000 144.000000 128.000000) (-448.000000 144.000000 112.000000) 
4 111 112 (-448.000000 144.000000 0.000000) (-448.000000 144.000000 128.000000) (-448.000000 320.000000 128.000000) (-448.000000 320.000000 0.000000) 
4 112 127 (-576.000000 144.000000 -16.000000) (-576.000000 144.000000 128.000000) (-576.000000 544.000000 128.000000) (-576.000000 544.000000 -16.000000) 
4 112 122 (-576.000000 144.000000 0.000000) (-576.000000 144.000000 -16.000000) (-448.000000 144.000000 -16.000000) (-448.000000 144.000000 0.000000) 
4 112 120 (-512.000000 144.000000 0.000000) (-448.000000 144.000000 0.000000) (-448.000000 144.000000 112.000000) (-512.000000 144.000000 112.000000) 
4 112 121 (-576.000000 144.000000 112.000000) (-576.000000 144.000000 0.000000) (-512.000000 144.000000 0.000000) (-512.000000 144.000000 112.000000) 
4 112 117 (-576.000000 144.000000 128.000000) (-576.000000 144.000000 112.000000) (-448.000000 144.000000 112.000000) (-448.000000 144.000000 128.000000) 
4 112 115 (-576.000000 320.000000 -16.000000) (-576.000000 336.000000 -16.000000) (-448.000000 336.000000 -16.000000) (-448.000000 320.000000 -16.000000) 
4 112 116 (-576.000000 144.000000 -16.000000) (-576.000000 320.000000 -16.000000) (-448.000000 320.000000 -16.000000) (-448.000000 144.000000 -16.000000) 
4 112 114 (-576.000000 336.000000 -16.000000) (-576.000000 544.000000 -16.000000) (-448.000000 544.000000 -16.000000) (-448.000000 336.000000 -16.000000) 
4 113 126 (-432.000000 144.000000 -144.000000) (-272.000000 144.000000 -144.000000) (-272.000000 144.000000 -128.000000) (-432.000000 144.000000 -128.000000) 
4 113 124 (-336.000000 144.000000 -16.000000) (-432.000000 144.000000 -16.000000) (-432.000000 144.000000 -128.000000) (-336.000000 144.000000 -128.000000) 
4 113 123 (-272.000000 144.000000 -128.000000) (-272.000000 144.000000 -16.000000) (-336.000000 144.000000 -16.000000) (-336.000000 144.000000 -128.000000) 
4 113 116 (-432.000000 320.000000 -144.000000) (-432.000000 144.000000 -144.000000) (-432.000000 144.000000 -16.000000) (-432.000000 320.000000 -16.000000) 
4 113 114 (-432.000000 544.000000 -16.000000) (-432.000000 544.000000 -144.000000) (-432.000000 336.000000 -144.000000) (-432.000000 336.000000 -16.000000) 
4 114 127 (-576.000000 544.000000 -144.000000) (-576.000000 336.000000 -144.000000) (-576.000000 336.000000 -16.000000) (-576.000000 544.000000 -16.000000) 
4 114 115 (-448.000000 336.000000 -16.000000) (-576.000000 336.000000 -16.000000) (-576.000000 336.000000 -144.000000) (-448.000000 336.000000 -144.000000) 
4 115 127 (-576.000000 336.000000 -144.000000) (-576.000000 320.000000 -144.000000) (-576.000000 320.000000 -16.000000) (-576.000000 336.000000 -16.000000) 
4 115 116 (-576.000000 320.000000 -16.000000) (-576.000000 320.000000 -144.000000) (-448.000000 320.000000 -144.000000) (-448.000000 320.000000 -16.000000) 
4 116 127 (-576.000000 320.000000 -144.000000) (-576.000000 144.000000 -144.000000) (-576.000000 144.000000 -16.000000) (-576.000000 320.000000 -16.000000) 
4 116 126 (-576.000000 144.000000 -128.000000) (-576.000000 144.000000 -144.000000) (-432.000000 144.000000 -144.000000) (-432.000000 144.000000 -128.000000) 
4 116 125 (-576.000000 144.000000 -16.000000) (-576.000000 144.000000 -128.000000) (-432.000000 144.000000 -128.000000) (-432.000000 144.000000 -16.000000) 
4 117 120 (-512.000000 144.000000 112.000000) (-432.000000 144.000000 112.000000) (-432.000000 136.000000 112.000000) (-512.000000 136.000000 112.000000) 
4 117 119 (-432.000000 144.000000 112.000000) (-336.000000 144.000000 112.000000) (-336.000000 136.000000 112.000000) (-432.000000 136.000000 112.000000) 
4 117 118 (-336.000000 144.000000 112.000000) (-272.000000 144.000000 112.000000) (-272.000000 136.000000 112.000000) (-336.000000 136.000000 112.000000) 
4 117 121 (-576.000000 136.000000 112.000000) (-576.000000 144.000000 112.000000) (-512.000000 144.000000 112.000000) (-512.000000 136.000000 112.000000) 
4 118 119 (-336.000000 144.000000 112.000000) (-336.000000 144.000000 0.000000) (-336.000000 136.000000 0.000000) (-336.000000 136.000000 112.000000) 
4 119 138 (-432.000000 128.000000 0.000000) (-336.000000 128.000000 0.000000) (-336.000000 128.000000 112.000000) (-432.000000 128.000000 112.000000) 
4 119 120 (-432.000000 136.000000 112.000000) (-432.000000 144.000000 112.000000) (-432.000000 144.000000 0.000000) (-432.000000 136.000000 0.000000) 
4 120 122 (-512.000000 136.000000 0.000000) (-512.000000 144.000000 0.000000) (-448.000000 144.000000 0.000000) (-448.000000 136.000000 0.000000) 
4 120 121 (-512.000000 136.000000 112.000000) (-512.000000 144.000000 112.000000) (-512.000000 144.000000 0.000000) (-512.000000 136.000000 0.000000) 
4 121 141 (-576.000000 128.000000 112.000000) (-576.000000 128.000000 0.000000) (-512.000000 128.000000 0.000000) (-512.000000 128.000000 112.000000) 
4 121 122 (-576.000000 136.000000 0.000000) (-576.000000 144.000000 0.000000) (-512.000000 144.000000 0.000000) (-512.000000 136.000000 0.000000) 
4 122 125 (-576.000000 136.000000 -16.000000) (-576.000000 144.000000 -16.000000) (-448.000000 144.000000 -16.000000) (-448.000000 136.000000 -16.000000) 
4 123 126 (-336.000000 136.000000 -128.000000) (-336.000000 144.000000 -128.000000) (-272.000000 144.000000 -128.000000) (-272.000000 136.000000 -128.000000) 
4 123 124 (-336.000000 136.000000 -16.000000) (-336.000000 144.000000 -16.000000) (-336.000000 144.000000 -128.000000) (-336.000000 136.000000 -128.000000) 
4 124 145 (-336.000000 128.000000 -16.000000) (-432.000000 128.000000 -16.000000) (-432.000000 128.000000 -32.000000) (-336.000000 128.000000 -32.000000) 
4 124 147 (-432.000000 128.000000 -32.000000) (-432.000000 128.000000 -128.000000) (-336.000000 128.000000 -128.000000) (-336.000000 128.000000 -32.000000) 
4 124 126 (-432.000000 136.000000 -128.000000) (-432.000000 144.000000 -128.000000) (-336.000000 144.000000 -128.000000) (-336.000000 136.000000 -128.000000) 
4 124 125 (-432.000000 144.000000 -16.000000) (-432.000000 144.000000 -128.000000) (-432.000000 136.000000 -128.000000) (-432.000000 136.000000 -16.000000) 
4 125 126 (-576.000000 136.000000 -128.000000) (-576.000000 144.000000 -128.000000) (-432.000000 144.000000 -128.000000) (-432.000000 136.000000 -128.000000) 
4 127 128 (-640.000000 144.000000 -144.000000) (-592.000000 144.000000 -144.000000) (-592.000000 144.000000 128.000000) (-640.000000 144.000000 128.000000) 
4 127 130 (-640.000000 896.000000 128.000000) (-640.000000 896.000000 -144.000000) (-640.000000 144.000000 -144.000000) (-640.000000 144.000000 128.000000) 
4 128 178 (-640.000000 128.000000 -128.000000) (-640.000000 128.000000 -144.000000) (-592.000000 128.000000 -144.000000) (-592.000000 128.000000 -128.000000) 
4 128 175 (-640.000000 128.000000 -16.000000) (-640.000000 128.000000 -128.000000) (-592.000000 128.000000 -128.000000) (-592.000000 128.000000 -16.000000) 
4 128 174 (-640.000000 128.000000 0.000000) (-640.000000 128.000000 -16.000000) (-592.000000 128.000000 -16.000000) (-592.000000 128.000000 0.000000) 
4 128 173 (-640.000000 128.000000 112.000000) (-640.000000 128.000000 0.000000) (-592.000000 128.000000 0.000000) (-592.000000 128.000000 112.000000) 
4 128 172 (-592.000000 128.000000 128.000000) (-640.000000 128.000000 128.000000) (-640.000000 128.000000 112.000000) (-592.000000 128.000000 112.000000) 
4 128 130 (-640.000000 144.000000 -144.000000) (-640.000000 128.000000 -144.000000) (-640.000000 128.000000 128.000000) (-640.000000 144.000000 128.000000) 
4 129 181 (-576.000000 128.000000 -160.000000) (-640.000000 128.000000 -160.000000) (-640.000000 128.000000 -256.000000) (-576.000000 128.000000 -256.000000) 
4 129 170 (-256.000000 128.000000 -256.000000) (-256.000000 128.000000 -160.000000) (-576.000000 128.000000 -160.000000) (-576.000000 128.000000 -256.000000) 
4 129 130 (-640.000000 896.000000 -160.000000) (-640.000000 896.000000 -256.000000) (-640.000000 128.000000 -256.000000) (-640.000000 128.000000 -160.000000) 
4 130 182 (-640.000000 128.000000 128.000000) (-1664.000000 128.000000 128.000000) (-1664.000000 128.000000 -256.000000) (-640.000000 128.000000 -256.000000) 
4 131 186 (-1680.000000 128.000000 -256.000000) (-1664.000000 128.000000 -256.000000) (-1664.000000 128.000000 384.000000) (-1680.000000 128.000000 384.000000) 
4 133 183 (-576.000000 -128.000000 128.000000) (-576.000000 -640.000000 128.000000) (-576.000000 -640.000000 384.000000) (-576.000000 -128.000000 384.000000) 
4 133 171 (-576.000000 128.000000 384.000000) (-576.000000 128.000000 128.000000) (-576.000000 -128.000000 128.000000) (-576.000000 -128.000000 384.000000) 
4 133 142 (-272.000000 -144.000000 128.000000) (-576.000000 -144.000000 128.000000) (-576.000000 -128.000000 128.000000) (-272.000000 -128.000000 128.000000) 
4 133 134 (-264.000000 -72.000000 128.000000) (-264.000000 -128.000000 128.000000) (-576.000000 -128.000000 128.000000) (-576.000000 -72.000000 128.000000) 
4 133 143 (-256.000000 -144.000000 128.000000) (-256.000000 -640.000000 128.000000) (-576.000000 -640.000000 128.000000) (-576.000000 -144.000000 128.000000) 
4 134 180 (-576.000000 -80.000000 112.000000) (-576.000000 -128.000000 112.000000) (-576.000000 -128.000000 128.000000) (-576.000000 -80.000000 128.000000) 
4 134 142 (-272.000000 -128.000000 128.000000) (-576.000000 -128.000000 128.000000) (-576.000000 -128.000000 112.000000) (-272.000000 -128.000000 112.000000) 
4 134 140 (-456.000000 -72.000000 112.000000) (-264.000000 -72.000000 112.000000) (-264.000000 -128.000000 112.000000) (-456.000000 -128.000000 112.000000) 
4 134 141 (-576.000000 -128.000000 112.000000) (-576.000000 -72.000000 112.000000) (-456.000000 -72.000000 112.000000) (-456.000000 -128.000000 112.000000) 
4 135 137 (-288.000000 24.000000 0.000000) (-288.000000 -64.000000 0.000000) (-288.000000 -64.000000 96.000000) (-288.000000 24.000000 96.000000) 
4 135 136 (-288.000000 128.000000 96.000000) (-288.000000 128.000000 0.000000) (-288.000000 40.000000 0.000000) (-288.000000 40.000000 96.000000) 
4 136 138 (-296.000000 128.000000 96.000000) (-296.000000 128.000000 0.000000) (-296.000000 40.000000 0.000000) (-296.000000 40.000000 96.000000) 
4 137 138 (-296.000000 24.000000 0.000000) (-296.000000 -64.000000 0.000000) (-296.000000 -64.000000 96.000000) (-296.000000 24.000000 96.000000) 
4 138 139 (-448.000000 -40.000000 112.000000) (-448.000000 128.000000 112.000000) (-448.000000 128.000000 0.000000) (-448.000000 -40.000000 0.000000) 
4 139 141 (-456.000000 -40.000000 112.000000) (-456.000000 128.000000 112.000000) (-456.000000 128.000000 0.000000) (-456.000000 -40.000000 0.000000) 
4 140 144 (-264.000000 -128.000000 0.000000) (-456.000000 -128.000000 0.000000) (-456.000000 -72.000000 0.000000) (-264.000000 -72.000000 0.000000) 
4 140 142 (-272.000000 -128.000000 112.000000) (-456.000000 -128.000000 112.000000) (-456.000000 -128.000000 0.000000) (-272.000000 -128.000000 0.000000) 
4 140 141 (-456.000000 -128.000000 0.000000) (-456.000000 -128.000000 112.000000) (-456.000000 -72.000000 112.000000) (-456.000000 -72.000000 0.000000) 
4 141 180 (-576.000000 -80.000000 0.000000) (-576.000000 -128.000000 0.000000) (-576.000000 -128.000000 112.000000) (-576.000000 -80.000000 112.000000) 
4 141 173 (-576.000000 128.000000 112.000000) (-576.000000 128.000000 0.000000) (-576.000000 -64.000000 0.000000) (-576.000000 -64.000000 112.000000) 
4 141 144 (-576.000000 -128.000000 0.000000) (-576.000000 -72.000000 0.000000) (-456.000000 -72.000000 0.000000) (-456.000000 -128.000000 0.000000) 
4 141 142 (-456.000000 -128.000000 112.000000) (-576.000000 -128.000000 112.000000) (-576.000000 -128.000000 0.000000) (-456.000000 -128.000000 0.000000) 
4 142 183 (-576.000000 -128.000000 0.000000) (-576.000000 -144.000000 0.000000) (-576.000000 -144.000000 128.000000) (-576.000000 -128.000000 128.000000) 
4 142 143 (-576.000000 -144.000000 128.000000) (-576.000000 -144.000000 0.000000) (-272.000000 -144.000000 0.000000) (-272.000000 -144.000000 128.000000) 
4 143 183 (-576.000000 -144.000000 0.000000) (-576.000000 -640.000000 0.000000) (-576.000000 -640.000000 128.000000) (-576.000000 -144.000000 128.000000) 
4 144 180 (-576.000000 -80.000000 -16.000000) (-576.000000 -128.000000 -16.000000) (-576.000000 -128.000000 0.000000) (-576.000000 -80.000000 0.000000) 
4 144 159 (-376.000000 -128.000000 -16.000000) (-576.000000 -128.000000 -16.000000) (-576.000000 -72.000000 -16.000000) (-376.000000 -72.000000 -16.000000) 
4 145 156 (-432.000000 40.000000 -32.000000) (-368.000000 40.000000 -32.000000) (-368.000000 40.000000 -16.000000) (-432.000000 40.000000 -16.000000) 
4 145 148 (-368.000000 40.000000 -32.000000) (-264.000000 40.000000 -32.000000) (-264.000000 40.000000 -16.000000) (-368.000000 40.000000 -16.000000) 
4 145 147 (-432.000000 128.000000 -32.000000) (-264.000000 128.000000 -32.000000) (-264.000000 40.000000 -32.000000) (-432.000000 40.000000 -32.000000) 
4 146 176 (-576.000000 48.000000 -32.000000) (-576.000000 40.000000 -32.000000) (-576.000000 40.000000 -16.000000) (-576.000000 48.000000 -16.000000) 
4 146 158 (-576.000000 40.000000 -16.000000) (-576.000000 40.000000 -32.000000) (-440.000000 40.000000 -32.000000) (-440.000000 40.000000 -16.000000) 
4 146 147 (-576.000000 40.000000 -32.000000) (-576.000000 128.000000 -32.000000) (-440.000000 128.000000 -32.000000) (-440.000000 40.000000 -32.000000) 
4 147 176 (-576.000000 48.000000 -128.000000) (-576.000000 40.000000 -128.000000) (-576.000000 40.000000 -32.000000) (-576.000000 48.000000 -32.000000) 
4 147 156 (-432.000000 40.000000 -128.000000) (-368.000000 40.000000 -128.000000) (-368.000000 40.000000 -32.000000) (-432.000000 40.000000 -32.000000) 
4 147 158 (-576.000000 40.000000 -32.000000) (-576.000000 40.000000 -128.000000) (-440.000000 40.000000 -128.000000) (-440.000000 40.000000 -32.000000) 
4 147 148 (-368.000000 40.000000 -128.000000) (-264.000000 40.000000 -128.000000) (-264.000000 40.000000 -32.000000) (-368.000000 40.000000 -32.000000) 
4 148 156 (-368.000000 40.000000 -16.000000) (-368.000000 40.000000 -128.000000) (-368.000000 24.000000 -128.000000) (-368.000000 24.000000 -16.000000) 
4 148 152 (-368.000000 24.000000 -16.000000) (-368.000000 24.000000 -128.000000) (-272.000000 24.000000 -128.000000) (-272.000000 24.000000 -16.000000) 
4 148 149 (-264.000000 24.000000 -32.000000) (-264.000000 24.000000 -16.000000) (-272.000000 24.000000 -16.000000) (-272.000000 24.000000 -32.000000) 
4 148 150 (-272.000000 24.000000 -128.000000) (-264.000000 24.000000 -128.000000) (-264.000000 24.000000 -32.000000) (-272.000000 24.000000 -32.000000) 
4 149 152 (-272.000000 24.000000 -16.000000) (-272.000000 24.000000 -32.000000) (-272.000000 -64.000000 -32.000000) (-272.000000 -64.000000 -16.000000) 
4 149 150 (-272.000000 -64.000000 -32.000000) (-272.000000 24.000000 -32.000000) (-264.000000 24.000000 -32.000000) (-264.000000 -64.000000 -32.000000) 
4 150 152 (-272.000000 24.000000 -32.000000) (-272.000000 24.000000 -128.000000) (-272.000000 -64.000000 -128.000000) (-272.000000 -64.000000 -32.000000) 
4 151 153 (-272.000000 -72.000000 -128.000000) (-272.000000 -128.000000 -128.000000) (-272.000000 -128.000000 -24.000000) (-272.000000 -72.000000 -24.000000) 
4 152 156 (-368.000000 24.000000 -128.000000) (-368.000000 -64.000000 -128.000000) (-368.000000 -64.000000 -16.000000) (-368.000000 24.000000 -16.000000) 
4 152 153 (-368.000000 -72.000000 -24.000000) (-368.000000 -72.000000 -128.000000) (-272.000000 -72.000000 -128.000000) (-272.000000 -72.000000 -24.000000) 
4 153 155 (-368.000000 -128.000000 -128.000000) (-272.000000 -128.000000 -128.000000) (-272.000000 -128.000000 -24.000000) (-368.000000 -128.000000 -24.000000) 
4 154 155 (-272.000000 -144.000000 -128.000000) (-272.000000 -280.000000 -128.000000) (-272.000000 -280.000000 -24.000000) (-272.000000 -144.000000 -24.000000) 
4 156 157 (-432.000000 24.000000 -128.000000) (-432.000000 -64.000000 -128.000000) (-432.000000 -64.000000 -32.000000) (-432.000000 24.000000 -32.000000) 
4 157 158 (-440.000000 24.000000 -128.000000) (-440.000000 -64.000000 -128.000000) (-440.000000 -64.000000 -32.000000) (-440.000000 24.000000 -32.000000) 
4 158 176 (-576.000000 40.000000 -128.000000) (-576.000000 -48.000000 -128.000000) (-576.000000 -48.000000 -16.000000) (-576.000000 40.000000 -16.000000) 
4 159 184 (-576.000000 -128.000000 -128.000000) (-576.000000 -280.000000 -128.000000) (-576.000000 -280.000000 -16.000000) (-576.000000 -128.000000 -16.000000) 
4 159 180 (-576.000000 -80.000000 -128.000000) (-576.000000 -128.000000 -128.000000) (-576.000000 -128.000000 -16.000000) (-576.000000 -80.000000 -16.000000) 
4 159 164 (-376.000000 -280.000000 -128.000000) (-576.000000 -280.000000 -128.000000) (-576.000000 -72.000000 -128.000000) (-376.000000 -72.000000 -128.000000) 
4 159 161 (-376.000000 -280.000000 -16.000000) (-576.000000 -280.000000 -16.000000) (-576.000000 -280.000000 -128.000000) (-376.000000 -280.000000 -128.000000) 
4 160 163 (-256.000000 -280.000000 -128.000000) (-256.000000 -640.000000 -128.000000) (-264.000000 -640.000000 -128.000000) (-264.000000 -280.000000 -128.000000) 
4 160 162 (-264.000000 -288.000000 -128.000000) (-264.000000 -640.000000 -128.000000) (-264.000000 -640.000000 -16.000000) (-264.000000 -288.000000 -16.000000) 
4 161 184 (-576.000000 -280.000000 -128.000000) (-576.000000 -288.000000 -128.000000) (-576.000000 -288.000000 -16.000000) (-576.000000 -280.000000 -16.000000) 
4 161 165 (-576.000000 -288.000000 -128.000000) (-576.000000 -280.000000 -128.000000) (-368.000000 -280.000000 -128.000000) (-368.000000 -288.000000 -128.000000) 
4 161 162 (-368.000000 -288.000000 -16.000000) (-576.000000 -288.000000 -16.000000) (-576.000000 -288.000000 -128.000000) (-368.000000 -288.000000 -128.000000) 
4 162 184 (-576.000000 -288.000000 -128.000000) (-576.000000 -640.000000 -128.000000) (-576.000000 -640.000000 -16.000000) (-576.000000 -288.000000 -16.000000) 
4 162 165 (-264.000000 -640.000000 -128.000000) (-576.000000 -640.000000 -128.000000) (-576.000000 -288.000000 -128.000000) (-264.000000 -288.000000 -128.000000) 
4 163 167 (-256.000000 -640.000000 -136.000000) (-264.000000 -640.000000 -136.000000) (-264.000000 -144.000000 -136.000000) (-256.000000 -144.000000 -136.000000) 
4 163 165 (-264.000000 -280.000000 -136.000000) (-264.000000 -640.000000 -136.000000) (-264.000000 -640.000000 -128.000000) (-264.000000 -280.000000 -128.000000) 
4 164 184 (-576.000000 -128.000000 -136.000000) (-576.000000 -280.000000 -136.000000) (-576.000000 -280.000000 -128.000000) (-576.000000 -128.000000 -128.000000) 
4 164 180 (-576.000000 -80.000000 -136.000000) (-576.000000 -128.000000 -136.000000) (-576.000000 -128.000000 -128.000000) (-576.000000 -80.000000 -128.000000) 
4 164 168 (-576.000000 -280.000000 -136.000000) (-576.000000 -72.000000 -136.000000) (-368.000000 -72.000000 -136.000000) (-368.000000 -280.000000 -136.000000) 
4 164 165 (-576.000000 -280.000000 -136.000000) (-368.000000 -280.000000 -136.000000) (-368.000000 -280.000000 -128.000000) (-576.000000 -280.000000 -128.000000) 
4 165 184 (-576.000000 -280.000000 -136.000000) (-576.000000 -640.000000 -136.000000) (-576.000000 -640.000000 -128.000000) (-576.000000 -280.000000 -128.000000) 
4 165 167 (-264.000000 -640.000000 -136.000000) (-272.000000 -640.000000 -136.000000) (-272.000000 -280.000000 -136.000000) (-264.000000 -280.000000 -136.000000) 
4 165 168 (-272.000000 -640.000000 -136.000000) (-576.000000 -640.000000 -136.000000) (-576.000000 -280.000000 -136.000000) (-272.000000 -280.000000 -136.000000) 
4 166 168 (-272.000000 -72.000000 -144.000000) (-272.000000 -128.000000 -144.000000) (-272.000000 -128.000000 -136.000000) (-272.000000 -72.000000 -136.000000) 
4 167 169 (-256.000000 -144.000000 -144.000000) (-256.000000 -640.000000 -144.000000) (-272.000000 -640.000000 -144.000000) (-272.000000 -144.000000 -144.000000) 
4 167 168 (-272.000000 -144.000000 -144.000000) (-272.000000 -640.000000 -144.000000) (-272.000000 -640.000000 -136.000000) (-272.000000 -144.000000 -136.000000) 
4 168 184 (-576.000000 -128.000000 -144.000000) (-576.000000 -640.000000 -144.000000) (-576.000000 -640.000000 -136.000000) (-576.000000 -128.000000 -136.000000) 
4 168 180 (-576.000000 -80.000000 -144.000000) (-576.000000 -128.000000 -144.000000) (-576.000000 -128.000000 -136.000000) (-576.000000 -80.000000 -136.000000) 
4 168 169 (-272.000000 -640.000000 -144.000000) (-576.000000 -640.000000 -144.000000) (-576.000000 -128.000000 -144.000000) (-272.000000 -128.000000 -144.000000) 
4 169 184 (-576.000000 -128.000000 -160.000000) (-576.000000 -640.000000 -160.000000) (-576.000000 -640.000000 -144.000000) (-576.000000 -128.000000 -144.000000) 
4 169 170 (-256.000000 -640.000000 -160.000000) (-576.000000 -640.000000 -160.000000) (-576.000000 -128.000000 -160.000000) (-256.000000 -128.000000 -160.000000) 
4 170 184 (-576.000000 -128.000000 -256.000000) (-576.000000 -640.000000 -256.000000) (-576.000000 -640.000000 -160.000000) (-576.000000 -128.000000 -160.000000) 
4 170 181 (-576.000000 128.000000 -160.000000) (-576.000000 128.000000 -256.000000) (-576.000000 -128.000000 -256.000000) (-576.000000 -128.000000 -160.000000) 
4 171 183 (-576.000000 -128.000000 128.000000) (-576.000000 -128.000000 384.000000) (-640.000000 -128.000000 384.000000) (-640.000000 -128.000000 128.000000) 
4 171 185 (-640.000000 -128.000000 384.000000) (-1664.000000 -128.000000 384.000000) (-1664.000000 -128.000000 128.000000) (-640.000000 -128.000000 128.000000) 
4 171 179 (-592.000000 -80.000000 128.000000) (-640.000000 -80.000000 128.000000) (-640.000000 -64.000000 128.000000) (-592.000000 -64.000000 128.000000) 
4 171 180 (-576.000000 -80.000000 128.000000) (-576.000000 -128.000000 128.000000) (-640.000000 -128.000000 128.000000) (-640.000000 -80.000000 128.000000) 
4 171 172 (-640.000000 128.000000 128.000000) (-584.000000 128.000000 128.000000) (-584.000000 -64.000000 128.000000) (-640.000000 -64.000000 128.000000) 
4 171 182 (-1664.000000 -128.000000 128.000000) (-1664.000000 128.000000 128.000000) (-640.000000 128.000000 128.000000) (-640.000000 -128.000000 128.000000) 
4 172 179 (-640.000000 -64.000000 128.000000) (-640.000000 -64.000000 112.000000) (-592.000000 -64.000000 112.000000) (-592.000000 -64.000000 128.000000) 
4 172 173 (-640.000000 -64.000000 112.000000) (-640.000000 128.000000 112.000000) (-584.000000 128.000000 112.000000) (-584.000000 -64.000000 112.000000) 
4 172 182 (-640.000000 128.000000 128.000000) (-640.000000 128.000000 112.000000) (-640.000000 -64.000000 112.000000) (-640.000000 -64.000000 128.000000) 
4 173 179 (-640.000000 -64.000000 112.000000) (-640.000000 -64.000000 0.000000) (-592.000000 -64.000000 0.000000) (-592.000000 -64.000000 112.000000) 
4 173 174 (-640.000000 -64.000000 0.000000) (-640.000000 128.000000 0.000000) (-584.000000 128.000000 0.000000) (-584.000000 -64.000000 0.000000) 
4 173 182 (-640.000000 128.000000 112.000000) (-640.000000 128.000000 0.000000) (-640.000000 -64.000000 0.000000) (-640.000000 -64.000000 112.000000) 
4 174 179 (-640.000000 -64.000000 0.000000) (-640.000000 -64.000000 -16.000000) (-592.000000 -64.000000 -16.000000) (-592.000000 -64.000000 0.000000) 
4 174 177 (-584.000000 -64.000000 -16.000000) (-640.000000 -64.000000 -16.000000) (-640.000000 -48.000000 -16.000000) (-584.000000 -48.000000 -16.000000) 
4 174 176 (-640.000000 -48.000000 -16.000000) (-640.000000 48.000000 -16.000000) (-584.000000 48.000000 -16.000000) (-584.000000 -48.000000 -16.000000) 
4 174 175 (-640.000000 48.000000 -16.000000) (-640.000000 128.000000 -16.000000) (-584.000000 128.000000 -16.000000) (-584.000000 48.000000 -16.000000) 
4 174 182 (-640.000000 128.000000 0.000000) (-640.000000 128.000000 -16.000000) (-640.000000 -64.000000 -16.000000) (-640.000000 -64.000000 0.000000) 
4 175 178 (-640.000000 48.000000 -128.000000) (-640.000000 128.000000 -128.000000) (-584.000000 128.000000 -128.000000) (-584.000000 48.000000 -128.000000) 
4 175 176 (-584.000000 48.000000 -16.000000) (-640.000000 48.000000 -16.000000) (-640.000000 48.000000 -128.000000) (-584.000000 48.000000 -128.000000) 
4 175 182 (-640.000000 128.000000 -16.000000) (-640.000000 128.000000 -128.000000) (-640.000000 48.000000 -128.000000) (-640.000000 48.000000 -16.000000) 
4 176 178 (-640.000000 -48.000000 -128.000000) (-640.000000 48.000000 -128.000000) (-584.000000 48.000000 -128.000000) (-584.000000 -48.000000 -128.000000) 
4 176 177 (-640.000000 -48.000000 -16.000000) (-640.000000 -48.000000 -128.000000) (-584.000000 -48.000000 -128.000000) (-584.000000 -48.000000 -16.000000) 
4 176 182 (-640.000000 48.000000 -128.000000) (-640.000000 -48.000000 -128.000000) (-640.000000 -48.000000 -16.000000) (-640.000000 48.000000 -16.000000) 
4 177 179 (-640.000000 -64.000000 -16.000000) (-640.000000 -64.000000 -128.000000) (-592.000000 -64.000000 -128.000000) (-592.000000 -64.000000 -16.000000) 
4 177 178 (-584.000000 -64.000000 -128.000000) (-640.000000 -64.000000 -128.000000) (-640.000000 -48.000000 -128.000000) (-584.000000 -48.000000 -128.000000) 
4 177 182 (-640.000000 -48.000000 -128.000000) (-640.000000 -64.000000 -128.000000) (-640.000000 -64.000000 -16.000000) (-640.000000 -48.000000 -16.000000) 
4 178 179 (-640.000000 -64.000000 -128.000000) (-640.000000 -64.000000 -144.000000) (-592.000000 -64.000000 -144.000000) (-592.000000 -64.000000 -128.000000) 
4 178 182 (-640.000000 128.000000 -128.000000) (-640.000000 128.000000 -144.000000) (-640.000000 -64.000000 -144.000000) (-640.000000 -64.000000 -128.000000) 
4 179 180 (-640.000000 -80.000000 -144.000000) (-592.000000 -80.000000 -144.000000) (-592.000000 -80.000000 128.000000) (-640.000000 -80.000000 128.000000) 
4 179 182 (-640.000000 -64.000000 -144.000000) (-640.000000 -80.000000 -144.000000) (-640.000000 -80.000000 128.000000) (-640.000000 -64.000000 128.000000) 
4 180 183 (-576.000000 -128.000000 0.000000) (-576.000000 -128.000000 128.000000) (-640.000000 -128.000000 128.000000) (-640.000000 -128.000000 0.000000) 
4 180 184 (-576.000000 -128.000000 -144.000000) (-576.000000 -128.000000 -16.000000) (-640.000000 -128.000000 -16.000000) (-640.000000 -128.000000 -144.000000) 
4 180 182 (-640.000000 -80.000000 -144.000000) (-640.000000 -128.000000 -144.000000) (-640.000000 -128.000000 128.000000) (-640.000000 -80.000000 128.000000) 
4 181 184 (-640.000000 -128.000000 -256.000000) (-576.000000 -128.000000 -256.000000) (-576.000000 -128.000000 -160.000000) (-640.000000 -128.000000 -160.000000) 
4 181 182 (-640.000000 128.000000 -160.000000) (-640.000000 128.000000 -256.000000) (-640.000000 -128.000000 -256.000000) (-640.000000 -128.000000 -160.000000) 
4 182 185 (-1664.000000 -128.000000 -256.000000) (-640.000000 -128.000000 -256.000000) (-640.000000 -128.000000 128.000000) (-1664.000000 -128.000000 128.000000) 
4 183 185 (-640.000000 -128.000000 384.000000) (-640.000000 -128.000000 0.000000) (-640.000000 -640.000000 0.000000) (-640.000000 -640.000000 384.000000) 
4 184 185 (-640.000000 -128.000000 -16.000000) (-640.000000 -128.000000 -256.000000) (-640.000000 -640.000000 -256.000000) (-640.000000 -640.000000 -16.000000) 
