sdHLCSG v1.2.0 64-bit (Jul 11 2024)
seedee's Half-Life Compilation Tools
Based on code modifications by Sean 'Zoner' Cavanaugh and Vluzacn
Based on Valve's version, modified with permission.
Submit detailed bug reports to (github.com/seedee/SDHLT/issues)
-----  BEGIN  sdHLCSG -----
Command line: "C:\Program Files\J.A.C.K\CompilationTools\sdHLCSG_x64.exe" C:\Users\theje\NZP\nzp\maps\weaponTierList -wadinclude jtext -wadinclude jwoc -wadinclude jdev -wadinclude jstuf -wadinclude jdepr 
Arguments: C:\Users\theje\NZP\nzp\maps\weaponTierList -wadinclude jtext -wadinclude jwoc -wadinclude jdev -wadinclude jstuf -wadinclude jdepr -low 
Entering C:\Users\theje\NZP\nzp\maps\weaponTierList.map

Current sdHLCSG Settings
Name                 |  Setting  |  Default
---------------------|-----------|-------------------------
threads               [      12 ] [  Varies ]
verbose               [     off ] [     off ]
log                   [      on ] [      on ]
reset logfile         [      on ] [      on ]
developer             [       0 ] [       0 ]
chart                 [      on ] [      on ]
estimate              [     off ] [     off ]
max texture memory    [ 33554432 ] [ 33554432 ]
max lighting memory   [ 50331648 ] [ 50331648 ]
priority              [     Low ] [  Normal ]

noclip                [     off ] [     off ]
null texture stripping[      on ] [      on ]
clipnode economy mode [     off ] [     off ]
clip hull type        [  simple ] [  simple ]
onlyents              [     off ] [     off ]
wadtextures           [      on ] [      on ]
skyclip               [      on ] [      on ]
hullfile              [    None ] [    None ]
wad.cfg file          [    None ] [    None ]
wad.cfg config name   [    None ] [    None ]
nullfile              [    None ] [    None ]
nullify trigger       [      on ] [      on ]
min surface area      [   0.000 ] [   0.000 ]
brush union threshold [   0.000 ] [   0.000 ]
map scaling           [    None ] [    None ]
light name optimize   [      on ] [      on ]
convert game_text     [      on ] [      on ]
world extent          [   65536 ] [   65536 ]

Loading mapfile wad configuration by default
Wadinclude list
---------------
sdhlt.wad
jtext
jwoc
jdev
jstuf
jdepr
---------------


CreateBrush:
 (0.01 seconds)
CSGBrush:
 (0.07 seconds)

No wad files used by the map
Additional wad files included
-----------------------------
[sdhlt.wad] 1/27 texture (7.69%)
 - /Users/theje/Assets/Jeyphr-s-Wads/SeeDee's Half Life Tools/sdhlt.wad
[JDEV.wad] 5/45 textures (38.46%)
 - /Users/theje/Assets/Jeyphr-s-Wads/Jeyphr's WADS/Half Life and NZP/JDEV.wad
[JSTUF.wad] 1/24 texture (7.69%)
 - /Users/theje/Assets/Jeyphr-s-Wads/Jeyphr's WADS/Half Life and NZP/JSTUF.wad
[JTEXT.wad] 3/229 textures (23.08%)
 - /Users/theje/Assets/Jeyphr-s-Wads/Jeyphr's WADS/Half Life and NZP/JTEXT.wad
[JWOC.wad] 3/265 textures (23.08%)
 - /Users/theje/Assets/Jeyphr-s-Wads/Jeyphr's WADS/Half Life and NZP/JWOC.wad
-----------------------------

Texture usage: 0.19/32.00 MB)

Object names  Objects/Maxobjs  Memory / Maxmem  Fullness
------------  ---------------  ---------------  --------
models              0/512            0/32768    ( 0.0%)
planes            682/32768      13640/655360   ( 2.1%)
vertexes            0/65535          0/786420   ( 0.0%)
nodes               0/32767          0/786408   ( 0.0%)
texinfos          204/32767       8160/1310680  ( 0.6%)
faces               0/65535          0/1310700  ( 0.0%)
* worldfaces        0/32768          0/0        ( 0.0%)
clipnodes           0/32767          0/262136   ( 0.0%)
leaves              0/32760          0/917280   ( 0.0%)
* worldleaves       0/8192           0/0        ( 0.0%)
marksurfaces        0/65535          0/131070   ( 0.0%)
surfedges           0/512000         0/2048000  ( 0.0%)
edges               0/256000         0/1024000  ( 0.0%)
texdata          [variable]     202372/33554432 ( 0.6%)
lightdata        [variable]          0/50331648 ( 0.0%)
visdata          [variable]          0/8388608  ( 0.0%)
entdata          [variable]       6314/2097152  ( 0.3%)
* AllocBlock        0/64             0/0        ( 0.0%)
13 textures referenced
=== Total BSP file data space used: 230486 bytes ===

No wad files required to run the map
0.17 seconds elapsed

-----   END   sdHLCSG -----



sdHLBSP v1.2.0 64-bit (Jul 11 2024)
seedee's Half-Life Compilation Tools
Based on code modifications by Sean 'Zoner' Cavanaugh and Vluzacn
Based on Valve's version, modified with permission.
Submit detailed bug reports to (github.com/seedee/SDHLT/issues)
-----  BEGIN  sdHLBSP -----
Command line: "C:\Program Files\J.A.C.K\CompilationTools\sdHLBSP_x64.exe" C:\Users\theje\NZP\nzp\maps\weaponTierList 
Arguments: C:\Users\theje\NZP\nzp\maps\weaponTierList -low 

Current sdHLBSP Settings
Name               |  Setting  |  Default
-------------------|-----------|-------------------------
threads             [      12 ] [  Varies ]
verbose             [     off ] [     off ]
log                 [      on ] [      on ]
developer           [       0 ] [       0 ]
chart               [      on ] [      on ]
estimate            [     off ] [     off ]
max texture memory  [ 33554432 ] [ 33554432 ]
priority            [     Low ] [  Normal ]

noclip              [     off ] [     off ]
nofill              [     off ] [     off ]
noinsidefill        [     off ] [     off ]
noopt               [     off ] [     off ]
no clipnode merging [     off ] [     off ]
null tex. stripping [      on ] [      on ]
notjunc             [     off ] [     off ]
nobrink             [     off ] [     off ]
subdivide size      [     240 ] [     240 ] (Min 64) (Max 512)
max node size       [    1024 ] [    1024 ] (Min 64) (Max 65536)
remove hull 2       [     off ] [     off ]


SolidBSP [hull 0] 25 (0.00 seconds)
BSP generation successful, writing portal file 'C:\Users\theje\NZP\nzp\maps\weaponTierList.prt'
SolidBSP [hull 1] 29 (0.00 seconds)
SolidBSP [hull 2] 29 (0.00 seconds)
SolidBSP [hull 3] 29 (0.00 seconds)
Reduced 342 clipnodes to 342
Reduced 204 texinfos to 169
Reduced 13 texdatas to 12 (202372 bytes to 196116)
Reduced 682 planes to 144
FixBrinks:
Increased 342 clipnodes to 342.

Object names  Objects/Maxobjs  Memory / Maxmem  Fullness
------------  ---------------  ---------------  --------
models             19/512         1216/32768    ( 3.7%)
planes            144/32768       2880/655360   ( 0.4%)
vertexes          506/65535       6072/786420   ( 0.8%)
nodes             114/32767       2736/786408   ( 0.3%)
texinfos          169/32767       6760/1310680  ( 0.5%)
faces             387/65535       7740/1310700  ( 0.6%)
* worldfaces      370/32768          0/0        ( 1.1%)
clipnodes         342/32767       2736/262136   ( 1.0%)
leaves            110/32760       3080/917280   ( 0.3%)
* worldleaves       1/8192           0/0        ( 0.0%)
marksurfaces      387/65535        774/131070   ( 0.6%)
surfedges        1680/512000      6720/2048000  ( 0.3%)
edges             875/256000      3500/1024000  ( 0.3%)
texdata          [variable]     196116/33554432 ( 0.6%)
lightdata        [variable]          0/50331648 ( 0.0%)
visdata          [variable]          0/8388608  ( 0.0%)
entdata          [variable]       6314/2097152  ( 0.3%)
* AllocBlock        2/64             0/0        ( 3.1%)
12 textures referenced
=== Total BSP file data space used: 246644 bytes ===

No wad files required to run the map
0.10 seconds elapsed

-----   END   sdHLBSP -----



sdHLVIS v1.2.0 64-bit (Jul 11 2024)
seedee's Half-Life Compilation Tools
Based on code modifications by Sean 'Zoner' Cavanaugh and Vluzacn
Based on Valve's version, modified with permission.
Submit detailed bug reports to (github.com/seedee/SDHLT/issues)
-----  BEGIN  sdHLVIS -----
Command line: "C:\Program Files\J.A.C.K\CompilationTools\sdHLVIS_x64.exe" C:\Users\theje\NZP\nzp\maps\weaponTierList 
Arguments: C:\Users\theje\NZP\nzp\maps\weaponTierList -low 
   1 portalleafs
   0 numportals

-= Current sdHLVIS Settings =-
Name               |  Setting  |  Default
-------------------|-----------|-------------------------
threads             [      12 ] [  Varies ]
verbose             [     off ] [     off ]
log                 [      on ] [      on ]
developer           [       0 ] [       0 ]
chart               [      on ] [      on ]
estimate            [     off ] [     off ]
max texture memory  [ 33554432 ] [ 33554432 ]
max vis distance    [       0 ] [       0 ]
priority            [     Low ] [  Normal ]

fast vis            [     off ] [     off ]
full vis            [     off ] [     off ]
nofixprt            [     off ] [     off ]


BasePortalVis:
 (0.00 seconds)
LeafThread:
 (0.00 seconds)
average leafs visible: 1
g_visdatasize:1  compressed from 1

Reading portal file 'C:\Users\theje\NZP\nzp\maps\weaponTierList.prt'
Number of portals in file is 0
No portal coordinates detected in file
Skipping optimization for J.A.C.K. map editor

Object names  Objects/Maxobjs  Memory / Maxmem  Fullness
------------  ---------------  ---------------  --------
models             19/512         1216/32768    ( 3.7%)
planes            144/32768       2880/655360   ( 0.4%)
vertexes          506/65535       6072/786420   ( 0.8%)
nodes             114/32767       2736/786408   ( 0.3%)
texinfos          169/32767       6760/1310680  ( 0.5%)
faces             387/65535       7740/1310700  ( 0.6%)
* worldfaces      370/32768          0/0        ( 1.1%)
clipnodes         342/32767       2736/262136   ( 1.0%)
leaves            110/32760       3080/917280   ( 0.3%)
* worldleaves       1/8192           0/0        ( 0.0%)
marksurfaces      387/65535        774/131070   ( 0.6%)
surfedges        1680/512000      6720/2048000  ( 0.3%)
edges             875/256000      3500/1024000  ( 0.3%)
texdata          [variable]     196116/33554432 ( 0.6%)
lightdata        [variable]          0/50331648 ( 0.0%)
visdata          [variable]          1/8388608  ( 0.0%)
entdata          [variable]       6314/2097152  ( 0.3%)
* AllocBlock        2/64             0/0        ( 3.1%)
12 textures referenced
=== Total BSP file data space used: 246645 bytes ===

No wad files required to run the map
0.01 seconds elapsed

-----   END   sdHLVIS -----



sdHLRAD v1.2.0 64-bit (Jul 11 2024)
seedee's Half-Life Compilation Tools
Based on code modifications by Sean 'Zoner' Cavanaugh and Vluzacn
Based on Valve's version, modified with permission.
Submit detailed bug reports to (github.com/seedee/SDHLT/issues)
-----  BEGIN  sdHLRAD -----
Command line: "C:\Program Files\J.A.C.K\CompilationTools\sdHLRAD_x64.exe" C:\Users\theje\NZP\nzp\maps\weaponTierList 
Arguments: C:\Users\theje\NZP\nzp\maps\weaponTierList -low 

-= Current sdHLRAD Settings =-
Name                | Setting             | Default
--------------------|---------------------|-------------------------
threads              [                12 ] [            Varies ]
verbose              [               off ] [               off ]
log                  [                on ] [                on ]
developer            [                 0 ] [                 0 ]
chart                [                on ] [                on ]
estimate             [               off ] [               off ]
max texture memory   [          33554432 ] [          33554432 ]
max lighting memory  [          50331648 ] [          50331648 ]
priority             [               Low ] [            Normal ]

fast rad             [               off ] [               off ]
vismatrix algorithm  [            Sparse ] [            Sparse ]
pre-25th anniversary [               off ] [               off ]
oversampling (-extra)[               off ] [               off ]
bounces              [                 8 ] [                 8 ]
ambient light        [ 0.000 0.000 0.000 ] [ 0.000 0.000 0.000 ]
light limit threshold[           255.000 ] [           255.000 ]
circus mode          [               off ] [               off ]

smoothing threshold  [            50.000 ] [            50.000 ]
smoothing threshold 2[             0.000 ] [         no change ]
direct threshold     [            10.000 ] [            10.000 ]
direct light scale   [             1.000 ] [             1.000 ]
coring threshold     [             0.010 ] [             0.010 ]
patch interpolation  [                on ] [                on ]

texscale             [                on ] [                on ]
patch subdividing    [                on ] [                on ]
chop value           [            64.000 ] [            64.000 ]
texchop value        [            32.000 ] [            32.000 ]

global fade          [             1.000 ] [             1.000 ]
global texlight gap  [             0.000 ] [             0.000 ]
global light scale   [ 2.000 2.000 2.000 ] [ 2.000 2.000 2.000 ]
global gamma         [ 0.550 0.550 0.550 ] [ 0.550 0.550 0.550 ]
global light scale   [             2.000 ] [             2.000 ]
global sky diffusion [             1.000 ] [             1.000 ]

spread angles        [                on ] [                on ]
opaque brush models  [                on ] [                on ]
opaque studio models [                on ] [                on ]
sky lighting fix     [                on ] [                on ]
incremental          [               off ] [               off ]
dump                 [               off ] [               off ]

colour jitter        [       0.0 0.0 0.0 ] [       0.0 0.0 0.0 ]
monochromatic jitter [       0.0 0.0 0.0 ] [       0.0 0.0 0.0 ]

custom shadows with bounce light
                     [               off ] [               off ]
rgb transfers        [               off ] [               off ]
minimum final light  [                 0 ] [                 0 ]
size of transfer     [         1 (16bit) ] [         1 (16bit) ]
size of rgbtransfer  [         2 (32bit) ] [         2 (32bit) ]
soft sky             [                on ] [                on ]
translucent depth    [             2.000 ] [             2.000 ]
block opaque         [                on ] [                on ]
ignore textures      [               off ] [               off ]
reflectivity gamma   [             1.760 ] [             1.760 ]
reflectivity scale   [             0.700 ] [             0.700 ]
blur size            [             1.500 ] [             1.500 ]
no emitter range     [               off ] [               off ]
wall bleeding fix    [                on ] [                on ]


Load Textures:
12 textures referenced
Reading texlights from 'C:\Program Files\J.A.C.K\CompilationTools\lights.rad'
0 texlights parsed (C:\Program Files\J.A.C.K\CompilationTools\lights.rad)
0 opaque models
0 opaque faces
387 faces
Create Patches : 1680 base patches
26624 square feet [3833888.00 square inches]
20 direct lights and 0 fast direct lights
1 light styles
0 opaque studio models

FindFacePositions:
 (0.03 seconds)
BuildFacelights:
 (0.07 seconds)
BuildVisLeafs:
 (0.11 seconds)
visibility matrix   :   0.7 megs
MakeScales:
 (0.05 seconds)
Transfer Lists :     2106522 :     2.11M transfers
       Indices :       12092 :    11.81k bytes
          Data :     4218084 :     4.02M bytes
Bounce 1 GatherLight:
 (0.01 seconds)
Bounce 2 GatherLight:
 (0.01 seconds)
Bounce 3 GatherLight:
 (0.01 seconds)
Bounce 4 GatherLight:
 (0.01 seconds)
Bounce 5 GatherLight:
 (0.01 seconds)
Bounce 6 GatherLight:
 (0.01 seconds)
Bounce 7 GatherLight:
 (0.01 seconds)
Bounce 8 GatherLight:
 (0.01 seconds)
CreateTriangulations:
 (0.01 seconds)
AddPatchLights:
 (0.05 seconds)
FinalLightFace:
 (0.00 seconds)

Object names  Objects/Maxobjs  Memory / Maxmem  Fullness
------------  ---------------  ---------------  --------
models             19/512         1216/32768    ( 3.7%)
planes            144/32768       2880/655360   ( 0.4%)
vertexes          506/65535       6072/786420   ( 0.8%)
nodes             114/32767       2736/786408   ( 0.3%)
texinfos          169/32767       6760/1310680  ( 0.5%)
faces             387/65535       7740/1310700  ( 0.6%)
* worldfaces      370/32768          0/0        ( 1.1%)
clipnodes         342/32767       2736/262136   ( 1.0%)
leaves            110/32760       3080/917280   ( 0.3%)
* worldleaves       1/8192           0/0        ( 0.0%)
marksurfaces      387/65535        774/131070   ( 0.6%)
surfedges        1680/512000      6720/2048000  ( 0.3%)
edges             875/256000      3500/1024000  ( 0.3%)
texdata          [variable]     196116/33554432 ( 0.6%)
lightdata        [variable]      64263/50331648 ( 0.1%)
visdata          [variable]          1/8388608  ( 0.0%)
entdata          [variable]       6314/2097152  ( 0.3%)
* AllocBlock        2/64             0/0        ( 3.1%)
12 textures referenced
=== Total BSP file data space used: 310908 bytes ===

No wad files required to run the map
0.53 seconds elapsed

-----   END   sdHLRAD -----



